!SESSION 2018-03-09 22:06:34.038 -----------------------------------------------
eclipse.buildId=4.7.1.M20171009-0410
java.version=1.8.0_144
java.vendor=Oracle Corporation
BootLoader constants: OS=macosx, ARCH=x86_64, WS=cocoa, NL=zh_CN
Framework arguments:  -product org.eclipse.epp.package.java.product -keyring /Users/dijin/.eclipse_keyring
Command-line arguments:  -os macosx -ws cocoa -arch x86_64 -product org.eclipse.epp.package.java.product -keyring /Users/dijin/.eclipse_keyring

!ENTRY org.eclipse.core.net 1 0 2018-03-09 22:06:53.520
!MESSAGE System property http.nonProxyHosts has been set to local|*.local|169.254/16|*.169.254/16 by an external source. This value will be overwritten using the values from the preferences

!ENTRY org.eclipse.m2e.logback.appender 2 0 2018-03-09 22:50:39.769
!MESSAGE Exception caught during execution of command '[git, --version]' in '/usr/bin', return code '1', error message 'xcode-select: note: no developer tools were found at '/Applications/Xcode.app', requesting install. Choose an option in the dialog to download the command line developer tools.
'

!ENTRY org.eclipse.m2e.logback.appender 4 0 2018-03-09 22:52:04.470
!MESSAGE Unable to create project from archetype [org.apache.maven.archetypes:maven-archetype-quickstart:1.1]
!STACK 0
org.apache.maven.archetype.old.ArchetypeTemplateProcessingException: Directory app already exists - please run from a clean directory
	at org.apache.maven.archetype.old.DefaultOldArchetype.createArchetype(DefaultOldArchetype.java:245)
	at org.apache.maven.archetype.generator.DefaultArchetypeGenerator.processOldArchetype(DefaultArchetypeGenerator.java:135)
	at org.apache.maven.archetype.generator.DefaultArchetypeGenerator.generateArchetype(DefaultArchetypeGenerator.java:104)
	at org.apache.maven.archetype.generator.DefaultArchetypeGenerator.generateArchetype(DefaultArchetypeGenerator.java:143)
	at org.apache.maven.archetype.generator.DefaultArchetypeGenerator.generateArchetype(DefaultArchetypeGenerator.java:169)
	at org.apache.maven.archetype.DefaultArchetypeManager.generateProjectFromArchetype(DefaultArchetypeManager.java:73)
	at org.eclipse.m2e.core.internal.project.ProjectConfigurationManager.createArchetypeProjects0(ProjectConfigurationManager.java:843)
	at org.eclipse.m2e.core.internal.project.ProjectConfigurationManager$5.call(ProjectConfigurationManager.java:791)
	at org.eclipse.m2e.core.internal.project.ProjectConfigurationManager$5.call(ProjectConfigurationManager.java:1)
	at org.eclipse.m2e.core.internal.embedder.MavenExecutionContext.executeBare(MavenExecutionContext.java:177)
	at org.eclipse.m2e.core.internal.embedder.MavenExecutionContext.execute(MavenExecutionContext.java:151)
	at org.eclipse.m2e.core.internal.embedder.MavenExecutionContext.execute(MavenExecutionContext.java:99)
	at org.eclipse.m2e.core.internal.embedder.MavenImpl.execute(MavenImpl.java:1355)
	at org.eclipse.m2e.core.internal.project.ProjectConfigurationManager.createArchetypeProjects(ProjectConfigurationManager.java:789)
	at org.eclipse.m2e.core.ui.internal.wizards.MavenProjectWizard$5.doCreateMavenProjects(MavenProjectWizard.java:241)
	at org.eclipse.m2e.core.ui.internal.wizards.AbstractCreateMavenProjectJob$1.doCreateMavenProjects(AbstractCreateMavenProjectJob.java:63)
	at org.eclipse.m2e.core.ui.internal.wizards.AbstractCreateMavenProjectsOperation.run(AbstractCreateMavenProjectsOperation.java:73)
	at org.eclipse.m2e.core.ui.internal.wizards.AbstractCreateMavenProjectJob.runInWorkspace(AbstractCreateMavenProjectJob.java:67)
	at org.eclipse.core.internal.resources.InternalWorkspaceJob.run(InternalWorkspaceJob.java:39)
	at org.eclipse.core.internal.jobs.Worker.run(Worker.java:56)

!ENTRY org.eclipse.m2e.core 4 -1 2018-03-09 22:52:04.498
!MESSAGE Unable to create project from archetype [org.apache.maven.archetypes:maven-archetype-quickstart:1.1]
!STACK 0
org.apache.maven.archetype.old.ArchetypeTemplateProcessingException: Directory app already exists - please run from a clean directory
	at org.apache.maven.archetype.old.DefaultOldArchetype.createArchetype(DefaultOldArchetype.java:245)
	at org.apache.maven.archetype.generator.DefaultArchetypeGenerator.processOldArchetype(DefaultArchetypeGenerator.java:135)
	at org.apache.maven.archetype.generator.DefaultArchetypeGenerator.generateArchetype(DefaultArchetypeGenerator.java:104)
	at org.apache.maven.archetype.generator.DefaultArchetypeGenerator.generateArchetype(DefaultArchetypeGenerator.java:143)
	at org.apache.maven.archetype.generator.DefaultArchetypeGenerator.generateArchetype(DefaultArchetypeGenerator.java:169)
	at org.apache.maven.archetype.DefaultArchetypeManager.generateProjectFromArchetype(DefaultArchetypeManager.java:73)
	at org.eclipse.m2e.core.internal.project.ProjectConfigurationManager.createArchetypeProjects0(ProjectConfigurationManager.java:843)
	at org.eclipse.m2e.core.internal.project.ProjectConfigurationManager$5.call(ProjectConfigurationManager.java:791)
	at org.eclipse.m2e.core.internal.project.ProjectConfigurationManager$5.call(ProjectConfigurationManager.java:1)
	at org.eclipse.m2e.core.internal.embedder.MavenExecutionContext.executeBare(MavenExecutionContext.java:177)
	at org.eclipse.m2e.core.internal.embedder.MavenExecutionContext.execute(MavenExecutionContext.java:151)
	at org.eclipse.m2e.core.internal.embedder.MavenExecutionContext.execute(MavenExecutionContext.java:99)
	at org.eclipse.m2e.core.internal.embedder.MavenImpl.execute(MavenImpl.java:1355)
	at org.eclipse.m2e.core.internal.project.ProjectConfigurationManager.createArchetypeProjects(ProjectConfigurationManager.java:789)
	at org.eclipse.m2e.core.ui.internal.wizards.MavenProjectWizard$5.doCreateMavenProjects(MavenProjectWizard.java:241)
	at org.eclipse.m2e.core.ui.internal.wizards.AbstractCreateMavenProjectJob$1.doCreateMavenProjects(AbstractCreateMavenProjectJob.java:63)
	at org.eclipse.m2e.core.ui.internal.wizards.AbstractCreateMavenProjectsOperation.run(AbstractCreateMavenProjectsOperation.java:73)
	at org.eclipse.m2e.core.ui.internal.wizards.AbstractCreateMavenProjectJob.runInWorkspace(AbstractCreateMavenProjectJob.java:67)
	at org.eclipse.core.internal.resources.InternalWorkspaceJob.run(InternalWorkspaceJob.java:39)
	at org.eclipse.core.internal.jobs.Worker.run(Worker.java:56)

!ENTRY org.eclipse.ui.console 4 2 2018-03-09 22:55:55.838
!MESSAGE Problems occurred when invoking code from plug-in: "org.eclipse.ui.console".
!STACK 0
org.eclipse.swt.SWTException: Invalid thread access
	at org.eclipse.swt.SWT.error(SWT.java:4533)
	at org.eclipse.swt.SWT.error(SWT.java:4448)
	at org.eclipse.swt.SWT.error(SWT.java:4419)
	at org.eclipse.swt.widgets.Display.error(Display.java:1089)
	at org.eclipse.swt.widgets.Display.createDisplay(Display.java:840)
	at org.eclipse.swt.widgets.Display.create(Display.java:823)
	at org.eclipse.swt.graphics.Device.<init>(Device.java:129)
	at org.eclipse.swt.widgets.Display.<init>(Display.java:722)
	at org.eclipse.swt.widgets.Display.<init>(Display.java:713)
	at org.eclipse.swt.widgets.Display.getDefault(Display.java:1419)
	at org.eclipse.m2e.core.ui.internal.console.MavenConsoleImpl.dispose(MavenConsoleImpl.java:220)
	at org.eclipse.ui.console.AbstractConsole.destroy(AbstractConsole.java:264)
	at org.eclipse.ui.console.AbstractConsole$Lifecycle.consolesRemoved(AbstractConsole.java:74)
	at org.eclipse.ui.internal.console.ConsoleManager$ConsoleNotifier.run(ConsoleManager.java:160)
	at org.eclipse.core.runtime.SafeRunner.run(SafeRunner.java:42)
	at org.eclipse.ui.internal.console.ConsoleManager$ConsoleNotifier.notify(ConsoleManager.java:181)
	at org.eclipse.ui.internal.console.ConsoleManager.fireUpdate(ConsoleManager.java:280)
	at org.eclipse.ui.internal.console.ConsoleManager.removeConsoles(ConsoleManager.java:259)
	at org.eclipse.ui.console.ConsolePlugin.stop(ConsolePlugin.java:177)
	at org.eclipse.osgi.internal.framework.BundleContextImpl$4.run(BundleContextImpl.java:835)
	at org.eclipse.osgi.internal.framework.BundleContextImpl$4.run(BundleContextImpl.java:1)
	at java.security.AccessController.doPrivileged(Native Method)
	at org.eclipse.osgi.internal.framework.BundleContextImpl.stop(BundleContextImpl.java:828)
	at org.eclipse.osgi.internal.framework.EquinoxBundle.stopWorker0(EquinoxBundle.java:947)
	at org.eclipse.osgi.internal.framework.EquinoxBundle$EquinoxModule.stopWorker(EquinoxBundle.java:314)
	at org.eclipse.osgi.container.Module.doStop(Module.java:636)
	at org.eclipse.osgi.container.Module.stop(Module.java:498)
	at org.eclipse.osgi.container.ModuleContainer$ContainerStartLevel.decStartLevel(ModuleContainer.java:1675)
	at org.eclipse.osgi.container.ModuleContainer$ContainerStartLevel.doContainerStartLevel(ModuleContainer.java:1594)
	at org.eclipse.osgi.container.SystemModule.stopWorker(SystemModule.java:270)
	at org.eclipse.osgi.internal.framework.EquinoxBundle$SystemBundle$EquinoxSystemModule.stopWorker(EquinoxBundle.java:147)
	at org.eclipse.osgi.container.Module.doStop(Module.java:636)
	at org.eclipse.osgi.container.Module.stop(Module.java:498)
	at org.eclipse.osgi.container.SystemModule.stop(SystemModule.java:202)
	at org.eclipse.osgi.internal.framework.EquinoxBundle$SystemBundle$EquinoxSystemModule$1.run(EquinoxBundle.java:165)
	at java.lang.Thread.run(Thread.java:748)

!ENTRY org.eclipse.ui.console 4 120 2018-03-09 22:55:55.839
!MESSAGE An exception occurred during console notification
!STACK 0
org.eclipse.swt.SWTException: Invalid thread access
	at org.eclipse.swt.SWT.error(SWT.java:4533)
	at org.eclipse.swt.SWT.error(SWT.java:4448)
	at org.eclipse.swt.SWT.error(SWT.java:4419)
	at org.eclipse.swt.widgets.Display.error(Display.java:1089)
	at org.eclipse.swt.widgets.Display.createDisplay(Display.java:840)
	at org.eclipse.swt.widgets.Display.create(Display.java:823)
	at org.eclipse.swt.graphics.Device.<init>(Device.java:129)
	at org.eclipse.swt.widgets.Display.<init>(Display.java:722)
	at org.eclipse.swt.widgets.Display.<init>(Display.java:713)
	at org.eclipse.swt.widgets.Display.getDefault(Display.java:1419)
	at org.eclipse.m2e.core.ui.internal.console.MavenConsoleImpl.dispose(MavenConsoleImpl.java:220)
	at org.eclipse.ui.console.AbstractConsole.destroy(AbstractConsole.java:264)
	at org.eclipse.ui.console.AbstractConsole$Lifecycle.consolesRemoved(AbstractConsole.java:74)
	at org.eclipse.ui.internal.console.ConsoleManager$ConsoleNotifier.run(ConsoleManager.java:160)
	at org.eclipse.core.runtime.SafeRunner.run(SafeRunner.java:42)
	at org.eclipse.ui.internal.console.ConsoleManager$ConsoleNotifier.notify(ConsoleManager.java:181)
	at org.eclipse.ui.internal.console.ConsoleManager.fireUpdate(ConsoleManager.java:280)
	at org.eclipse.ui.internal.console.ConsoleManager.removeConsoles(ConsoleManager.java:259)
	at org.eclipse.ui.console.ConsolePlugin.stop(ConsolePlugin.java:177)
	at org.eclipse.osgi.internal.framework.BundleContextImpl$4.run(BundleContextImpl.java:835)
	at org.eclipse.osgi.internal.framework.BundleContextImpl$4.run(BundleContextImpl.java:1)
	at java.security.AccessController.doPrivileged(Native Method)
	at org.eclipse.osgi.internal.framework.BundleContextImpl.stop(BundleContextImpl.java:828)
	at org.eclipse.osgi.internal.framework.EquinoxBundle.stopWorker0(EquinoxBundle.java:947)
	at org.eclipse.osgi.internal.framework.EquinoxBundle$EquinoxModule.stopWorker(EquinoxBundle.java:314)
	at org.eclipse.osgi.container.Module.doStop(Module.java:636)
	at org.eclipse.osgi.container.Module.stop(Module.java:498)
	at org.eclipse.osgi.container.ModuleContainer$ContainerStartLevel.decStartLevel(ModuleContainer.java:1675)
	at org.eclipse.osgi.container.ModuleContainer$ContainerStartLevel.doContainerStartLevel(ModuleContainer.java:1594)
	at org.eclipse.osgi.container.SystemModule.stopWorker(SystemModule.java:270)
	at org.eclipse.osgi.internal.framework.EquinoxBundle$SystemBundle$EquinoxSystemModule.stopWorker(EquinoxBundle.java:147)
	at org.eclipse.osgi.container.Module.doStop(Module.java:636)
	at org.eclipse.osgi.container.Module.stop(Module.java:498)
	at org.eclipse.osgi.container.SystemModule.stop(SystemModule.java:202)
	at org.eclipse.osgi.internal.framework.EquinoxBundle$SystemBundle$EquinoxSystemModule$1.run(EquinoxBundle.java:165)
	at java.lang.Thread.run(Thread.java:748)
!SESSION 2018-03-09 22:55:56.593 -----------------------------------------------
eclipse.buildId=4.7.1.M20171009-0410
java.version=1.8.0_144
java.vendor=Oracle Corporation
BootLoader constants: OS=macosx, ARCH=x86_64, WS=cocoa, NL=zh_CN
Framework arguments:  -product org.eclipse.epp.package.java.product -keyring /Users/dijin/.eclipse_keyring
Command-line arguments:  -os macosx -ws cocoa -arch x86_64 -product org.eclipse.epp.package.java.product -keyring /Users/dijin/.eclipse_keyring

!ENTRY org.eclipse.core.net 1 0 2018-03-09 22:56:02.683
!MESSAGE System property http.nonProxyHosts has been set to local|*.local|169.254/16|*.169.254/16 by an external source. This value will be overwritten using the values from the preferences
!SESSION 2018-03-09 23:02:48.879 -----------------------------------------------
eclipse.buildId=4.7.1.M20171009-0410
java.version=1.8.0_144
java.vendor=Oracle Corporation
BootLoader constants: OS=macosx, ARCH=x86_64, WS=cocoa, NL=zh_CN
Framework arguments:  -product org.eclipse.epp.package.java.product -keyring /Users/dijin/.eclipse_keyring
Command-line arguments:  -os macosx -ws cocoa -arch x86_64 -product org.eclipse.epp.package.java.product -keyring /Users/dijin/.eclipse_keyring

!ENTRY org.eclipse.core.net 1 0 2018-03-09 23:02:55.374
!MESSAGE System property http.nonProxyHosts has been set to local|*.local|169.254/16|*.169.254/16 by an external source. This value will be overwritten using the values from the preferences
!SESSION 2018-03-09 23:03:47.215 -----------------------------------------------
eclipse.buildId=4.7.1.M20171009-0410
java.version=1.8.0_144
java.vendor=Oracle Corporation
BootLoader constants: OS=macosx, ARCH=x86_64, WS=cocoa, NL=zh_CN
Framework arguments:  -product org.eclipse.epp.package.java.product -keyring /Users/dijin/.eclipse_keyring
Command-line arguments:  -os macosx -ws cocoa -arch x86_64 -product org.eclipse.epp.package.java.product -keyring /Users/dijin/.eclipse_keyring

!ENTRY org.eclipse.core.net 1 0 2018-03-09 23:03:59.487
!MESSAGE System property http.nonProxyHosts has been set to local|*.local|169.254/16|*.169.254/16 by an external source. This value will be overwritten using the values from the preferences
!SESSION 2018-03-09 23:08:03.072 -----------------------------------------------
eclipse.buildId=4.7.1.M20171009-0410
java.version=1.8.0_144
java.vendor=Oracle Corporation
BootLoader constants: OS=macosx, ARCH=x86_64, WS=cocoa, NL=zh_CN
Framework arguments:  -product org.eclipse.epp.package.java.product -keyring /Users/dijin/.eclipse_keyring
Command-line arguments:  -os macosx -ws cocoa -arch x86_64 -product org.eclipse.epp.package.java.product -keyring /Users/dijin/.eclipse_keyring

!ENTRY org.eclipse.core.net 1 0 2018-03-09 23:08:08.582
!MESSAGE System property http.nonProxyHosts has been set to local|*.local|169.254/16|*.169.254/16 by an external source. This value will be overwritten using the values from the preferences
!SESSION 2018-03-13 23:25:55.213 -----------------------------------------------
eclipse.buildId=4.7.1.M20171009-0410
java.version=1.8.0_144
java.vendor=Oracle Corporation
BootLoader constants: OS=macosx, ARCH=x86_64, WS=cocoa, NL=zh_CN
Framework arguments:  -product org.eclipse.epp.package.java.product -keyring /Users/dijin/.eclipse_keyring
Command-line arguments:  -os macosx -ws cocoa -arch x86_64 -product org.eclipse.epp.package.java.product -keyring /Users/dijin/.eclipse_keyring

!ENTRY org.eclipse.core.resources 4 567 2018-03-13 23:26:08.648
!MESSAGE Workspace restored, but some problems occurred.
!SUBENTRY 1 org.eclipse.core.resources 4 567 2018-03-13 23:26:08.648
!MESSAGE Could not read metadata for 'app'.
!STACK 1
org.eclipse.core.internal.resources.ResourceException: The project description file (.project) for 'app' is missing.  This file contains important information about the project.  The project will not function properly until this file is restored.
	at org.eclipse.core.internal.localstore.FileSystemResourceManager.read(FileSystemResourceManager.java:901)
	at org.eclipse.core.internal.resources.SaveManager.restoreMetaInfo(SaveManager.java:904)
	at org.eclipse.core.internal.resources.SaveManager.restoreMetaInfo(SaveManager.java:884)
	at org.eclipse.core.internal.resources.SaveManager.restore(SaveManager.java:735)
	at org.eclipse.core.internal.resources.SaveManager.startup(SaveManager.java:1587)
	at org.eclipse.core.internal.resources.Workspace.startup(Workspace.java:2399)
	at org.eclipse.core.internal.resources.Workspace.open(Workspace.java:2156)
	at org.eclipse.core.resources.ResourcesPlugin.start(ResourcesPlugin.java:467)
	at org.eclipse.osgi.internal.framework.BundleContextImpl$3.run(BundleContextImpl.java:779)
	at org.eclipse.osgi.internal.framework.BundleContextImpl$3.run(BundleContextImpl.java:1)
	at java.security.AccessController.doPrivileged(Native Method)
	at org.eclipse.osgi.internal.framework.BundleContextImpl.startActivator(BundleContextImpl.java:772)
	at org.eclipse.osgi.internal.framework.BundleContextImpl.start(BundleContextImpl.java:729)
	at org.eclipse.osgi.internal.framework.EquinoxBundle.startWorker0(EquinoxBundle.java:933)
	at org.eclipse.osgi.internal.framework.EquinoxBundle$EquinoxModule.startWorker(EquinoxBundle.java:309)
	at org.eclipse.osgi.container.Module.doStart(Module.java:581)
	at org.eclipse.osgi.container.Module.start(Module.java:449)
	at org.eclipse.osgi.framework.util.SecureAction.start(SecureAction.java:468)
	at org.eclipse.osgi.internal.hooks.EclipseLazyStarter.postFindLocalClass(EclipseLazyStarter.java:103)
	at org.eclipse.osgi.internal.loader.classpath.ClasspathManager.findLocalClass(ClasspathManager.java:529)
	at org.eclipse.osgi.internal.loader.ModuleClassLoader.findLocalClass(ModuleClassLoader.java:328)
	at org.eclipse.osgi.internal.loader.BundleLoader.findLocalClass(BundleLoader.java:368)
	at org.eclipse.osgi.internal.loader.sources.SingleSourcePackage.loadClass(SingleSourcePackage.java:36)
	at org.eclipse.osgi.internal.loader.BundleLoader.findClassInternal(BundleLoader.java:442)
	at org.eclipse.osgi.internal.loader.BundleLoader.findClass(BundleLoader.java:395)
	at org.eclipse.osgi.internal.loader.BundleLoader.findClass(BundleLoader.java:387)
	at org.eclipse.osgi.internal.loader.ModuleClassLoader.loadClass(ModuleClassLoader.java:150)
	at java.lang.ClassLoader.loadClass(ClassLoader.java:357)
	at org.eclipse.ui.internal.ide.application.IDEApplication.start(IDEApplication.java:152)
	at org.eclipse.equinox.internal.app.EclipseAppHandle.run(EclipseAppHandle.java:196)
	at org.eclipse.core.runtime.internal.adaptor.EclipseAppLauncher.runApplication(EclipseAppLauncher.java:134)
	at org.eclipse.core.runtime.internal.adaptor.EclipseAppLauncher.start(EclipseAppLauncher.java:104)
	at org.eclipse.core.runtime.adaptor.EclipseStarter.run(EclipseStarter.java:388)
	at org.eclipse.core.runtime.adaptor.EclipseStarter.run(EclipseStarter.java:243)
	at sun.reflect.NativeMethodAccessorImpl.invoke0(Native Method)
	at sun.reflect.NativeMethodAccessorImpl.invoke(NativeMethodAccessorImpl.java:62)
	at sun.reflect.DelegatingMethodAccessorImpl.invoke(DelegatingMethodAccessorImpl.java:43)
	at java.lang.reflect.Method.invoke(Method.java:498)
	at org.eclipse.equinox.launcher.Main.invokeFramework(Main.java:653)
	at org.eclipse.equinox.launcher.Main.basicRun(Main.java:590)
	at org.eclipse.equinox.launcher.Main.run(Main.java:1499)
!SUBENTRY 2 org.eclipse.core.resources 4 567 2018-03-13 23:26:08.649
!MESSAGE The project description file (.project) for 'app' is missing.  This file contains important information about the project.  The project will not function properly until this file is restored.

!ENTRY org.eclipse.core.net 1 0 2018-03-13 23:26:09.930
!MESSAGE System property http.nonProxyHosts has been set to local|*.local|169.254/16|*.169.254/16 by an external source. This value will be overwritten using the values from the preferences

!ENTRY org.eclipse.core.resources 4 567 2018-03-13 23:26:20.331
!MESSAGE The project description file (.project) for 'app' is missing.  This file contains important information about the project.  The project will not function properly until this file is restored.

!ENTRY org.eclipse.m2e.logback.appender 4 0 2018-03-13 23:26:51.093
!MESSAGE Project pitest already exists

!ENTRY org.eclipse.m2e.logback.appender 2 0 2018-03-13 23:26:52.991
!MESSAGE The POM for org.pitest:pitest:jar:1.4.0-SNAPSHOT is missing, no dependency information available

!ENTRY org.eclipse.m2e.logback.appender 2 0 2018-03-13 23:26:53.012
!MESSAGE The POM for org.pitest:pitest:jar:tests:1.4.0-SNAPSHOT is missing, no dependency information available

!ENTRY org.eclipse.m2e.logback.appender 2 0 2018-03-13 23:26:56.255
!MESSAGE The POM for org.pitest:pitest:jar:1.4.0-SNAPSHOT is missing, no dependency information available

!ENTRY org.eclipse.m2e.logback.appender 2 0 2018-03-13 23:26:57.418
!MESSAGE CatalogItem org.eclipse.m2e.discovery.lifecyclemapping.m2e-egit does not contain lifecycle mapping metadata

!ENTRY org.eclipse.m2e.logback.appender 2 0 2018-03-13 23:26:57.419
!MESSAGE CatalogItem org.eclipse.m2e.discovery.lifecyclemapping.m2e-subversive does not contain lifecycle mapping metadata

!ENTRY org.eclipse.m2e.logback.appender 2 0 2018-03-13 23:26:57.911
!MESSAGE The POM for org.pitest:pitest:jar:1.4.0-SNAPSHOT is missing, no dependency information available

!ENTRY org.eclipse.m2e.logback.appender 2 0 2018-03-13 23:26:57.942
!MESSAGE The POM for org.pitest:pitest:jar:tests:1.4.0-SNAPSHOT is missing, no dependency information available

!ENTRY org.eclipse.m2e.logback.appender 2 0 2018-03-13 23:26:58.402
!MESSAGE The POM for org.pitest:pitest:jar:1.4.0-SNAPSHOT is missing, no dependency information available

!ENTRY org.eclipse.m2e.logback.appender 2 0 2018-03-13 23:26:58.567
!MESSAGE The POM for org.pitest:pitest:jar:1.4.0-SNAPSHOT is missing, no dependency information available

!ENTRY org.eclipse.m2e.logback.appender 2 0 2018-03-13 23:26:58.573
!MESSAGE The POM for org.pitest:pitest:jar:tests:1.4.0-SNAPSHOT is missing, no dependency information available

!ENTRY org.eclipse.m2e.logback.appender 2 0 2018-03-13 23:26:58.629
!MESSAGE The POM for org.pitest:pitest:jar:1.4.0-SNAPSHOT is missing, no dependency information available

!ENTRY org.eclipse.m2e.logback.appender 2 0 2018-03-13 23:26:58.765
!MESSAGE The POM for org.pitest:pitest:jar:1.4.0-SNAPSHOT is missing, no dependency information available

!ENTRY org.eclipse.m2e.logback.appender 2 0 2018-03-13 23:26:58.933
!MESSAGE The POM for org.pitest:pitest:jar:1.4.0-SNAPSHOT is missing, no dependency information available

!ENTRY org.eclipse.m2e.logback.appender 2 0 2018-03-13 23:26:59.032
!MESSAGE The POM for org.pitest:pitest:jar:1.4.0-SNAPSHOT is missing, no dependency information available

!ENTRY org.eclipse.m2e.logback.appender 2 0 2018-03-13 23:26:59.140
!MESSAGE The POM for org.pitest:pitest:jar:1.4.0-SNAPSHOT is missing, no dependency information available

!ENTRY org.eclipse.m2e.logback.appender 2 0 2018-03-13 23:26:59.804
!MESSAGE The POM for org.pitest:pitest:jar:1.4.0-SNAPSHOT is missing, no dependency information available

!ENTRY org.eclipse.m2e.logback.appender 2 0 2018-03-13 23:27:53.118
!MESSAGE The POM for org.pitest:pitest:jar:1.4.0-SNAPSHOT is missing, no dependency information available

!ENTRY org.eclipse.m2e.logback.appender 2 0 2018-03-13 23:27:53.127
!MESSAGE The POM for org.pitest:pitest:jar:tests:1.4.0-SNAPSHOT is missing, no dependency information available

!ENTRY org.eclipse.m2e.logback.appender 2 0 2018-03-13 23:28:37.066
!MESSAGE The POM for org.pitest:pitest-entry:jar:1.4.0-SNAPSHOT is missing, no dependency information available

!ENTRY org.eclipse.m2e.logback.appender 2 0 2018-03-13 23:28:37.071
!MESSAGE The POM for org.pitest:pitest-entry:jar:tests:1.4.0-SNAPSHOT is missing, no dependency information available

!ENTRY org.eclipse.m2e.logback.appender 2 0 2018-03-13 23:28:37.072
!MESSAGE The POM for org.pitest:pitest:jar:tests:1.4.0-SNAPSHOT is missing, no dependency information available

!ENTRY org.eclipse.m2e.logback.appender 2 0 2018-03-13 23:28:37.220
!MESSAGE The POM for org.pitest:pitest-aggregator:jar:1.4.0-SNAPSHOT is missing, no dependency information available

!ENTRY org.eclipse.m2e.logback.appender 2 0 2018-03-13 23:29:00.441
!MESSAGE The POM for org.pitest:pitest-entry:jar:1.4.0-SNAPSHOT is missing, no dependency information available

!ENTRY org.eclipse.m2e.logback.appender 2 0 2018-03-13 23:29:00.444
!MESSAGE The POM for org.pitest:pitest-entry:jar:tests:1.4.0-SNAPSHOT is missing, no dependency information available

!ENTRY org.eclipse.m2e.logback.appender 2 0 2018-03-13 23:29:00.445
!MESSAGE The POM for org.pitest:pitest:jar:tests:1.4.0-SNAPSHOT is missing, no dependency information available

!ENTRY org.eclipse.m2e.logback.appender 2 0 2018-03-13 23:29:00.468
!MESSAGE The POM for org.pitest:pitest-entry:jar:1.4.0-SNAPSHOT is missing, no dependency information available

!ENTRY org.eclipse.m2e.logback.appender 2 0 2018-03-13 23:29:00.469
!MESSAGE The POM for org.pitest:pitest-entry:jar:tests:1.4.0-SNAPSHOT is missing, no dependency information available

!ENTRY org.eclipse.m2e.logback.appender 2 0 2018-03-13 23:29:00.489
!MESSAGE The POM for org.pitest:pitest-entry:jar:1.4.0-SNAPSHOT is missing, no dependency information available

!ENTRY org.eclipse.m2e.logback.appender 2 0 2018-03-13 23:29:00.492
!MESSAGE The POM for org.pitest:pitest-aggregator:jar:1.4.0-SNAPSHOT is missing, no dependency information available

!ENTRY org.eclipse.m2e.logback.appender 2 0 2018-03-13 23:29:01.104
!MESSAGE The POM for org.pitest:pitest-entry:jar:1.4.0-SNAPSHOT is missing, no dependency information available

!ENTRY org.eclipse.m2e.logback.appender 2 0 2018-03-13 23:29:01.107
!MESSAGE The POM for org.pitest:pitest-aggregator:jar:1.4.0-SNAPSHOT is missing, no dependency information available

!ENTRY org.eclipse.m2e.logback.appender 2 0 2018-03-13 23:29:04.947
!MESSAGE The POM for org.pitest:pitest-entry:jar:1.4.0-SNAPSHOT is missing, no dependency information available

!ENTRY org.eclipse.m2e.logback.appender 2 0 2018-03-13 23:29:04.948
!MESSAGE The POM for org.pitest:pitest-html-report:jar:1.4.0-SNAPSHOT is missing, no dependency information available

!ENTRY org.eclipse.m2e.logback.appender 2 0 2018-03-13 23:29:04.949
!MESSAGE The POM for org.pitest:pitest-aggregator:jar:1.4.0-SNAPSHOT is missing, no dependency information available

!ENTRY org.eclipse.m2e.logback.appender 2 0 2018-03-13 23:29:06.873
!MESSAGE The POM for org.pitest:pitest-entry:jar:1.4.0-SNAPSHOT is missing, no dependency information available

!ENTRY org.eclipse.m2e.logback.appender 2 0 2018-03-13 23:29:06.874
!MESSAGE The POM for org.pitest:pitest-html-report:jar:1.4.0-SNAPSHOT is missing, no dependency information available

!ENTRY org.eclipse.m2e.logback.appender 2 0 2018-03-13 23:29:06.875
!MESSAGE The POM for org.pitest:pitest-aggregator:jar:1.4.0-SNAPSHOT is missing, no dependency information available

!ENTRY org.eclipse.m2e.logback.appender 2 0 2018-03-13 23:29:07.330
!MESSAGE The POM for org.pitest:pitest-entry:jar:1.4.0-SNAPSHOT is missing, no dependency information available

!ENTRY org.eclipse.m2e.logback.appender 2 0 2018-03-13 23:29:07.331
!MESSAGE The POM for org.pitest:pitest-html-report:jar:1.4.0-SNAPSHOT is missing, no dependency information available

!ENTRY org.eclipse.m2e.logback.appender 2 0 2018-03-13 23:29:07.332
!MESSAGE The POM for org.pitest:pitest-aggregator:jar:1.4.0-SNAPSHOT is missing, no dependency information available

!ENTRY org.eclipse.m2e.logback.appender 4 0 2018-03-13 23:52:14.183
!MESSAGE Project pitest already exists

!ENTRY org.eclipse.m2e.discovery 4 0 2018-03-13 23:54:51.909
!MESSAGE Error(s) collecting projects
!SUBENTRY 1 org.eclipse.core.resources 4 372 2018-03-13 23:54:51.909
!MESSAGE Project 'app' is not open.
!SESSION 2018-03-13 23:54:56.178 -----------------------------------------------
eclipse.buildId=4.7.1.M20171009-0410
java.version=1.8.0_144
java.vendor=Oracle Corporation
BootLoader constants: OS=macosx, ARCH=x86_64, WS=cocoa, NL=zh_CN
Framework arguments:  -product org.eclipse.epp.package.java.product -keyring /Users/dijin/.eclipse_keyring
Command-line arguments:  -os macosx -ws cocoa -arch x86_64 -product org.eclipse.epp.package.java.product -keyring /Users/dijin/.eclipse_keyring

!ENTRY org.eclipse.core.net 1 0 2018-03-13 23:55:05.379
!MESSAGE System property http.nonProxyHosts has been set to local|*.local|169.254/16|*.169.254/16 by an external source. This value will be overwritten using the values from the preferences

!ENTRY org.eclipse.m2e.logback.appender 2 0 2018-03-13 23:55:19.460
!MESSAGE The POM for org.pitest:pitest-build-config:jar:1.4.0-SNAPSHOT is missing, no dependency information available

!ENTRY org.eclipse.m2e.logback.appender 4 0 2018-03-13 23:55:33.621
!MESSAGE Could not get configured mojo for org.apache.maven.plugins:maven-checkstyle-plugin:2.15:check {execution: checkstyle}
!STACK 1
org.eclipse.core.runtime.CoreException: Could not get configured mojo for org.apache.maven.plugins:maven-checkstyle-plugin:2.15:check {execution: checkstyle}
	at org.eclipse.m2e.core.internal.embedder.MavenImpl.getConfiguredMojo(MavenImpl.java:364)
	at com.basistech.m2e.code.quality.shared.AbstractMavenPluginProjectConfigurator.getResourceResolver(AbstractMavenPluginProjectConfigurator.java:307)
	at com.basistech.m2e.code.quality.checkstyle.MavenPluginConfigurationTranslator.newInstance(MavenPluginConfigurationTranslator.java:533)
	at com.basistech.m2e.code.quality.checkstyle.EclipseCheckstyleProjectConfigurator.handleProjectConfigurationChange(EclipseCheckstyleProjectConfigurator.java:89)
	at com.basistech.m2e.code.quality.shared.AbstractMavenPluginProjectConfigurator.mavenProjectChanged(AbstractMavenPluginProjectConfigurator.java:181)
	at org.eclipse.m2e.core.internal.project.ProjectConfigurationManager.mavenProjectChanged(ProjectConfigurationManager.java:1036)
	at org.eclipse.m2e.core.internal.project.registry.ProjectRegistryManager.notifyProjectChangeListeners(ProjectRegistryManager.java:783)
	at org.eclipse.m2e.core.internal.project.registry.ProjectRegistryManager.applyMutableProjectRegistry(ProjectRegistryManager.java:930)
	at org.eclipse.m2e.core.internal.project.registry.ProjectRegistryManager.refresh(ProjectRegistryManager.java:300)
	at org.eclipse.m2e.core.internal.project.ProjectConfigurationManager.updateProjectConfiguration0(ProjectConfigurationManager.java:405)
	at org.eclipse.m2e.core.internal.project.ProjectConfigurationManager$2.call(ProjectConfigurationManager.java:352)
	at org.eclipse.m2e.core.internal.project.ProjectConfigurationManager$2.call(ProjectConfigurationManager.java:1)
	at org.eclipse.m2e.core.internal.embedder.MavenExecutionContext.executeBare(MavenExecutionContext.java:177)
	at org.eclipse.m2e.core.internal.embedder.MavenExecutionContext.execute(MavenExecutionContext.java:151)
	at org.eclipse.m2e.core.internal.embedder.MavenExecutionContext.execute(MavenExecutionContext.java:99)
	at org.eclipse.m2e.core.internal.embedder.MavenImpl.execute(MavenImpl.java:1351)
	at org.eclipse.m2e.core.internal.project.ProjectConfigurationManager.updateProjectConfiguration(ProjectConfigurationManager.java:349)
	at org.eclipse.m2e.core.ui.internal.UpdateMavenProjectJob.runInWorkspace(UpdateMavenProjectJob.java:77)
	at org.eclipse.core.internal.resources.InternalWorkspaceJob.run(InternalWorkspaceJob.java:39)
	at org.eclipse.core.internal.jobs.Worker.run(Worker.java:56)
Caused by: org.apache.maven.plugin.PluginResolutionException: Plugin org.apache.maven.plugins:maven-checkstyle-plugin:2.15 or one of its dependencies could not be resolved: Could not find artifact org.pitest:pitest-build-config:jar:1.4.0-SNAPSHOT in apache.snapshots (http://repository.apache.org/snapshots)
	at org.apache.maven.plugin.internal.DefaultPluginDependenciesResolver.resolveInternal(DefaultPluginDependenciesResolver.java:218)
	at org.apache.maven.plugin.internal.DefaultPluginDependenciesResolver.resolve(DefaultPluginDependenciesResolver.java:149)
	at org.eclipse.m2e.core.internal.project.registry.EclipsePluginDependenciesResolver.resolve(EclipsePluginDependenciesResolver.java:59)
	at org.apache.maven.plugin.internal.DefaultMavenPluginManager.createPluginRealm(DefaultMavenPluginManager.java:400)
	at org.apache.maven.plugin.internal.DefaultMavenPluginManager.setupPluginRealm(DefaultMavenPluginManager.java:372)
	at org.apache.maven.plugin.DefaultBuildPluginManager.getPluginRealm(DefaultBuildPluginManager.java:231)
	at org.eclipse.m2e.core.internal.embedder.MavenImpl.getConfiguredMojo(MavenImpl.java:352)
	... 19 more
Caused by: org.eclipse.aether.resolution.ArtifactResolutionException: Could not find artifact org.pitest:pitest-build-config:jar:1.4.0-SNAPSHOT in apache.snapshots (http://repository.apache.org/snapshots)
	at org.eclipse.aether.internal.impl.DefaultArtifactResolver.resolve(DefaultArtifactResolver.java:444)
	at org.eclipse.aether.internal.impl.DefaultArtifactResolver.resolveArtifacts(DefaultArtifactResolver.java:246)
	at org.eclipse.aether.internal.impl.DefaultRepositorySystem.resolveDependencies(DefaultRepositorySystem.java:367)
	at org.apache.maven.plugin.internal.DefaultPluginDependenciesResolver.resolveInternal(DefaultPluginDependenciesResolver.java:210)
	... 25 more
Caused by: org.eclipse.aether.transfer.ArtifactNotFoundException: Could not find artifact org.pitest:pitest-build-config:jar:1.4.0-SNAPSHOT in apache.snapshots (http://repository.apache.org/snapshots)
	at io.takari.aether.connector.AetherRepositoryConnector$2.wrap(AetherRepositoryConnector.java:893)
	at io.takari.aether.connector.AetherRepositoryConnector$2.wrap(AetherRepositoryConnector.java:1)
	at io.takari.aether.connector.AetherRepositoryConnector$GetTask.flush(AetherRepositoryConnector.java:673)
	at io.takari.aether.connector.AetherRepositoryConnector.get(AetherRepositoryConnector.java:310)
	at org.eclipse.aether.internal.impl.DefaultArtifactResolver.performDownloads(DefaultArtifactResolver.java:520)
	at org.eclipse.aether.internal.impl.DefaultArtifactResolver.resolve(DefaultArtifactResolver.java:421)
	... 28 more
!SUBENTRY 1 org.eclipse.m2e.core 4 -1 2018-03-13 23:55:33.623
!MESSAGE Could not get configured mojo for org.apache.maven.plugins:maven-checkstyle-plugin:2.15:check {execution: checkstyle}
!STACK 0
org.apache.maven.plugin.PluginResolutionException: Plugin org.apache.maven.plugins:maven-checkstyle-plugin:2.15 or one of its dependencies could not be resolved: Could not find artifact org.pitest:pitest-build-config:jar:1.4.0-SNAPSHOT in apache.snapshots (http://repository.apache.org/snapshots)
	at org.apache.maven.plugin.internal.DefaultPluginDependenciesResolver.resolveInternal(DefaultPluginDependenciesResolver.java:218)
	at org.apache.maven.plugin.internal.DefaultPluginDependenciesResolver.resolve(DefaultPluginDependenciesResolver.java:149)
	at org.eclipse.m2e.core.internal.project.registry.EclipsePluginDependenciesResolver.resolve(EclipsePluginDependenciesResolver.java:59)
	at org.apache.maven.plugin.internal.DefaultMavenPluginManager.createPluginRealm(DefaultMavenPluginManager.java:400)
	at org.apache.maven.plugin.internal.DefaultMavenPluginManager.setupPluginRealm(DefaultMavenPluginManager.java:372)
	at org.apache.maven.plugin.DefaultBuildPluginManager.getPluginRealm(DefaultBuildPluginManager.java:231)
	at org.eclipse.m2e.core.internal.embedder.MavenImpl.getConfiguredMojo(MavenImpl.java:352)
	at com.basistech.m2e.code.quality.shared.AbstractMavenPluginProjectConfigurator.getResourceResolver(AbstractMavenPluginProjectConfigurator.java:307)
	at com.basistech.m2e.code.quality.checkstyle.MavenPluginConfigurationTranslator.newInstance(MavenPluginConfigurationTranslator.java:533)
	at com.basistech.m2e.code.quality.checkstyle.EclipseCheckstyleProjectConfigurator.handleProjectConfigurationChange(EclipseCheckstyleProjectConfigurator.java:89)
	at com.basistech.m2e.code.quality.shared.AbstractMavenPluginProjectConfigurator.mavenProjectChanged(AbstractMavenPluginProjectConfigurator.java:181)
	at org.eclipse.m2e.core.internal.project.ProjectConfigurationManager.mavenProjectChanged(ProjectConfigurationManager.java:1036)
	at org.eclipse.m2e.core.internal.project.registry.ProjectRegistryManager.notifyProjectChangeListeners(ProjectRegistryManager.java:783)
	at org.eclipse.m2e.core.internal.project.registry.ProjectRegistryManager.applyMutableProjectRegistry(ProjectRegistryManager.java:930)
	at org.eclipse.m2e.core.internal.project.registry.ProjectRegistryManager.refresh(ProjectRegistryManager.java:300)
	at org.eclipse.m2e.core.internal.project.ProjectConfigurationManager.updateProjectConfiguration0(ProjectConfigurationManager.java:405)
	at org.eclipse.m2e.core.internal.project.ProjectConfigurationManager$2.call(ProjectConfigurationManager.java:352)
	at org.eclipse.m2e.core.internal.project.ProjectConfigurationManager$2.call(ProjectConfigurationManager.java:1)
	at org.eclipse.m2e.core.internal.embedder.MavenExecutionContext.executeBare(MavenExecutionContext.java:177)
	at org.eclipse.m2e.core.internal.embedder.MavenExecutionContext.execute(MavenExecutionContext.java:151)
	at org.eclipse.m2e.core.internal.embedder.MavenExecutionContext.execute(MavenExecutionContext.java:99)
	at org.eclipse.m2e.core.internal.embedder.MavenImpl.execute(MavenImpl.java:1351)
	at org.eclipse.m2e.core.internal.project.ProjectConfigurationManager.updateProjectConfiguration(ProjectConfigurationManager.java:349)
	at org.eclipse.m2e.core.ui.internal.UpdateMavenProjectJob.runInWorkspace(UpdateMavenProjectJob.java:77)
	at org.eclipse.core.internal.resources.InternalWorkspaceJob.run(InternalWorkspaceJob.java:39)
	at org.eclipse.core.internal.jobs.Worker.run(Worker.java:56)
Caused by: org.eclipse.aether.resolution.ArtifactResolutionException: Could not find artifact org.pitest:pitest-build-config:jar:1.4.0-SNAPSHOT in apache.snapshots (http://repository.apache.org/snapshots)
	at org.eclipse.aether.internal.impl.DefaultArtifactResolver.resolve(DefaultArtifactResolver.java:444)
	at org.eclipse.aether.internal.impl.DefaultArtifactResolver.resolveArtifacts(DefaultArtifactResolver.java:246)
	at org.eclipse.aether.internal.impl.DefaultRepositorySystem.resolveDependencies(DefaultRepositorySystem.java:367)
	at org.apache.maven.plugin.internal.DefaultPluginDependenciesResolver.resolveInternal(DefaultPluginDependenciesResolver.java:210)
	... 25 more
Caused by: org.eclipse.aether.transfer.ArtifactNotFoundException: Could not find artifact org.pitest:pitest-build-config:jar:1.4.0-SNAPSHOT in apache.snapshots (http://repository.apache.org/snapshots)
	at io.takari.aether.connector.AetherRepositoryConnector$2.wrap(AetherRepositoryConnector.java:893)
	at io.takari.aether.connector.AetherRepositoryConnector$2.wrap(AetherRepositoryConnector.java:1)
	at io.takari.aether.connector.AetherRepositoryConnector$GetTask.flush(AetherRepositoryConnector.java:673)
	at io.takari.aether.connector.AetherRepositoryConnector.get(AetherRepositoryConnector.java:310)
	at org.eclipse.aether.internal.impl.DefaultArtifactResolver.performDownloads(DefaultArtifactResolver.java:520)
	at org.eclipse.aether.internal.impl.DefaultArtifactResolver.resolve(DefaultArtifactResolver.java:421)
	... 28 more

!ENTRY org.eclipse.m2e.logback.appender 2 0 2018-03-13 23:55:33.936
!MESSAGE The POM for org.pitest:pitest-build-config:jar:1.4.0-SNAPSHOT is missing, no dependency information available

!ENTRY org.eclipse.m2e.core 4 -1 2018-03-13 23:55:34.323
!MESSAGE Could not get configured mojo for org.apache.maven.plugins:maven-checkstyle-plugin:2.15:check {execution: checkstyle}
!STACK 0
org.apache.maven.plugin.PluginResolutionException: Plugin org.apache.maven.plugins:maven-checkstyle-plugin:2.15 or one of its dependencies could not be resolved: Failure to find org.pitest:pitest-build-config:jar:1.4.0-SNAPSHOT in http://repository.apache.org/snapshots was cached in the local repository, resolution will not be reattempted until the update interval of apache.snapshots has elapsed or updates are forced
	at org.apache.maven.plugin.internal.DefaultPluginDependenciesResolver.resolveInternal(DefaultPluginDependenciesResolver.java:218)
	at org.apache.maven.plugin.internal.DefaultPluginDependenciesResolver.resolve(DefaultPluginDependenciesResolver.java:149)
	at org.eclipse.m2e.core.internal.project.registry.EclipsePluginDependenciesResolver.resolve(EclipsePluginDependenciesResolver.java:59)
	at org.apache.maven.plugin.internal.DefaultMavenPluginManager.createPluginRealm(DefaultMavenPluginManager.java:400)
	at org.apache.maven.plugin.internal.DefaultMavenPluginManager.setupPluginRealm(DefaultMavenPluginManager.java:372)
	at org.apache.maven.plugin.DefaultBuildPluginManager.getPluginRealm(DefaultBuildPluginManager.java:231)
	at org.eclipse.m2e.core.internal.embedder.MavenImpl.getConfiguredMojo(MavenImpl.java:352)
	at com.basistech.m2e.code.quality.shared.AbstractMavenPluginProjectConfigurator.getResourceResolver(AbstractMavenPluginProjectConfigurator.java:307)
	at com.basistech.m2e.code.quality.checkstyle.MavenPluginConfigurationTranslator.newInstance(MavenPluginConfigurationTranslator.java:533)
	at com.basistech.m2e.code.quality.checkstyle.EclipseCheckstyleProjectConfigurator.handleProjectConfigurationChange(EclipseCheckstyleProjectConfigurator.java:89)
	at com.basistech.m2e.code.quality.shared.AbstractMavenPluginProjectConfigurator.configure(AbstractMavenPluginProjectConfigurator.java:137)
	at org.eclipse.m2e.core.project.configurator.AbstractLifecycleMapping.configure(AbstractLifecycleMapping.java:120)
	at org.eclipse.m2e.core.internal.project.ProjectConfigurationManager$3.call(ProjectConfigurationManager.java:508)
	at org.eclipse.m2e.core.internal.project.ProjectConfigurationManager$3.call(ProjectConfigurationManager.java:1)
	at org.eclipse.m2e.core.internal.embedder.MavenExecutionContext.executeBare(MavenExecutionContext.java:177)
	at org.eclipse.m2e.core.internal.embedder.MavenExecutionContext.execute(MavenExecutionContext.java:151)
	at org.eclipse.m2e.core.internal.project.ProjectConfigurationManager.updateProjectConfiguration(ProjectConfigurationManager.java:501)
	at org.eclipse.m2e.core.internal.project.ProjectConfigurationManager.updateProjectConfiguration0(ProjectConfigurationManager.java:439)
	at org.eclipse.m2e.core.internal.project.ProjectConfigurationManager$2.call(ProjectConfigurationManager.java:352)
	at org.eclipse.m2e.core.internal.project.ProjectConfigurationManager$2.call(ProjectConfigurationManager.java:1)
	at org.eclipse.m2e.core.internal.embedder.MavenExecutionContext.executeBare(MavenExecutionContext.java:177)
	at org.eclipse.m2e.core.internal.embedder.MavenExecutionContext.execute(MavenExecutionContext.java:151)
	at org.eclipse.m2e.core.internal.embedder.MavenExecutionContext.execute(MavenExecutionContext.java:99)
	at org.eclipse.m2e.core.internal.embedder.MavenImpl.execute(MavenImpl.java:1351)
	at org.eclipse.m2e.core.internal.project.ProjectConfigurationManager.updateProjectConfiguration(ProjectConfigurationManager.java:349)
	at org.eclipse.m2e.core.ui.internal.UpdateMavenProjectJob.runInWorkspace(UpdateMavenProjectJob.java:77)
	at org.eclipse.core.internal.resources.InternalWorkspaceJob.run(InternalWorkspaceJob.java:39)
	at org.eclipse.core.internal.jobs.Worker.run(Worker.java:56)
Caused by: org.eclipse.aether.resolution.ArtifactResolutionException: Failure to find org.pitest:pitest-build-config:jar:1.4.0-SNAPSHOT in http://repository.apache.org/snapshots was cached in the local repository, resolution will not be reattempted until the update interval of apache.snapshots has elapsed or updates are forced
	at org.eclipse.aether.internal.impl.DefaultArtifactResolver.resolve(DefaultArtifactResolver.java:444)
	at org.eclipse.aether.internal.impl.DefaultArtifactResolver.resolveArtifacts(DefaultArtifactResolver.java:246)
	at org.eclipse.aether.internal.impl.DefaultRepositorySystem.resolveDependencies(DefaultRepositorySystem.java:367)
	at org.apache.maven.plugin.internal.DefaultPluginDependenciesResolver.resolveInternal(DefaultPluginDependenciesResolver.java:210)
	... 27 more
Caused by: org.eclipse.aether.transfer.ArtifactNotFoundException: Failure to find org.pitest:pitest-build-config:jar:1.4.0-SNAPSHOT in http://repository.apache.org/snapshots was cached in the local repository, resolution will not be reattempted until the update interval of apache.snapshots has elapsed or updates are forced
	at org.eclipse.aether.internal.impl.DefaultUpdateCheckManager.newException(DefaultUpdateCheckManager.java:231)
	at org.eclipse.aether.internal.impl.DefaultUpdateCheckManager.checkArtifact(DefaultUpdateCheckManager.java:206)
	at org.eclipse.aether.internal.impl.DefaultArtifactResolver.gatherDownloads(DefaultArtifactResolver.java:585)
	at org.eclipse.aether.internal.impl.DefaultArtifactResolver.performDownloads(DefaultArtifactResolver.java:503)
	at org.eclipse.aether.internal.impl.DefaultArtifactResolver.resolve(DefaultArtifactResolver.java:421)
	... 30 more

!ENTRY org.eclipse.jdt.core 4 4 2018-03-16 13:36:23.095
!MESSAGE JavaBuilder handling CoreException
!STACK 1
org.eclipse.core.internal.resources.ResourceException: File not found: /Users/dijin/Library/Mobile Documents/com~apple~CloudDocs/GitHub/CS6367/pitest/pitest/target/classes/org/pitest/mutationtest/engine/gregor/Mymutators/MathMethodVisitor.class.
	at org.eclipse.core.internal.localstore.FileSystemResourceManager.read(FileSystemResourceManager.java:836)
	at org.eclipse.core.internal.resources.File.getContents(File.java:277)
	at org.eclipse.jdt.internal.core.util.Util.getResourceContentsAsByteArray(Util.java:1140)
	at org.eclipse.jdt.internal.core.builder.IncrementalImageBuilder.writeClassFileCheck(IncrementalImageBuilder.java:892)
	at org.eclipse.jdt.internal.core.builder.IncrementalImageBuilder.writeClassFileContents(IncrementalImageBuilder.java:834)
	at org.eclipse.jdt.internal.core.builder.AbstractImageBuilder.writeClassFile(AbstractImageBuilder.java:864)
	at org.eclipse.jdt.internal.core.builder.AbstractImageBuilder.acceptResult(AbstractImageBuilder.java:191)
	at org.eclipse.jdt.internal.compiler.Compiler.processCompiledUnits(Compiler.java:611)
	at org.eclipse.jdt.internal.compiler.Compiler.compile(Compiler.java:468)
	at org.eclipse.jdt.internal.compiler.Compiler.compile(Compiler.java:419)
	at org.eclipse.jdt.internal.core.builder.AbstractImageBuilder.compile(AbstractImageBuilder.java:372)
	at org.eclipse.jdt.internal.core.builder.IncrementalImageBuilder.compile(IncrementalImageBuilder.java:331)
	at org.eclipse.jdt.internal.core.builder.AbstractImageBuilder.compile(AbstractImageBuilder.java:305)
	at org.eclipse.jdt.internal.core.builder.IncrementalImageBuilder.build(IncrementalImageBuilder.java:136)
	at org.eclipse.jdt.internal.core.builder.JavaBuilder.buildDeltas(JavaBuilder.java:267)
	at org.eclipse.jdt.internal.core.builder.JavaBuilder.build(JavaBuilder.java:195)
	at org.eclipse.core.internal.events.BuildManager$2.run(BuildManager.java:735)
	at org.eclipse.core.runtime.SafeRunner.run(SafeRunner.java:42)
	at org.eclipse.core.internal.events.BuildManager.basicBuild(BuildManager.java:206)
	at org.eclipse.core.internal.events.BuildManager.basicBuild(BuildManager.java:246)
	at org.eclipse.core.internal.events.BuildManager$1.run(BuildManager.java:301)
	at org.eclipse.core.runtime.SafeRunner.run(SafeRunner.java:42)
	at org.eclipse.core.internal.events.BuildManager.basicBuild(BuildManager.java:304)
	at org.eclipse.core.internal.events.BuildManager.basicBuildLoop(BuildManager.java:360)
	at org.eclipse.core.internal.events.BuildManager.build(BuildManager.java:383)
	at org.eclipse.core.internal.events.AutoBuildJob.doBuild(AutoBuildJob.java:142)
	at org.eclipse.core.internal.events.AutoBuildJob.run(AutoBuildJob.java:232)
	at org.eclipse.core.internal.jobs.Worker.run(Worker.java:56)
!SUBENTRY 1 org.eclipse.core.resources 4 368 2018-03-16 13:36:23.096
!MESSAGE File not found: /Users/dijin/Library/Mobile Documents/com~apple~CloudDocs/GitHub/CS6367/pitest/pitest/target/classes/org/pitest/mutationtest/engine/gregor/Mymutators/MathMethodVisitor.class.

!ENTRY org.eclipse.jdt.core 4 4 2018-03-16 13:36:23.099
!MESSAGE JavaBuilder handling CoreException
!STACK 1
org.eclipse.core.internal.resources.ResourceException: File not found: /Users/dijin/Library/Mobile Documents/com~apple~CloudDocs/GitHub/CS6367/pitest/pitest/target/classes/org/pitest/mutationtest/engine/gregor/Mymutators/AOD.class.
	at org.eclipse.core.internal.localstore.FileSystemResourceManager.read(FileSystemResourceManager.java:836)
	at org.eclipse.core.internal.resources.File.getContents(File.java:277)
	at org.eclipse.jdt.internal.core.util.Util.getResourceContentsAsByteArray(Util.java:1140)
	at org.eclipse.jdt.internal.core.builder.IncrementalImageBuilder.writeClassFileCheck(IncrementalImageBuilder.java:892)
	at org.eclipse.jdt.internal.core.builder.IncrementalImageBuilder.writeClassFileContents(IncrementalImageBuilder.java:834)
	at org.eclipse.jdt.internal.core.builder.AbstractImageBuilder.writeClassFile(AbstractImageBuilder.java:864)
	at org.eclipse.jdt.internal.core.builder.AbstractImageBuilder.acceptResult(AbstractImageBuilder.java:191)
	at org.eclipse.jdt.internal.compiler.Compiler.processCompiledUnits(Compiler.java:611)
	at org.eclipse.jdt.internal.compiler.Compiler.compile(Compiler.java:468)
	at org.eclipse.jdt.internal.compiler.Compiler.compile(Compiler.java:419)
	at org.eclipse.jdt.internal.core.builder.AbstractImageBuilder.compile(AbstractImageBuilder.java:372)
	at org.eclipse.jdt.internal.core.builder.IncrementalImageBuilder.compile(IncrementalImageBuilder.java:331)
	at org.eclipse.jdt.internal.core.builder.AbstractImageBuilder.compile(AbstractImageBuilder.java:305)
	at org.eclipse.jdt.internal.core.builder.IncrementalImageBuilder.build(IncrementalImageBuilder.java:136)
	at org.eclipse.jdt.internal.core.builder.JavaBuilder.buildDeltas(JavaBuilder.java:267)
	at org.eclipse.jdt.internal.core.builder.JavaBuilder.build(JavaBuilder.java:195)
	at org.eclipse.core.internal.events.BuildManager$2.run(BuildManager.java:735)
	at org.eclipse.core.runtime.SafeRunner.run(SafeRunner.java:42)
	at org.eclipse.core.internal.events.BuildManager.basicBuild(BuildManager.java:206)
	at org.eclipse.core.internal.events.BuildManager.basicBuild(BuildManager.java:246)
	at org.eclipse.core.internal.events.BuildManager$1.run(BuildManager.java:301)
	at org.eclipse.core.runtime.SafeRunner.run(SafeRunner.java:42)
	at org.eclipse.core.internal.events.BuildManager.basicBuild(BuildManager.java:304)
	at org.eclipse.core.internal.events.BuildManager.basicBuildLoop(BuildManager.java:360)
	at org.eclipse.core.internal.events.BuildManager.build(BuildManager.java:383)
	at org.eclipse.core.internal.events.AutoBuildJob.doBuild(AutoBuildJob.java:142)
	at org.eclipse.core.internal.events.AutoBuildJob.run(AutoBuildJob.java:232)
	at org.eclipse.core.internal.jobs.Worker.run(Worker.java:56)
!SUBENTRY 1 org.eclipse.core.resources 4 368 2018-03-16 13:36:23.099
!MESSAGE File not found: /Users/dijin/Library/Mobile Documents/com~apple~CloudDocs/GitHub/CS6367/pitest/pitest/target/classes/org/pitest/mutationtest/engine/gregor/Mymutators/AOD.class.

!ENTRY org.eclipse.jdt.core 4 4 2018-03-16 13:36:23.149
!MESSAGE JavaBuilder handling CoreException
!STACK 1
org.eclipse.core.internal.resources.ResourceException: File not found: /Users/dijin/Library/Mobile Documents/com~apple~CloudDocs/GitHub/CS6367/pitest/pitest/target/classes/org/pitest/mutationtest/engine/gregor/config/Mutator.class.
	at org.eclipse.core.internal.localstore.FileSystemResourceManager.read(FileSystemResourceManager.java:836)
	at org.eclipse.core.internal.resources.File.getContents(File.java:277)
	at org.eclipse.jdt.internal.core.util.Util.getResourceContentsAsByteArray(Util.java:1140)
	at org.eclipse.jdt.internal.core.builder.IncrementalImageBuilder.writeClassFileCheck(IncrementalImageBuilder.java:892)
	at org.eclipse.jdt.internal.core.builder.IncrementalImageBuilder.writeClassFileContents(IncrementalImageBuilder.java:834)
	at org.eclipse.jdt.internal.core.builder.AbstractImageBuilder.writeClassFile(AbstractImageBuilder.java:864)
	at org.eclipse.jdt.internal.core.builder.AbstractImageBuilder.acceptResult(AbstractImageBuilder.java:191)
	at org.eclipse.jdt.internal.compiler.Compiler.processCompiledUnits(Compiler.java:611)
	at org.eclipse.jdt.internal.compiler.Compiler.compile(Compiler.java:468)
	at org.eclipse.jdt.internal.compiler.Compiler.compile(Compiler.java:419)
	at org.eclipse.jdt.internal.core.builder.AbstractImageBuilder.compile(AbstractImageBuilder.java:372)
	at org.eclipse.jdt.internal.core.builder.IncrementalImageBuilder.compile(IncrementalImageBuilder.java:331)
	at org.eclipse.jdt.internal.core.builder.AbstractImageBuilder.compile(AbstractImageBuilder.java:305)
	at org.eclipse.jdt.internal.core.builder.IncrementalImageBuilder.build(IncrementalImageBuilder.java:136)
	at org.eclipse.jdt.internal.core.builder.JavaBuilder.buildDeltas(JavaBuilder.java:267)
	at org.eclipse.jdt.internal.core.builder.JavaBuilder.build(JavaBuilder.java:195)
	at org.eclipse.core.internal.events.BuildManager$2.run(BuildManager.java:735)
	at org.eclipse.core.runtime.SafeRunner.run(SafeRunner.java:42)
	at org.eclipse.core.internal.events.BuildManager.basicBuild(BuildManager.java:206)
	at org.eclipse.core.internal.events.BuildManager.basicBuild(BuildManager.java:246)
	at org.eclipse.core.internal.events.BuildManager$1.run(BuildManager.java:301)
	at org.eclipse.core.runtime.SafeRunner.run(SafeRunner.java:42)
	at org.eclipse.core.internal.events.BuildManager.basicBuild(BuildManager.java:304)
	at org.eclipse.core.internal.events.BuildManager.basicBuildLoop(BuildManager.java:360)
	at org.eclipse.core.internal.events.BuildManager.build(BuildManager.java:383)
	at org.eclipse.core.internal.events.AutoBuildJob.doBuild(AutoBuildJob.java:142)
	at org.eclipse.core.internal.events.AutoBuildJob.run(AutoBuildJob.java:232)
	at org.eclipse.core.internal.jobs.Worker.run(Worker.java:56)
!SUBENTRY 1 org.eclipse.core.resources 4 368 2018-03-16 13:36:23.149
!MESSAGE File not found: /Users/dijin/Library/Mobile Documents/com~apple~CloudDocs/GitHub/CS6367/pitest/pitest/target/classes/org/pitest/mutationtest/engine/gregor/config/Mutator.class.

!ENTRY org.eclipse.jdt.core 4 4 2018-03-16 13:36:23.180
!MESSAGE JavaBuilder handling CoreException
!STACK 1
org.eclipse.core.internal.resources.ResourceException: File not found: /Users/dijin/Library/Mobile Documents/com~apple~CloudDocs/GitHub/CS6367/pitest/pitest/target/classes/org/pitest/mutationtest/engine/gregor/config/GregorEngineFactory.class.
	at org.eclipse.core.internal.localstore.FileSystemResourceManager.read(FileSystemResourceManager.java:836)
	at org.eclipse.core.internal.resources.File.getContents(File.java:277)
	at org.eclipse.jdt.internal.core.util.Util.getResourceContentsAsByteArray(Util.java:1140)
	at org.eclipse.jdt.internal.core.builder.IncrementalImageBuilder.writeClassFileCheck(IncrementalImageBuilder.java:892)
	at org.eclipse.jdt.internal.core.builder.IncrementalImageBuilder.writeClassFileContents(IncrementalImageBuilder.java:834)
	at org.eclipse.jdt.internal.core.builder.AbstractImageBuilder.writeClassFile(AbstractImageBuilder.java:864)
	at org.eclipse.jdt.internal.core.builder.AbstractImageBuilder.acceptResult(AbstractImageBuilder.java:191)
	at org.eclipse.jdt.internal.compiler.Compiler.processCompiledUnits(Compiler.java:611)
	at org.eclipse.jdt.internal.compiler.Compiler.compile(Compiler.java:468)
	at org.eclipse.jdt.internal.compiler.Compiler.compile(Compiler.java:419)
	at org.eclipse.jdt.internal.core.builder.AbstractImageBuilder.compile(AbstractImageBuilder.java:372)
	at org.eclipse.jdt.internal.core.builder.IncrementalImageBuilder.compile(IncrementalImageBuilder.java:331)
	at org.eclipse.jdt.internal.core.builder.AbstractImageBuilder.compile(AbstractImageBuilder.java:305)
	at org.eclipse.jdt.internal.core.builder.IncrementalImageBuilder.build(IncrementalImageBuilder.java:136)
	at org.eclipse.jdt.internal.core.builder.JavaBuilder.buildDeltas(JavaBuilder.java:267)
	at org.eclipse.jdt.internal.core.builder.JavaBuilder.build(JavaBuilder.java:195)
	at org.eclipse.core.internal.events.BuildManager$2.run(BuildManager.java:735)
	at org.eclipse.core.runtime.SafeRunner.run(SafeRunner.java:42)
	at org.eclipse.core.internal.events.BuildManager.basicBuild(BuildManager.java:206)
	at org.eclipse.core.internal.events.BuildManager.basicBuild(BuildManager.java:246)
	at org.eclipse.core.internal.events.BuildManager$1.run(BuildManager.java:301)
	at org.eclipse.core.runtime.SafeRunner.run(SafeRunner.java:42)
	at org.eclipse.core.internal.events.BuildManager.basicBuild(BuildManager.java:304)
	at org.eclipse.core.internal.events.BuildManager.basicBuildLoop(BuildManager.java:360)
	at org.eclipse.core.internal.events.BuildManager.build(BuildManager.java:383)
	at org.eclipse.core.internal.events.AutoBuildJob.doBuild(AutoBuildJob.java:142)
	at org.eclipse.core.internal.events.AutoBuildJob.run(AutoBuildJob.java:232)
	at org.eclipse.core.internal.jobs.Worker.run(Worker.java:56)
!SUBENTRY 1 org.eclipse.core.resources 4 368 2018-03-16 13:36:23.180
!MESSAGE File not found: /Users/dijin/Library/Mobile Documents/com~apple~CloudDocs/GitHub/CS6367/pitest/pitest/target/classes/org/pitest/mutationtest/engine/gregor/config/GregorEngineFactory.class.

!ENTRY org.eclipse.jdt.core 4 4 2018-03-16 13:36:23.191
!MESSAGE JavaBuilder handling CoreException
!STACK 1
org.eclipse.core.internal.resources.ResourceException: File not found: /Users/dijin/Library/Mobile Documents/com~apple~CloudDocs/GitHub/CS6367/pitest/pitest/target/test-classes/org/pitest/mutationtest/engine/gregor/GregorMutationEngineTest.class.
	at org.eclipse.core.internal.localstore.FileSystemResourceManager.read(FileSystemResourceManager.java:836)
	at org.eclipse.core.internal.resources.File.getContents(File.java:277)
	at org.eclipse.jdt.internal.core.util.Util.getResourceContentsAsByteArray(Util.java:1140)
	at org.eclipse.jdt.internal.core.builder.IncrementalImageBuilder.writeClassFileCheck(IncrementalImageBuilder.java:892)
	at org.eclipse.jdt.internal.core.builder.IncrementalImageBuilder.writeClassFileContents(IncrementalImageBuilder.java:834)
	at org.eclipse.jdt.internal.core.builder.AbstractImageBuilder.writeClassFile(AbstractImageBuilder.java:864)
	at org.eclipse.jdt.internal.core.builder.AbstractImageBuilder.acceptResult(AbstractImageBuilder.java:191)
	at org.eclipse.jdt.internal.compiler.Compiler.processCompiledUnits(Compiler.java:611)
	at org.eclipse.jdt.internal.compiler.Compiler.compile(Compiler.java:468)
	at org.eclipse.jdt.internal.compiler.Compiler.compile(Compiler.java:419)
	at org.eclipse.jdt.internal.core.builder.AbstractImageBuilder.compile(AbstractImageBuilder.java:372)
	at org.eclipse.jdt.internal.core.builder.IncrementalImageBuilder.compile(IncrementalImageBuilder.java:331)
	at org.eclipse.jdt.internal.core.builder.AbstractImageBuilder.compile(AbstractImageBuilder.java:305)
	at org.eclipse.jdt.internal.core.builder.IncrementalImageBuilder.build(IncrementalImageBuilder.java:136)
	at org.eclipse.jdt.internal.core.builder.JavaBuilder.buildDeltas(JavaBuilder.java:267)
	at org.eclipse.jdt.internal.core.builder.JavaBuilder.build(JavaBuilder.java:195)
	at org.eclipse.core.internal.events.BuildManager$2.run(BuildManager.java:735)
	at org.eclipse.core.runtime.SafeRunner.run(SafeRunner.java:42)
	at org.eclipse.core.internal.events.BuildManager.basicBuild(BuildManager.java:206)
	at org.eclipse.core.internal.events.BuildManager.basicBuild(BuildManager.java:246)
	at org.eclipse.core.internal.events.BuildManager$1.run(BuildManager.java:301)
	at org.eclipse.core.runtime.SafeRunner.run(SafeRunner.java:42)
	at org.eclipse.core.internal.events.BuildManager.basicBuild(BuildManager.java:304)
	at org.eclipse.core.internal.events.BuildManager.basicBuildLoop(BuildManager.java:360)
	at org.eclipse.core.internal.events.BuildManager.build(BuildManager.java:383)
	at org.eclipse.core.internal.events.AutoBuildJob.doBuild(AutoBuildJob.java:142)
	at org.eclipse.core.internal.events.AutoBuildJob.run(AutoBuildJob.java:232)
	at org.eclipse.core.internal.jobs.Worker.run(Worker.java:56)
!SUBENTRY 1 org.eclipse.core.resources 4 368 2018-03-16 13:36:23.192
!MESSAGE File not found: /Users/dijin/Library/Mobile Documents/com~apple~CloudDocs/GitHub/CS6367/pitest/pitest/target/test-classes/org/pitest/mutationtest/engine/gregor/GregorMutationEngineTest.class.

!ENTRY org.eclipse.jdt.core 4 4 2018-03-16 13:36:23.318
!MESSAGE JavaBuilder handling CoreException
!STACK 1
org.eclipse.core.internal.resources.ResourceException: File not found: /Users/dijin/Library/Mobile Documents/com~apple~CloudDocs/GitHub/CS6367/pitest/pitest/target/test-classes/org/pitest/mutationtest/engine/gregor/TestGregorMutater$HasFinallyBlock.class.
	at org.eclipse.core.internal.localstore.FileSystemResourceManager.read(FileSystemResourceManager.java:836)
	at org.eclipse.core.internal.resources.File.getContents(File.java:277)
	at org.eclipse.jdt.internal.core.util.Util.getResourceContentsAsByteArray(Util.java:1140)
	at org.eclipse.jdt.internal.core.builder.IncrementalImageBuilder.writeClassFileCheck(IncrementalImageBuilder.java:892)
	at org.eclipse.jdt.internal.core.builder.IncrementalImageBuilder.writeClassFileContents(IncrementalImageBuilder.java:834)
	at org.eclipse.jdt.internal.core.builder.AbstractImageBuilder.writeClassFile(AbstractImageBuilder.java:864)
	at org.eclipse.jdt.internal.core.builder.AbstractImageBuilder.acceptResult(AbstractImageBuilder.java:191)
	at org.eclipse.jdt.internal.compiler.Compiler.processCompiledUnits(Compiler.java:611)
	at org.eclipse.jdt.internal.compiler.Compiler.compile(Compiler.java:468)
	at org.eclipse.jdt.internal.compiler.Compiler.compile(Compiler.java:419)
	at org.eclipse.jdt.internal.core.builder.AbstractImageBuilder.compile(AbstractImageBuilder.java:372)
	at org.eclipse.jdt.internal.core.builder.IncrementalImageBuilder.compile(IncrementalImageBuilder.java:331)
	at org.eclipse.jdt.internal.core.builder.AbstractImageBuilder.compile(AbstractImageBuilder.java:305)
	at org.eclipse.jdt.internal.core.builder.IncrementalImageBuilder.build(IncrementalImageBuilder.java:136)
	at org.eclipse.jdt.internal.core.builder.JavaBuilder.buildDeltas(JavaBuilder.java:267)
	at org.eclipse.jdt.internal.core.builder.JavaBuilder.build(JavaBuilder.java:195)
	at org.eclipse.core.internal.events.BuildManager$2.run(BuildManager.java:735)
	at org.eclipse.core.runtime.SafeRunner.run(SafeRunner.java:42)
	at org.eclipse.core.internal.events.BuildManager.basicBuild(BuildManager.java:206)
	at org.eclipse.core.internal.events.BuildManager.basicBuild(BuildManager.java:246)
	at org.eclipse.core.internal.events.BuildManager$1.run(BuildManager.java:301)
	at org.eclipse.core.runtime.SafeRunner.run(SafeRunner.java:42)
	at org.eclipse.core.internal.events.BuildManager.basicBuild(BuildManager.java:304)
	at org.eclipse.core.internal.events.BuildManager.basicBuildLoop(BuildManager.java:360)
	at org.eclipse.core.internal.events.BuildManager.build(BuildManager.java:383)
	at org.eclipse.core.internal.events.AutoBuildJob.doBuild(AutoBuildJob.java:142)
	at org.eclipse.core.internal.events.AutoBuildJob.run(AutoBuildJob.java:232)
	at org.eclipse.core.internal.jobs.Worker.run(Worker.java:56)
!SUBENTRY 1 org.eclipse.core.resources 4 368 2018-03-16 13:36:23.319
!MESSAGE File not found: /Users/dijin/Library/Mobile Documents/com~apple~CloudDocs/GitHub/CS6367/pitest/pitest/target/test-classes/org/pitest/mutationtest/engine/gregor/TestGregorMutater$HasFinallyBlock.class.

!ENTRY org.eclipse.jdt.core 4 4 2018-03-16 13:36:23.321
!MESSAGE JavaBuilder handling CoreException
!STACK 1
org.eclipse.core.internal.resources.ResourceException: File not found: /Users/dijin/Library/Mobile Documents/com~apple~CloudDocs/GitHub/CS6367/pitest/pitest/target/test-classes/org/pitest/mutationtest/engine/gregor/TestGregorMutater$HasExceptionBlock.class.
	at org.eclipse.core.internal.localstore.FileSystemResourceManager.read(FileSystemResourceManager.java:836)
	at org.eclipse.core.internal.resources.File.getContents(File.java:277)
	at org.eclipse.jdt.internal.core.util.Util.getResourceContentsAsByteArray(Util.java:1140)
	at org.eclipse.jdt.internal.core.builder.IncrementalImageBuilder.writeClassFileCheck(IncrementalImageBuilder.java:892)
	at org.eclipse.jdt.internal.core.builder.IncrementalImageBuilder.writeClassFileContents(IncrementalImageBuilder.java:834)
	at org.eclipse.jdt.internal.core.builder.AbstractImageBuilder.writeClassFile(AbstractImageBuilder.java:864)
	at org.eclipse.jdt.internal.core.builder.AbstractImageBuilder.acceptResult(AbstractImageBuilder.java:191)
	at org.eclipse.jdt.internal.compiler.Compiler.processCompiledUnits(Compiler.java:611)
	at org.eclipse.jdt.internal.compiler.Compiler.compile(Compiler.java:468)
	at org.eclipse.jdt.internal.compiler.Compiler.compile(Compiler.java:419)
	at org.eclipse.jdt.internal.core.builder.AbstractImageBuilder.compile(AbstractImageBuilder.java:372)
	at org.eclipse.jdt.internal.core.builder.IncrementalImageBuilder.compile(IncrementalImageBuilder.java:331)
	at org.eclipse.jdt.internal.core.builder.AbstractImageBuilder.compile(AbstractImageBuilder.java:305)
	at org.eclipse.jdt.internal.core.builder.IncrementalImageBuilder.build(IncrementalImageBuilder.java:136)
	at org.eclipse.jdt.internal.core.builder.JavaBuilder.buildDeltas(JavaBuilder.java:267)
	at org.eclipse.jdt.internal.core.builder.JavaBuilder.build(JavaBuilder.java:195)
	at org.eclipse.core.internal.events.BuildManager$2.run(BuildManager.java:735)
	at org.eclipse.core.runtime.SafeRunner.run(SafeRunner.java:42)
	at org.eclipse.core.internal.events.BuildManager.basicBuild(BuildManager.java:206)
	at org.eclipse.core.internal.events.BuildManager.basicBuild(BuildManager.java:246)
	at org.eclipse.core.internal.events.BuildManager$1.run(BuildManager.java:301)
	at org.eclipse.core.runtime.SafeRunner.run(SafeRunner.java:42)
	at org.eclipse.core.internal.events.BuildManager.basicBuild(BuildManager.java:304)
	at org.eclipse.core.internal.events.BuildManager.basicBuildLoop(BuildManager.java:360)
	at org.eclipse.core.internal.events.BuildManager.build(BuildManager.java:383)
	at org.eclipse.core.internal.events.AutoBuildJob.doBuild(AutoBuildJob.java:142)
	at org.eclipse.core.internal.events.AutoBuildJob.run(AutoBuildJob.java:232)
	at org.eclipse.core.internal.jobs.Worker.run(Worker.java:56)
!SUBENTRY 1 org.eclipse.core.resources 4 368 2018-03-16 13:36:23.321
!MESSAGE File not found: /Users/dijin/Library/Mobile Documents/com~apple~CloudDocs/GitHub/CS6367/pitest/pitest/target/test-classes/org/pitest/mutationtest/engine/gregor/TestGregorMutater$HasExceptionBlock.class.

!ENTRY org.eclipse.jdt.core 4 4 2018-03-16 13:36:23.322
!MESSAGE JavaBuilder handling CoreException
!STACK 1
org.eclipse.core.internal.resources.ResourceException: File not found: /Users/dijin/Library/Mobile Documents/com~apple~CloudDocs/GitHub/CS6367/pitest/pitest/target/test-classes/org/pitest/mutationtest/engine/gregor/TestGregorMutater$HasAssertStatementAndOtherStatements.class.
	at org.eclipse.core.internal.localstore.FileSystemResourceManager.read(FileSystemResourceManager.java:836)
	at org.eclipse.core.internal.resources.File.getContents(File.java:277)
	at org.eclipse.jdt.internal.core.util.Util.getResourceContentsAsByteArray(Util.java:1140)
	at org.eclipse.jdt.internal.core.builder.IncrementalImageBuilder.writeClassFileCheck(IncrementalImageBuilder.java:892)
	at org.eclipse.jdt.internal.core.builder.IncrementalImageBuilder.writeClassFileContents(IncrementalImageBuilder.java:834)
	at org.eclipse.jdt.internal.core.builder.AbstractImageBuilder.writeClassFile(AbstractImageBuilder.java:864)
	at org.eclipse.jdt.internal.core.builder.AbstractImageBuilder.acceptResult(AbstractImageBuilder.java:191)
	at org.eclipse.jdt.internal.compiler.Compiler.processCompiledUnits(Compiler.java:611)
	at org.eclipse.jdt.internal.compiler.Compiler.compile(Compiler.java:468)
	at org.eclipse.jdt.internal.compiler.Compiler.compile(Compiler.java:419)
	at org.eclipse.jdt.internal.core.builder.AbstractImageBuilder.compile(AbstractImageBuilder.java:372)
	at org.eclipse.jdt.internal.core.builder.IncrementalImageBuilder.compile(IncrementalImageBuilder.java:331)
	at org.eclipse.jdt.internal.core.builder.AbstractImageBuilder.compile(AbstractImageBuilder.java:305)
	at org.eclipse.jdt.internal.core.builder.IncrementalImageBuilder.build(IncrementalImageBuilder.java:136)
	at org.eclipse.jdt.internal.core.builder.JavaBuilder.buildDeltas(JavaBuilder.java:267)
	at org.eclipse.jdt.internal.core.builder.JavaBuilder.build(JavaBuilder.java:195)
	at org.eclipse.core.internal.events.BuildManager$2.run(BuildManager.java:735)
	at org.eclipse.core.runtime.SafeRunner.run(SafeRunner.java:42)
	at org.eclipse.core.internal.events.BuildManager.basicBuild(BuildManager.java:206)
	at org.eclipse.core.internal.events.BuildManager.basicBuild(BuildManager.java:246)
	at org.eclipse.core.internal.events.BuildManager$1.run(BuildManager.java:301)
	at org.eclipse.core.runtime.SafeRunner.run(SafeRunner.java:42)
	at org.eclipse.core.internal.events.BuildManager.basicBuild(BuildManager.java:304)
	at org.eclipse.core.internal.events.BuildManager.basicBuildLoop(BuildManager.java:360)
	at org.eclipse.core.internal.events.BuildManager.build(BuildManager.java:383)
	at org.eclipse.core.internal.events.AutoBuildJob.doBuild(AutoBuildJob.java:142)
	at org.eclipse.core.internal.events.AutoBuildJob.run(AutoBuildJob.java:232)
	at org.eclipse.core.internal.jobs.Worker.run(Worker.java:56)
!SUBENTRY 1 org.eclipse.core.resources 4 368 2018-03-16 13:36:23.322
!MESSAGE File not found: /Users/dijin/Library/Mobile Documents/com~apple~CloudDocs/GitHub/CS6367/pitest/pitest/target/test-classes/org/pitest/mutationtest/engine/gregor/TestGregorMutater$HasAssertStatementAndOtherStatements.class.

!ENTRY org.eclipse.jdt.core 4 4 2018-03-16 13:36:23.324
!MESSAGE JavaBuilder handling CoreException
!STACK 1
org.eclipse.core.internal.resources.ResourceException: File not found: /Users/dijin/Library/Mobile Documents/com~apple~CloudDocs/GitHub/CS6367/pitest/pitest/target/test-classes/org/pitest/mutationtest/engine/gregor/TestGregorMutater$OneStraightThroughMethod.class.
	at org.eclipse.core.internal.localstore.FileSystemResourceManager.read(FileSystemResourceManager.java:836)
	at org.eclipse.core.internal.resources.File.getContents(File.java:277)
	at org.eclipse.jdt.internal.core.util.Util.getResourceContentsAsByteArray(Util.java:1140)
	at org.eclipse.jdt.internal.core.builder.IncrementalImageBuilder.writeClassFileCheck(IncrementalImageBuilder.java:892)
	at org.eclipse.jdt.internal.core.builder.IncrementalImageBuilder.writeClassFileContents(IncrementalImageBuilder.java:834)
	at org.eclipse.jdt.internal.core.builder.AbstractImageBuilder.writeClassFile(AbstractImageBuilder.java:864)
	at org.eclipse.jdt.internal.core.builder.AbstractImageBuilder.acceptResult(AbstractImageBuilder.java:191)
	at org.eclipse.jdt.internal.compiler.Compiler.processCompiledUnits(Compiler.java:611)
	at org.eclipse.jdt.internal.compiler.Compiler.compile(Compiler.java:468)
	at org.eclipse.jdt.internal.compiler.Compiler.compile(Compiler.java:419)
	at org.eclipse.jdt.internal.core.builder.AbstractImageBuilder.compile(AbstractImageBuilder.java:372)
	at org.eclipse.jdt.internal.core.builder.IncrementalImageBuilder.compile(IncrementalImageBuilder.java:331)
	at org.eclipse.jdt.internal.core.builder.AbstractImageBuilder.compile(AbstractImageBuilder.java:305)
	at org.eclipse.jdt.internal.core.builder.IncrementalImageBuilder.build(IncrementalImageBuilder.java:136)
	at org.eclipse.jdt.internal.core.builder.JavaBuilder.buildDeltas(JavaBuilder.java:267)
	at org.eclipse.jdt.internal.core.builder.JavaBuilder.build(JavaBuilder.java:195)
	at org.eclipse.core.internal.events.BuildManager$2.run(BuildManager.java:735)
	at org.eclipse.core.runtime.SafeRunner.run(SafeRunner.java:42)
	at org.eclipse.core.internal.events.BuildManager.basicBuild(BuildManager.java:206)
	at org.eclipse.core.internal.events.BuildManager.basicBuild(BuildManager.java:246)
	at org.eclipse.core.internal.events.BuildManager$1.run(BuildManager.java:301)
	at org.eclipse.core.runtime.SafeRunner.run(SafeRunner.java:42)
	at org.eclipse.core.internal.events.BuildManager.basicBuild(BuildManager.java:304)
	at org.eclipse.core.internal.events.BuildManager.basicBuildLoop(BuildManager.java:360)
	at org.eclipse.core.internal.events.BuildManager.build(BuildManager.java:383)
	at org.eclipse.core.internal.events.AutoBuildJob.doBuild(AutoBuildJob.java:142)
	at org.eclipse.core.internal.events.AutoBuildJob.run(AutoBuildJob.java:232)
	at org.eclipse.core.internal.jobs.Worker.run(Worker.java:56)
!SUBENTRY 1 org.eclipse.core.resources 4 368 2018-03-16 13:36:23.324
!MESSAGE File not found: /Users/dijin/Library/Mobile Documents/com~apple~CloudDocs/GitHub/CS6367/pitest/pitest/target/test-classes/org/pitest/mutationtest/engine/gregor/TestGregorMutater$OneStraightThroughMethod.class.

!ENTRY org.eclipse.jdt.core 4 4 2018-03-16 13:36:23.325
!MESSAGE JavaBuilder handling CoreException
!STACK 1
org.eclipse.core.internal.resources.ResourceException: File not found: /Users/dijin/Library/Mobile Documents/com~apple~CloudDocs/GitHub/CS6367/pitest/pitest/target/test-classes/org/pitest/mutationtest/engine/gregor/TestGregorMutater$HasMultipleMutations.class.
	at org.eclipse.core.internal.localstore.FileSystemResourceManager.read(FileSystemResourceManager.java:836)
	at org.eclipse.core.internal.resources.File.getContents(File.java:277)
	at org.eclipse.jdt.internal.core.util.Util.getResourceContentsAsByteArray(Util.java:1140)
	at org.eclipse.jdt.internal.core.builder.IncrementalImageBuilder.writeClassFileCheck(IncrementalImageBuilder.java:892)
	at org.eclipse.jdt.internal.core.builder.IncrementalImageBuilder.writeClassFileContents(IncrementalImageBuilder.java:834)
	at org.eclipse.jdt.internal.core.builder.AbstractImageBuilder.writeClassFile(AbstractImageBuilder.java:864)
	at org.eclipse.jdt.internal.core.builder.AbstractImageBuilder.acceptResult(AbstractImageBuilder.java:191)
	at org.eclipse.jdt.internal.compiler.Compiler.processCompiledUnits(Compiler.java:611)
	at org.eclipse.jdt.internal.compiler.Compiler.compile(Compiler.java:468)
	at org.eclipse.jdt.internal.compiler.Compiler.compile(Compiler.java:419)
	at org.eclipse.jdt.internal.core.builder.AbstractImageBuilder.compile(AbstractImageBuilder.java:372)
	at org.eclipse.jdt.internal.core.builder.IncrementalImageBuilder.compile(IncrementalImageBuilder.java:331)
	at org.eclipse.jdt.internal.core.builder.AbstractImageBuilder.compile(AbstractImageBuilder.java:305)
	at org.eclipse.jdt.internal.core.builder.IncrementalImageBuilder.build(IncrementalImageBuilder.java:136)
	at org.eclipse.jdt.internal.core.builder.JavaBuilder.buildDeltas(JavaBuilder.java:267)
	at org.eclipse.jdt.internal.core.builder.JavaBuilder.build(JavaBuilder.java:195)
	at org.eclipse.core.internal.events.BuildManager$2.run(BuildManager.java:735)
	at org.eclipse.core.runtime.SafeRunner.run(SafeRunner.java:42)
	at org.eclipse.core.internal.events.BuildManager.basicBuild(BuildManager.java:206)
	at org.eclipse.core.internal.events.BuildManager.basicBuild(BuildManager.java:246)
	at org.eclipse.core.internal.events.BuildManager$1.run(BuildManager.java:301)
	at org.eclipse.core.runtime.SafeRunner.run(SafeRunner.java:42)
	at org.eclipse.core.internal.events.BuildManager.basicBuild(BuildManager.java:304)
	at org.eclipse.core.internal.events.BuildManager.basicBuildLoop(BuildManager.java:360)
	at org.eclipse.core.internal.events.BuildManager.build(BuildManager.java:383)
	at org.eclipse.core.internal.events.AutoBuildJob.doBuild(AutoBuildJob.java:142)
	at org.eclipse.core.internal.events.AutoBuildJob.run(AutoBuildJob.java:232)
	at org.eclipse.core.internal.jobs.Worker.run(Worker.java:56)
!SUBENTRY 1 org.eclipse.core.resources 4 368 2018-03-16 13:36:23.325
!MESSAGE File not found: /Users/dijin/Library/Mobile Documents/com~apple~CloudDocs/GitHub/CS6367/pitest/pitest/target/test-classes/org/pitest/mutationtest/engine/gregor/TestGregorMutater$HasMultipleMutations.class.

!ENTRY org.eclipse.jdt.core 4 4 2018-03-16 13:36:23.326
!MESSAGE JavaBuilder handling CoreException
!STACK 1
org.eclipse.core.internal.resources.ResourceException: File not found: /Users/dijin/Library/Mobile Documents/com~apple~CloudDocs/GitHub/CS6367/pitest/pitest/target/test-classes/org/pitest/mutationtest/engine/gregor/TestGregorMutater$SwitchStatement.class.
	at org.eclipse.core.internal.localstore.FileSystemResourceManager.read(FileSystemResourceManager.java:836)
	at org.eclipse.core.internal.resources.File.getContents(File.java:277)
	at org.eclipse.jdt.internal.core.util.Util.getResourceContentsAsByteArray(Util.java:1140)
	at org.eclipse.jdt.internal.core.builder.IncrementalImageBuilder.writeClassFileCheck(IncrementalImageBuilder.java:892)
	at org.eclipse.jdt.internal.core.builder.IncrementalImageBuilder.writeClassFileContents(IncrementalImageBuilder.java:834)
	at org.eclipse.jdt.internal.core.builder.AbstractImageBuilder.writeClassFile(AbstractImageBuilder.java:864)
	at org.eclipse.jdt.internal.core.builder.AbstractImageBuilder.acceptResult(AbstractImageBuilder.java:191)
	at org.eclipse.jdt.internal.compiler.Compiler.processCompiledUnits(Compiler.java:611)
	at org.eclipse.jdt.internal.compiler.Compiler.compile(Compiler.java:468)
	at org.eclipse.jdt.internal.compiler.Compiler.compile(Compiler.java:419)
	at org.eclipse.jdt.internal.core.builder.AbstractImageBuilder.compile(AbstractImageBuilder.java:372)
	at org.eclipse.jdt.internal.core.builder.IncrementalImageBuilder.compile(IncrementalImageBuilder.java:331)
	at org.eclipse.jdt.internal.core.builder.AbstractImageBuilder.compile(AbstractImageBuilder.java:305)
	at org.eclipse.jdt.internal.core.builder.IncrementalImageBuilder.build(IncrementalImageBuilder.java:136)
	at org.eclipse.jdt.internal.core.builder.JavaBuilder.buildDeltas(JavaBuilder.java:267)
	at org.eclipse.jdt.internal.core.builder.JavaBuilder.build(JavaBuilder.java:195)
	at org.eclipse.core.internal.events.BuildManager$2.run(BuildManager.java:735)
	at org.eclipse.core.runtime.SafeRunner.run(SafeRunner.java:42)
	at org.eclipse.core.internal.events.BuildManager.basicBuild(BuildManager.java:206)
	at org.eclipse.core.internal.events.BuildManager.basicBuild(BuildManager.java:246)
	at org.eclipse.core.internal.events.BuildManager$1.run(BuildManager.java:301)
	at org.eclipse.core.runtime.SafeRunner.run(SafeRunner.java:42)
	at org.eclipse.core.internal.events.BuildManager.basicBuild(BuildManager.java:304)
	at org.eclipse.core.internal.events.BuildManager.basicBuildLoop(BuildManager.java:360)
	at org.eclipse.core.internal.events.BuildManager.build(BuildManager.java:383)
	at org.eclipse.core.internal.events.AutoBuildJob.doBuild(AutoBuildJob.java:142)
	at org.eclipse.core.internal.events.AutoBuildJob.run(AutoBuildJob.java:232)
	at org.eclipse.core.internal.jobs.Worker.run(Worker.java:56)
!SUBENTRY 1 org.eclipse.core.resources 4 368 2018-03-16 13:36:23.326
!MESSAGE File not found: /Users/dijin/Library/Mobile Documents/com~apple~CloudDocs/GitHub/CS6367/pitest/pitest/target/test-classes/org/pitest/mutationtest/engine/gregor/TestGregorMutater$SwitchStatement.class.

!ENTRY org.eclipse.jdt.core 4 4 2018-03-16 13:36:23.327
!MESSAGE JavaBuilder handling CoreException
!STACK 1
org.eclipse.core.internal.resources.ResourceException: File not found: /Users/dijin/Library/Mobile Documents/com~apple~CloudDocs/GitHub/CS6367/pitest/pitest/target/test-classes/org/pitest/mutationtest/engine/gregor/TestGregorMutater$SimpleBranch.class.
	at org.eclipse.core.internal.localstore.FileSystemResourceManager.read(FileSystemResourceManager.java:836)
	at org.eclipse.core.internal.resources.File.getContents(File.java:277)
	at org.eclipse.jdt.internal.core.util.Util.getResourceContentsAsByteArray(Util.java:1140)
	at org.eclipse.jdt.internal.core.builder.IncrementalImageBuilder.writeClassFileCheck(IncrementalImageBuilder.java:892)
	at org.eclipse.jdt.internal.core.builder.IncrementalImageBuilder.writeClassFileContents(IncrementalImageBuilder.java:834)
	at org.eclipse.jdt.internal.core.builder.AbstractImageBuilder.writeClassFile(AbstractImageBuilder.java:864)
	at org.eclipse.jdt.internal.core.builder.AbstractImageBuilder.acceptResult(AbstractImageBuilder.java:191)
	at org.eclipse.jdt.internal.compiler.Compiler.processCompiledUnits(Compiler.java:611)
	at org.eclipse.jdt.internal.compiler.Compiler.compile(Compiler.java:468)
	at org.eclipse.jdt.internal.compiler.Compiler.compile(Compiler.java:419)
	at org.eclipse.jdt.internal.core.builder.AbstractImageBuilder.compile(AbstractImageBuilder.java:372)
	at org.eclipse.jdt.internal.core.builder.IncrementalImageBuilder.compile(IncrementalImageBuilder.java:331)
	at org.eclipse.jdt.internal.core.builder.AbstractImageBuilder.compile(AbstractImageBuilder.java:305)
	at org.eclipse.jdt.internal.core.builder.IncrementalImageBuilder.build(IncrementalImageBuilder.java:136)
	at org.eclipse.jdt.internal.core.builder.JavaBuilder.buildDeltas(JavaBuilder.java:267)
	at org.eclipse.jdt.internal.core.builder.JavaBuilder.build(JavaBuilder.java:195)
	at org.eclipse.core.internal.events.BuildManager$2.run(BuildManager.java:735)
	at org.eclipse.core.runtime.SafeRunner.run(SafeRunner.java:42)
	at org.eclipse.core.internal.events.BuildManager.basicBuild(BuildManager.java:206)
	at org.eclipse.core.internal.events.BuildManager.basicBuild(BuildManager.java:246)
	at org.eclipse.core.internal.events.BuildManager$1.run(BuildManager.java:301)
	at org.eclipse.core.runtime.SafeRunner.run(SafeRunner.java:42)
	at org.eclipse.core.internal.events.BuildManager.basicBuild(BuildManager.java:304)
	at org.eclipse.core.internal.events.BuildManager.basicBuildLoop(BuildManager.java:360)
	at org.eclipse.core.internal.events.BuildManager.build(BuildManager.java:383)
	at org.eclipse.core.internal.events.AutoBuildJob.doBuild(AutoBuildJob.java:142)
	at org.eclipse.core.internal.events.AutoBuildJob.run(AutoBuildJob.java:232)
	at org.eclipse.core.internal.jobs.Worker.run(Worker.java:56)
!SUBENTRY 1 org.eclipse.core.resources 4 368 2018-03-16 13:36:23.328
!MESSAGE File not found: /Users/dijin/Library/Mobile Documents/com~apple~CloudDocs/GitHub/CS6367/pitest/pitest/target/test-classes/org/pitest/mutationtest/engine/gregor/TestGregorMutater$SimpleBranch.class.

!ENTRY org.eclipse.jdt.core 4 4 2018-03-16 13:36:23.329
!MESSAGE JavaBuilder handling CoreException
!STACK 1
org.eclipse.core.internal.resources.ResourceException: File not found: /Users/dijin/Library/Mobile Documents/com~apple~CloudDocs/GitHub/CS6367/pitest/pitest/target/test-classes/org/pitest/mutationtest/engine/gregor/TestGregorMutater$TwoMethods.class.
	at org.eclipse.core.internal.localstore.FileSystemResourceManager.read(FileSystemResourceManager.java:836)
	at org.eclipse.core.internal.resources.File.getContents(File.java:277)
	at org.eclipse.jdt.internal.core.util.Util.getResourceContentsAsByteArray(Util.java:1140)
	at org.eclipse.jdt.internal.core.builder.IncrementalImageBuilder.writeClassFileCheck(IncrementalImageBuilder.java:892)
	at org.eclipse.jdt.internal.core.builder.IncrementalImageBuilder.writeClassFileContents(IncrementalImageBuilder.java:834)
	at org.eclipse.jdt.internal.core.builder.AbstractImageBuilder.writeClassFile(AbstractImageBuilder.java:864)
	at org.eclipse.jdt.internal.core.builder.AbstractImageBuilder.acceptResult(AbstractImageBuilder.java:191)
	at org.eclipse.jdt.internal.compiler.Compiler.processCompiledUnits(Compiler.java:611)
	at org.eclipse.jdt.internal.compiler.Compiler.compile(Compiler.java:468)
	at org.eclipse.jdt.internal.compiler.Compiler.compile(Compiler.java:419)
	at org.eclipse.jdt.internal.core.builder.AbstractImageBuilder.compile(AbstractImageBuilder.java:372)
	at org.eclipse.jdt.internal.core.builder.IncrementalImageBuilder.compile(IncrementalImageBuilder.java:331)
	at org.eclipse.jdt.internal.core.builder.AbstractImageBuilder.compile(AbstractImageBuilder.java:305)
	at org.eclipse.jdt.internal.core.builder.IncrementalImageBuilder.build(IncrementalImageBuilder.java:136)
	at org.eclipse.jdt.internal.core.builder.JavaBuilder.buildDeltas(JavaBuilder.java:267)
	at org.eclipse.jdt.internal.core.builder.JavaBuilder.build(JavaBuilder.java:195)
	at org.eclipse.core.internal.events.BuildManager$2.run(BuildManager.java:735)
	at org.eclipse.core.runtime.SafeRunner.run(SafeRunner.java:42)
	at org.eclipse.core.internal.events.BuildManager.basicBuild(BuildManager.java:206)
	at org.eclipse.core.internal.events.BuildManager.basicBuild(BuildManager.java:246)
	at org.eclipse.core.internal.events.BuildManager$1.run(BuildManager.java:301)
	at org.eclipse.core.runtime.SafeRunner.run(SafeRunner.java:42)
	at org.eclipse.core.internal.events.BuildManager.basicBuild(BuildManager.java:304)
	at org.eclipse.core.internal.events.BuildManager.basicBuildLoop(BuildManager.java:360)
	at org.eclipse.core.internal.events.BuildManager.build(BuildManager.java:383)
	at org.eclipse.core.internal.events.AutoBuildJob.doBuild(AutoBuildJob.java:142)
	at org.eclipse.core.internal.events.AutoBuildJob.run(AutoBuildJob.java:232)
	at org.eclipse.core.internal.jobs.Worker.run(Worker.java:56)
!SUBENTRY 1 org.eclipse.core.resources 4 368 2018-03-16 13:36:23.329
!MESSAGE File not found: /Users/dijin/Library/Mobile Documents/com~apple~CloudDocs/GitHub/CS6367/pitest/pitest/target/test-classes/org/pitest/mutationtest/engine/gregor/TestGregorMutater$TwoMethods.class.

!ENTRY org.eclipse.jdt.core 4 4 2018-03-16 13:36:23.330
!MESSAGE JavaBuilder handling CoreException
!STACK 1
org.eclipse.core.internal.resources.ResourceException: File not found: /Users/dijin/Library/Mobile Documents/com~apple~CloudDocs/GitHub/CS6367/pitest/pitest/target/test-classes/org/pitest/mutationtest/engine/gregor/TestGregorMutater.class.
	at org.eclipse.core.internal.localstore.FileSystemResourceManager.read(FileSystemResourceManager.java:836)
	at org.eclipse.core.internal.resources.File.getContents(File.java:277)
	at org.eclipse.jdt.internal.core.util.Util.getResourceContentsAsByteArray(Util.java:1140)
	at org.eclipse.jdt.internal.core.builder.IncrementalImageBuilder.writeClassFileCheck(IncrementalImageBuilder.java:892)
	at org.eclipse.jdt.internal.core.builder.IncrementalImageBuilder.writeClassFileContents(IncrementalImageBuilder.java:834)
	at org.eclipse.jdt.internal.core.builder.AbstractImageBuilder.writeClassFile(AbstractImageBuilder.java:864)
	at org.eclipse.jdt.internal.core.builder.AbstractImageBuilder.acceptResult(AbstractImageBuilder.java:191)
	at org.eclipse.jdt.internal.compiler.Compiler.processCompiledUnits(Compiler.java:611)
	at org.eclipse.jdt.internal.compiler.Compiler.compile(Compiler.java:468)
	at org.eclipse.jdt.internal.compiler.Compiler.compile(Compiler.java:419)
	at org.eclipse.jdt.internal.core.builder.AbstractImageBuilder.compile(AbstractImageBuilder.java:372)
	at org.eclipse.jdt.internal.core.builder.IncrementalImageBuilder.compile(IncrementalImageBuilder.java:331)
	at org.eclipse.jdt.internal.core.builder.AbstractImageBuilder.compile(AbstractImageBuilder.java:305)
	at org.eclipse.jdt.internal.core.builder.IncrementalImageBuilder.build(IncrementalImageBuilder.java:136)
	at org.eclipse.jdt.internal.core.builder.JavaBuilder.buildDeltas(JavaBuilder.java:267)
	at org.eclipse.jdt.internal.core.builder.JavaBuilder.build(JavaBuilder.java:195)
	at org.eclipse.core.internal.events.BuildManager$2.run(BuildManager.java:735)
	at org.eclipse.core.runtime.SafeRunner.run(SafeRunner.java:42)
	at org.eclipse.core.internal.events.BuildManager.basicBuild(BuildManager.java:206)
	at org.eclipse.core.internal.events.BuildManager.basicBuild(BuildManager.java:246)
	at org.eclipse.core.internal.events.BuildManager$1.run(BuildManager.java:301)
	at org.eclipse.core.runtime.SafeRunner.run(SafeRunner.java:42)
	at org.eclipse.core.internal.events.BuildManager.basicBuild(BuildManager.java:304)
	at org.eclipse.core.internal.events.BuildManager.basicBuildLoop(BuildManager.java:360)
	at org.eclipse.core.internal.events.BuildManager.build(BuildManager.java:383)
	at org.eclipse.core.internal.events.AutoBuildJob.doBuild(AutoBuildJob.java:142)
	at org.eclipse.core.internal.events.AutoBuildJob.run(AutoBuildJob.java:232)
	at org.eclipse.core.internal.jobs.Worker.run(Worker.java:56)
!SUBENTRY 1 org.eclipse.core.resources 4 368 2018-03-16 13:36:23.331
!MESSAGE File not found: /Users/dijin/Library/Mobile Documents/com~apple~CloudDocs/GitHub/CS6367/pitest/pitest/target/test-classes/org/pitest/mutationtest/engine/gregor/TestGregorMutater.class.

!ENTRY org.eclipse.jdt.core 4 4 2018-03-16 13:36:23.331
!MESSAGE JavaBuilder handling CoreException
!STACK 1
org.eclipse.core.internal.resources.ResourceException: File not found: /Users/dijin/Library/Mobile Documents/com~apple~CloudDocs/GitHub/CS6367/pitest/pitest/target/test-classes/org/pitest/mutationtest/engine/gregor/TestGregorMutater$FallThroughSwitch.class.
	at org.eclipse.core.internal.localstore.FileSystemResourceManager.read(FileSystemResourceManager.java:836)
	at org.eclipse.core.internal.resources.File.getContents(File.java:277)
	at org.eclipse.jdt.internal.core.util.Util.getResourceContentsAsByteArray(Util.java:1140)
	at org.eclipse.jdt.internal.core.builder.IncrementalImageBuilder.writeClassFileCheck(IncrementalImageBuilder.java:892)
	at org.eclipse.jdt.internal.core.builder.IncrementalImageBuilder.writeClassFileContents(IncrementalImageBuilder.java:834)
	at org.eclipse.jdt.internal.core.builder.AbstractImageBuilder.writeClassFile(AbstractImageBuilder.java:864)
	at org.eclipse.jdt.internal.core.builder.AbstractImageBuilder.acceptResult(AbstractImageBuilder.java:191)
	at org.eclipse.jdt.internal.compiler.Compiler.processCompiledUnits(Compiler.java:611)
	at org.eclipse.jdt.internal.compiler.Compiler.compile(Compiler.java:468)
	at org.eclipse.jdt.internal.compiler.Compiler.compile(Compiler.java:419)
	at org.eclipse.jdt.internal.core.builder.AbstractImageBuilder.compile(AbstractImageBuilder.java:372)
	at org.eclipse.jdt.internal.core.builder.IncrementalImageBuilder.compile(IncrementalImageBuilder.java:331)
	at org.eclipse.jdt.internal.core.builder.AbstractImageBuilder.compile(AbstractImageBuilder.java:305)
	at org.eclipse.jdt.internal.core.builder.IncrementalImageBuilder.build(IncrementalImageBuilder.java:136)
	at org.eclipse.jdt.internal.core.builder.JavaBuilder.buildDeltas(JavaBuilder.java:267)
	at org.eclipse.jdt.internal.core.builder.JavaBuilder.build(JavaBuilder.java:195)
	at org.eclipse.core.internal.events.BuildManager$2.run(BuildManager.java:735)
	at org.eclipse.core.runtime.SafeRunner.run(SafeRunner.java:42)
	at org.eclipse.core.internal.events.BuildManager.basicBuild(BuildManager.java:206)
	at org.eclipse.core.internal.events.BuildManager.basicBuild(BuildManager.java:246)
	at org.eclipse.core.internal.events.BuildManager$1.run(BuildManager.java:301)
	at org.eclipse.core.runtime.SafeRunner.run(SafeRunner.java:42)
	at org.eclipse.core.internal.events.BuildManager.basicBuild(BuildManager.java:304)
	at org.eclipse.core.internal.events.BuildManager.basicBuildLoop(BuildManager.java:360)
	at org.eclipse.core.internal.events.BuildManager.build(BuildManager.java:383)
	at org.eclipse.core.internal.events.AutoBuildJob.doBuild(AutoBuildJob.java:142)
	at org.eclipse.core.internal.events.AutoBuildJob.run(AutoBuildJob.java:232)
	at org.eclipse.core.internal.jobs.Worker.run(Worker.java:56)
!SUBENTRY 1 org.eclipse.core.resources 4 368 2018-03-16 13:36:23.332
!MESSAGE File not found: /Users/dijin/Library/Mobile Documents/com~apple~CloudDocs/GitHub/CS6367/pitest/pitest/target/test-classes/org/pitest/mutationtest/engine/gregor/TestGregorMutater$FallThroughSwitch.class.

!ENTRY org.eclipse.jdt.core 4 4 2018-03-16 13:36:23.332
!MESSAGE JavaBuilder handling CoreException
!STACK 1
org.eclipse.core.internal.resources.ResourceException: File not found: /Users/dijin/Library/Mobile Documents/com~apple~CloudDocs/GitHub/CS6367/pitest/pitest/target/test-classes/org/pitest/mutationtest/engine/gregor/TestGregorMutater$HasTwoMutableMethods.class.
	at org.eclipse.core.internal.localstore.FileSystemResourceManager.read(FileSystemResourceManager.java:836)
	at org.eclipse.core.internal.resources.File.getContents(File.java:277)
	at org.eclipse.jdt.internal.core.util.Util.getResourceContentsAsByteArray(Util.java:1140)
	at org.eclipse.jdt.internal.core.builder.IncrementalImageBuilder.writeClassFileCheck(IncrementalImageBuilder.java:892)
	at org.eclipse.jdt.internal.core.builder.IncrementalImageBuilder.writeClassFileContents(IncrementalImageBuilder.java:834)
	at org.eclipse.jdt.internal.core.builder.AbstractImageBuilder.writeClassFile(AbstractImageBuilder.java:864)
	at org.eclipse.jdt.internal.core.builder.AbstractImageBuilder.acceptResult(AbstractImageBuilder.java:191)
	at org.eclipse.jdt.internal.compiler.Compiler.processCompiledUnits(Compiler.java:611)
	at org.eclipse.jdt.internal.compiler.Compiler.compile(Compiler.java:468)
	at org.eclipse.jdt.internal.compiler.Compiler.compile(Compiler.java:419)
	at org.eclipse.jdt.internal.core.builder.AbstractImageBuilder.compile(AbstractImageBuilder.java:372)
	at org.eclipse.jdt.internal.core.builder.IncrementalImageBuilder.compile(IncrementalImageBuilder.java:331)
	at org.eclipse.jdt.internal.core.builder.AbstractImageBuilder.compile(AbstractImageBuilder.java:305)
	at org.eclipse.jdt.internal.core.builder.IncrementalImageBuilder.build(IncrementalImageBuilder.java:136)
	at org.eclipse.jdt.internal.core.builder.JavaBuilder.buildDeltas(JavaBuilder.java:267)
	at org.eclipse.jdt.internal.core.builder.JavaBuilder.build(JavaBuilder.java:195)
	at org.eclipse.core.internal.events.BuildManager$2.run(BuildManager.java:735)
	at org.eclipse.core.runtime.SafeRunner.run(SafeRunner.java:42)
	at org.eclipse.core.internal.events.BuildManager.basicBuild(BuildManager.java:206)
	at org.eclipse.core.internal.events.BuildManager.basicBuild(BuildManager.java:246)
	at org.eclipse.core.internal.events.BuildManager$1.run(BuildManager.java:301)
	at org.eclipse.core.runtime.SafeRunner.run(SafeRunner.java:42)
	at org.eclipse.core.internal.events.BuildManager.basicBuild(BuildManager.java:304)
	at org.eclipse.core.internal.events.BuildManager.basicBuildLoop(BuildManager.java:360)
	at org.eclipse.core.internal.events.BuildManager.build(BuildManager.java:383)
	at org.eclipse.core.internal.events.AutoBuildJob.doBuild(AutoBuildJob.java:142)
	at org.eclipse.core.internal.events.AutoBuildJob.run(AutoBuildJob.java:232)
	at org.eclipse.core.internal.jobs.Worker.run(Worker.java:56)
!SUBENTRY 1 org.eclipse.core.resources 4 368 2018-03-16 13:36:23.333
!MESSAGE File not found: /Users/dijin/Library/Mobile Documents/com~apple~CloudDocs/GitHub/CS6367/pitest/pitest/target/test-classes/org/pitest/mutationtest/engine/gregor/TestGregorMutater$HasTwoMutableMethods.class.

!ENTRY org.eclipse.jdt.core 4 4 2018-03-16 13:36:23.333
!MESSAGE JavaBuilder handling CoreException
!STACK 1
org.eclipse.core.internal.resources.ResourceException: File not found: /Users/dijin/Library/Mobile Documents/com~apple~CloudDocs/GitHub/CS6367/pitest/pitest/target/test-classes/org/pitest/mutationtest/engine/gregor/TestGregorMutater$HasFinallyBlockAndExceptionHandler.class.
	at org.eclipse.core.internal.localstore.FileSystemResourceManager.read(FileSystemResourceManager.java:836)
	at org.eclipse.core.internal.resources.File.getContents(File.java:277)
	at org.eclipse.jdt.internal.core.util.Util.getResourceContentsAsByteArray(Util.java:1140)
	at org.eclipse.jdt.internal.core.builder.IncrementalImageBuilder.writeClassFileCheck(IncrementalImageBuilder.java:892)
	at org.eclipse.jdt.internal.core.builder.IncrementalImageBuilder.writeClassFileContents(IncrementalImageBuilder.java:834)
	at org.eclipse.jdt.internal.core.builder.AbstractImageBuilder.writeClassFile(AbstractImageBuilder.java:864)
	at org.eclipse.jdt.internal.core.builder.AbstractImageBuilder.acceptResult(AbstractImageBuilder.java:191)
	at org.eclipse.jdt.internal.compiler.Compiler.processCompiledUnits(Compiler.java:611)
	at org.eclipse.jdt.internal.compiler.Compiler.compile(Compiler.java:468)
	at org.eclipse.jdt.internal.compiler.Compiler.compile(Compiler.java:419)
	at org.eclipse.jdt.internal.core.builder.AbstractImageBuilder.compile(AbstractImageBuilder.java:372)
	at org.eclipse.jdt.internal.core.builder.IncrementalImageBuilder.compile(IncrementalImageBuilder.java:331)
	at org.eclipse.jdt.internal.core.builder.AbstractImageBuilder.compile(AbstractImageBuilder.java:305)
	at org.eclipse.jdt.internal.core.builder.IncrementalImageBuilder.build(IncrementalImageBuilder.java:136)
	at org.eclipse.jdt.internal.core.builder.JavaBuilder.buildDeltas(JavaBuilder.java:267)
	at org.eclipse.jdt.internal.core.builder.JavaBuilder.build(JavaBuilder.java:195)
	at org.eclipse.core.internal.events.BuildManager$2.run(BuildManager.java:735)
	at org.eclipse.core.runtime.SafeRunner.run(SafeRunner.java:42)
	at org.eclipse.core.internal.events.BuildManager.basicBuild(BuildManager.java:206)
	at org.eclipse.core.internal.events.BuildManager.basicBuild(BuildManager.java:246)
	at org.eclipse.core.internal.events.BuildManager$1.run(BuildManager.java:301)
	at org.eclipse.core.runtime.SafeRunner.run(SafeRunner.java:42)
	at org.eclipse.core.internal.events.BuildManager.basicBuild(BuildManager.java:304)
	at org.eclipse.core.internal.events.BuildManager.basicBuildLoop(BuildManager.java:360)
	at org.eclipse.core.internal.events.BuildManager.build(BuildManager.java:383)
	at org.eclipse.core.internal.events.AutoBuildJob.doBuild(AutoBuildJob.java:142)
	at org.eclipse.core.internal.events.AutoBuildJob.run(AutoBuildJob.java:232)
	at org.eclipse.core.internal.jobs.Worker.run(Worker.java:56)
!SUBENTRY 1 org.eclipse.core.resources 4 368 2018-03-16 13:36:23.334
!MESSAGE File not found: /Users/dijin/Library/Mobile Documents/com~apple~CloudDocs/GitHub/CS6367/pitest/pitest/target/test-classes/org/pitest/mutationtest/engine/gregor/TestGregorMutater$HasFinallyBlockAndExceptionHandler.class.

!ENTRY org.eclipse.jdt.core 4 4 2018-03-16 13:36:23.334
!MESSAGE JavaBuilder handling CoreException
!STACK 1
org.eclipse.core.internal.resources.ResourceException: File not found: /Users/dijin/Library/Mobile Documents/com~apple~CloudDocs/GitHub/CS6367/pitest/pitest/target/test-classes/org/pitest/mutationtest/engine/gregor/TestGregorMutater$HasAssertStatement.class.
	at org.eclipse.core.internal.localstore.FileSystemResourceManager.read(FileSystemResourceManager.java:836)
	at org.eclipse.core.internal.resources.File.getContents(File.java:277)
	at org.eclipse.jdt.internal.core.util.Util.getResourceContentsAsByteArray(Util.java:1140)
	at org.eclipse.jdt.internal.core.builder.IncrementalImageBuilder.writeClassFileCheck(IncrementalImageBuilder.java:892)
	at org.eclipse.jdt.internal.core.builder.IncrementalImageBuilder.writeClassFileContents(IncrementalImageBuilder.java:834)
	at org.eclipse.jdt.internal.core.builder.AbstractImageBuilder.writeClassFile(AbstractImageBuilder.java:864)
	at org.eclipse.jdt.internal.core.builder.AbstractImageBuilder.acceptResult(AbstractImageBuilder.java:191)
	at org.eclipse.jdt.internal.compiler.Compiler.processCompiledUnits(Compiler.java:611)
	at org.eclipse.jdt.internal.compiler.Compiler.compile(Compiler.java:468)
	at org.eclipse.jdt.internal.compiler.Compiler.compile(Compiler.java:419)
	at org.eclipse.jdt.internal.core.builder.AbstractImageBuilder.compile(AbstractImageBuilder.java:372)
	at org.eclipse.jdt.internal.core.builder.IncrementalImageBuilder.compile(IncrementalImageBuilder.java:331)
	at org.eclipse.jdt.internal.core.builder.AbstractImageBuilder.compile(AbstractImageBuilder.java:305)
	at org.eclipse.jdt.internal.core.builder.IncrementalImageBuilder.build(IncrementalImageBuilder.java:136)
	at org.eclipse.jdt.internal.core.builder.JavaBuilder.buildDeltas(JavaBuilder.java:267)
	at org.eclipse.jdt.internal.core.builder.JavaBuilder.build(JavaBuilder.java:195)
	at org.eclipse.core.internal.events.BuildManager$2.run(BuildManager.java:735)
	at org.eclipse.core.runtime.SafeRunner.run(SafeRunner.java:42)
	at org.eclipse.core.internal.events.BuildManager.basicBuild(BuildManager.java:206)
	at org.eclipse.core.internal.events.BuildManager.basicBuild(BuildManager.java:246)
	at org.eclipse.core.internal.events.BuildManager$1.run(BuildManager.java:301)
	at org.eclipse.core.runtime.SafeRunner.run(SafeRunner.java:42)
	at org.eclipse.core.internal.events.BuildManager.basicBuild(BuildManager.java:304)
	at org.eclipse.core.internal.events.BuildManager.basicBuildLoop(BuildManager.java:360)
	at org.eclipse.core.internal.events.BuildManager.build(BuildManager.java:383)
	at org.eclipse.core.internal.events.AutoBuildJob.doBuild(AutoBuildJob.java:142)
	at org.eclipse.core.internal.events.AutoBuildJob.run(AutoBuildJob.java:232)
	at org.eclipse.core.internal.jobs.Worker.run(Worker.java:56)
!SUBENTRY 1 org.eclipse.core.resources 4 368 2018-03-16 13:36:23.335
!MESSAGE File not found: /Users/dijin/Library/Mobile Documents/com~apple~CloudDocs/GitHub/CS6367/pitest/pitest/target/test-classes/org/pitest/mutationtest/engine/gregor/TestGregorMutater$HasAssertStatement.class.

!ENTRY org.eclipse.jdt.core 4 4 2018-03-16 13:36:23.335
!MESSAGE JavaBuilder handling CoreException
!STACK 1
org.eclipse.core.internal.resources.ResourceException: File not found: /Users/dijin/Library/Mobile Documents/com~apple~CloudDocs/GitHub/CS6367/pitest/pitest/target/test-classes/org/pitest/mutationtest/engine/gregor/TestGregorMutater$EnumWithCustomConstructor.class.
	at org.eclipse.core.internal.localstore.FileSystemResourceManager.read(FileSystemResourceManager.java:836)
	at org.eclipse.core.internal.resources.File.getContents(File.java:277)
	at org.eclipse.jdt.internal.core.util.Util.getResourceContentsAsByteArray(Util.java:1140)
	at org.eclipse.jdt.internal.core.builder.IncrementalImageBuilder.writeClassFileCheck(IncrementalImageBuilder.java:892)
	at org.eclipse.jdt.internal.core.builder.IncrementalImageBuilder.writeClassFileContents(IncrementalImageBuilder.java:834)
	at org.eclipse.jdt.internal.core.builder.AbstractImageBuilder.writeClassFile(AbstractImageBuilder.java:864)
	at org.eclipse.jdt.internal.core.builder.AbstractImageBuilder.acceptResult(AbstractImageBuilder.java:191)
	at org.eclipse.jdt.internal.compiler.Compiler.processCompiledUnits(Compiler.java:611)
	at org.eclipse.jdt.internal.compiler.Compiler.compile(Compiler.java:468)
	at org.eclipse.jdt.internal.compiler.Compiler.compile(Compiler.java:419)
	at org.eclipse.jdt.internal.core.builder.AbstractImageBuilder.compile(AbstractImageBuilder.java:372)
	at org.eclipse.jdt.internal.core.builder.IncrementalImageBuilder.compile(IncrementalImageBuilder.java:331)
	at org.eclipse.jdt.internal.core.builder.AbstractImageBuilder.compile(AbstractImageBuilder.java:305)
	at org.eclipse.jdt.internal.core.builder.IncrementalImageBuilder.build(IncrementalImageBuilder.java:136)
	at org.eclipse.jdt.internal.core.builder.JavaBuilder.buildDeltas(JavaBuilder.java:267)
	at org.eclipse.jdt.internal.core.builder.JavaBuilder.build(JavaBuilder.java:195)
	at org.eclipse.core.internal.events.BuildManager$2.run(BuildManager.java:735)
	at org.eclipse.core.runtime.SafeRunner.run(SafeRunner.java:42)
	at org.eclipse.core.internal.events.BuildManager.basicBuild(BuildManager.java:206)
	at org.eclipse.core.internal.events.BuildManager.basicBuild(BuildManager.java:246)
	at org.eclipse.core.internal.events.BuildManager$1.run(BuildManager.java:301)
	at org.eclipse.core.runtime.SafeRunner.run(SafeRunner.java:42)
	at org.eclipse.core.internal.events.BuildManager.basicBuild(BuildManager.java:304)
	at org.eclipse.core.internal.events.BuildManager.basicBuildLoop(BuildManager.java:360)
	at org.eclipse.core.internal.events.BuildManager.build(BuildManager.java:383)
	at org.eclipse.core.internal.events.AutoBuildJob.doBuild(AutoBuildJob.java:142)
	at org.eclipse.core.internal.events.AutoBuildJob.run(AutoBuildJob.java:232)
	at org.eclipse.core.internal.jobs.Worker.run(Worker.java:56)
!SUBENTRY 1 org.eclipse.core.resources 4 368 2018-03-16 13:36:23.336
!MESSAGE File not found: /Users/dijin/Library/Mobile Documents/com~apple~CloudDocs/GitHub/CS6367/pitest/pitest/target/test-classes/org/pitest/mutationtest/engine/gregor/TestGregorMutater$EnumWithCustomConstructor.class.

!ENTRY org.eclipse.jdt.core 4 4 2018-03-16 13:36:23.336
!MESSAGE JavaBuilder handling CoreException
!STACK 1
org.eclipse.core.internal.resources.ResourceException: File not found: /Users/dijin/Library/Mobile Documents/com~apple~CloudDocs/GitHub/CS6367/pitest/pitest/target/test-classes/org/pitest/mutationtest/engine/gregor/TestGregorMutater$AnEnum.class.
	at org.eclipse.core.internal.localstore.FileSystemResourceManager.read(FileSystemResourceManager.java:836)
	at org.eclipse.core.internal.resources.File.getContents(File.java:277)
	at org.eclipse.jdt.internal.core.util.Util.getResourceContentsAsByteArray(Util.java:1140)
	at org.eclipse.jdt.internal.core.builder.IncrementalImageBuilder.writeClassFileCheck(IncrementalImageBuilder.java:892)
	at org.eclipse.jdt.internal.core.builder.IncrementalImageBuilder.writeClassFileContents(IncrementalImageBuilder.java:834)
	at org.eclipse.jdt.internal.core.builder.AbstractImageBuilder.writeClassFile(AbstractImageBuilder.java:864)
	at org.eclipse.jdt.internal.core.builder.AbstractImageBuilder.acceptResult(AbstractImageBuilder.java:191)
	at org.eclipse.jdt.internal.compiler.Compiler.processCompiledUnits(Compiler.java:611)
	at org.eclipse.jdt.internal.compiler.Compiler.compile(Compiler.java:468)
	at org.eclipse.jdt.internal.compiler.Compiler.compile(Compiler.java:419)
	at org.eclipse.jdt.internal.core.builder.AbstractImageBuilder.compile(AbstractImageBuilder.java:372)
	at org.eclipse.jdt.internal.core.builder.IncrementalImageBuilder.compile(IncrementalImageBuilder.java:331)
	at org.eclipse.jdt.internal.core.builder.AbstractImageBuilder.compile(AbstractImageBuilder.java:305)
	at org.eclipse.jdt.internal.core.builder.IncrementalImageBuilder.build(IncrementalImageBuilder.java:136)
	at org.eclipse.jdt.internal.core.builder.JavaBuilder.buildDeltas(JavaBuilder.java:267)
	at org.eclipse.jdt.internal.core.builder.JavaBuilder.build(JavaBuilder.java:195)
	at org.eclipse.core.internal.events.BuildManager$2.run(BuildManager.java:735)
	at org.eclipse.core.runtime.SafeRunner.run(SafeRunner.java:42)
	at org.eclipse.core.internal.events.BuildManager.basicBuild(BuildManager.java:206)
	at org.eclipse.core.internal.events.BuildManager.basicBuild(BuildManager.java:246)
	at org.eclipse.core.internal.events.BuildManager$1.run(BuildManager.java:301)
	at org.eclipse.core.runtime.SafeRunner.run(SafeRunner.java:42)
	at org.eclipse.core.internal.events.BuildManager.basicBuild(BuildManager.java:304)
	at org.eclipse.core.internal.events.BuildManager.basicBuildLoop(BuildManager.java:360)
	at org.eclipse.core.internal.events.BuildManager.build(BuildManager.java:383)
	at org.eclipse.core.internal.events.AutoBuildJob.doBuild(AutoBuildJob.java:142)
	at org.eclipse.core.internal.events.AutoBuildJob.run(AutoBuildJob.java:232)
	at org.eclipse.core.internal.jobs.Worker.run(Worker.java:56)
!SUBENTRY 1 org.eclipse.core.resources 4 368 2018-03-16 13:36:23.337
!MESSAGE File not found: /Users/dijin/Library/Mobile Documents/com~apple~CloudDocs/GitHub/CS6367/pitest/pitest/target/test-classes/org/pitest/mutationtest/engine/gregor/TestGregorMutater$AnEnum.class.

!ENTRY org.eclipse.jdt.core 4 4 2018-03-16 13:36:23.339
!MESSAGE JavaBuilder handling CoreException
!STACK 1
org.eclipse.core.internal.resources.ResourceException: File not found: /Users/dijin/Library/Mobile Documents/com~apple~CloudDocs/GitHub/CS6367/pitest/pitest/target/test-classes/org/pitest/mutationtest/engine/gregor/config/MutatorTest.class.
	at org.eclipse.core.internal.localstore.FileSystemResourceManager.read(FileSystemResourceManager.java:836)
	at org.eclipse.core.internal.resources.File.getContents(File.java:277)
	at org.eclipse.jdt.internal.core.util.Util.getResourceContentsAsByteArray(Util.java:1140)
	at org.eclipse.jdt.internal.core.builder.IncrementalImageBuilder.writeClassFileCheck(IncrementalImageBuilder.java:892)
	at org.eclipse.jdt.internal.core.builder.IncrementalImageBuilder.writeClassFileContents(IncrementalImageBuilder.java:834)
	at org.eclipse.jdt.internal.core.builder.AbstractImageBuilder.writeClassFile(AbstractImageBuilder.java:864)
	at org.eclipse.jdt.internal.core.builder.AbstractImageBuilder.acceptResult(AbstractImageBuilder.java:191)
	at org.eclipse.jdt.internal.compiler.Compiler.processCompiledUnits(Compiler.java:611)
	at org.eclipse.jdt.internal.compiler.Compiler.compile(Compiler.java:468)
	at org.eclipse.jdt.internal.compiler.Compiler.compile(Compiler.java:419)
	at org.eclipse.jdt.internal.core.builder.AbstractImageBuilder.compile(AbstractImageBuilder.java:372)
	at org.eclipse.jdt.internal.core.builder.IncrementalImageBuilder.compile(IncrementalImageBuilder.java:331)
	at org.eclipse.jdt.internal.core.builder.AbstractImageBuilder.compile(AbstractImageBuilder.java:305)
	at org.eclipse.jdt.internal.core.builder.IncrementalImageBuilder.build(IncrementalImageBuilder.java:136)
	at org.eclipse.jdt.internal.core.builder.JavaBuilder.buildDeltas(JavaBuilder.java:267)
	at org.eclipse.jdt.internal.core.builder.JavaBuilder.build(JavaBuilder.java:195)
	at org.eclipse.core.internal.events.BuildManager$2.run(BuildManager.java:735)
	at org.eclipse.core.runtime.SafeRunner.run(SafeRunner.java:42)
	at org.eclipse.core.internal.events.BuildManager.basicBuild(BuildManager.java:206)
	at org.eclipse.core.internal.events.BuildManager.basicBuild(BuildManager.java:246)
	at org.eclipse.core.internal.events.BuildManager$1.run(BuildManager.java:301)
	at org.eclipse.core.runtime.SafeRunner.run(SafeRunner.java:42)
	at org.eclipse.core.internal.events.BuildManager.basicBuild(BuildManager.java:304)
	at org.eclipse.core.internal.events.BuildManager.basicBuildLoop(BuildManager.java:360)
	at org.eclipse.core.internal.events.BuildManager.build(BuildManager.java:383)
	at org.eclipse.core.internal.events.AutoBuildJob.doBuild(AutoBuildJob.java:142)
	at org.eclipse.core.internal.events.AutoBuildJob.run(AutoBuildJob.java:232)
	at org.eclipse.core.internal.jobs.Worker.run(Worker.java:56)
!SUBENTRY 1 org.eclipse.core.resources 4 368 2018-03-16 13:36:23.340
!MESSAGE File not found: /Users/dijin/Library/Mobile Documents/com~apple~CloudDocs/GitHub/CS6367/pitest/pitest/target/test-classes/org/pitest/mutationtest/engine/gregor/config/MutatorTest.class.
!SESSION 2018-03-16 12:40:10.079 -----------------------------------------------
eclipse.buildId=4.7.1.M20171009-0410
java.version=1.8.0_144
java.vendor=Oracle Corporation
BootLoader constants: OS=macosx, ARCH=x86_64, WS=cocoa, NL=zh_CN
Framework arguments:  -product org.eclipse.epp.package.java.product -keyring /Users/dijin/.eclipse_keyring
Command-line arguments:  -os macosx -ws cocoa -arch x86_64 -product org.eclipse.epp.package.java.product -keyring /Users/dijin/.eclipse_keyring

!ENTRY org.eclipse.core.net 1 0 2018-03-16 12:40:15.821
!MESSAGE System property http.nonProxyHosts has been set to local|*.local|169.254/16|*.169.254/16 by an external source. This value will be overwritten using the values from the preferences

!ENTRY org.eclipse.jdt.core 4 4 2018-03-16 12:43:59.614
!MESSAGE JavaBuilder handling CoreException
!STACK 1
org.eclipse.core.internal.resources.ResourceException: File not found: /Users/dijin/Library/Mobile Documents/com~apple~CloudDocs/GitHub/CS6367/pitest/pitest/target/classes/org/pitest/mutationtest/engine/gregor/Mymutators/AOD.class.
	at org.eclipse.core.internal.localstore.FileSystemResourceManager.read(FileSystemResourceManager.java:836)
	at org.eclipse.core.internal.resources.File.getContents(File.java:277)
	at org.eclipse.jdt.internal.core.util.Util.getResourceContentsAsByteArray(Util.java:1140)
	at org.eclipse.jdt.internal.core.builder.IncrementalImageBuilder.writeClassFileCheck(IncrementalImageBuilder.java:892)
	at org.eclipse.jdt.internal.core.builder.IncrementalImageBuilder.writeClassFileContents(IncrementalImageBuilder.java:834)
	at org.eclipse.jdt.internal.core.builder.AbstractImageBuilder.writeClassFile(AbstractImageBuilder.java:864)
	at org.eclipse.jdt.internal.core.builder.AbstractImageBuilder.acceptResult(AbstractImageBuilder.java:191)
	at org.eclipse.jdt.internal.compiler.Compiler.processCompiledUnits(Compiler.java:611)
	at org.eclipse.jdt.internal.compiler.Compiler.compile(Compiler.java:468)
	at org.eclipse.jdt.internal.compiler.Compiler.compile(Compiler.java:419)
	at org.eclipse.jdt.internal.core.builder.AbstractImageBuilder.compile(AbstractImageBuilder.java:372)
	at org.eclipse.jdt.internal.core.builder.IncrementalImageBuilder.compile(IncrementalImageBuilder.java:331)
	at org.eclipse.jdt.internal.core.builder.AbstractImageBuilder.compile(AbstractImageBuilder.java:305)
	at org.eclipse.jdt.internal.core.builder.IncrementalImageBuilder.build(IncrementalImageBuilder.java:136)
	at org.eclipse.jdt.internal.core.builder.JavaBuilder.buildDeltas(JavaBuilder.java:267)
	at org.eclipse.jdt.internal.core.builder.JavaBuilder.build(JavaBuilder.java:195)
	at org.eclipse.core.internal.events.BuildManager$2.run(BuildManager.java:735)
	at org.eclipse.core.runtime.SafeRunner.run(SafeRunner.java:42)
	at org.eclipse.core.internal.events.BuildManager.basicBuild(BuildManager.java:206)
	at org.eclipse.core.internal.events.BuildManager.basicBuild(BuildManager.java:246)
	at org.eclipse.core.internal.events.BuildManager$1.run(BuildManager.java:301)
	at org.eclipse.core.runtime.SafeRunner.run(SafeRunner.java:42)
	at org.eclipse.core.internal.events.BuildManager.basicBuild(BuildManager.java:304)
	at org.eclipse.core.internal.events.BuildManager.basicBuildLoop(BuildManager.java:360)
	at org.eclipse.core.internal.events.BuildManager.build(BuildManager.java:383)
	at org.eclipse.core.internal.events.AutoBuildJob.doBuild(AutoBuildJob.java:142)
	at org.eclipse.core.internal.events.AutoBuildJob.run(AutoBuildJob.java:232)
	at org.eclipse.core.internal.jobs.Worker.run(Worker.java:56)
!SUBENTRY 1 org.eclipse.core.resources 4 368 2018-03-16 12:43:59.615
!MESSAGE File not found: /Users/dijin/Library/Mobile Documents/com~apple~CloudDocs/GitHub/CS6367/pitest/pitest/target/classes/org/pitest/mutationtest/engine/gregor/Mymutators/AOD.class.

!ENTRY org.eclipse.jdt.core 4 4 2018-03-16 12:43:59.642
!MESSAGE JavaBuilder handling CoreException
!STACK 1
org.eclipse.core.internal.resources.ResourceException: File not found: /Users/dijin/Library/Mobile Documents/com~apple~CloudDocs/GitHub/CS6367/pitest/pitest/target/classes/org/pitest/mutationtest/engine/gregor/Mymutators/MathMethodVisitor.class.
	at org.eclipse.core.internal.localstore.FileSystemResourceManager.read(FileSystemResourceManager.java:836)
	at org.eclipse.core.internal.resources.File.getContents(File.java:277)
	at org.eclipse.jdt.internal.core.util.Util.getResourceContentsAsByteArray(Util.java:1140)
	at org.eclipse.jdt.internal.core.builder.IncrementalImageBuilder.writeClassFileCheck(IncrementalImageBuilder.java:892)
	at org.eclipse.jdt.internal.core.builder.IncrementalImageBuilder.writeClassFileContents(IncrementalImageBuilder.java:834)
	at org.eclipse.jdt.internal.core.builder.AbstractImageBuilder.writeClassFile(AbstractImageBuilder.java:864)
	at org.eclipse.jdt.internal.core.builder.AbstractImageBuilder.acceptResult(AbstractImageBuilder.java:191)
	at org.eclipse.jdt.internal.compiler.Compiler.processCompiledUnits(Compiler.java:611)
	at org.eclipse.jdt.internal.compiler.Compiler.compile(Compiler.java:468)
	at org.eclipse.jdt.internal.compiler.Compiler.compile(Compiler.java:419)
	at org.eclipse.jdt.internal.core.builder.AbstractImageBuilder.compile(AbstractImageBuilder.java:372)
	at org.eclipse.jdt.internal.core.builder.IncrementalImageBuilder.compile(IncrementalImageBuilder.java:331)
	at org.eclipse.jdt.internal.core.builder.AbstractImageBuilder.compile(AbstractImageBuilder.java:305)
	at org.eclipse.jdt.internal.core.builder.IncrementalImageBuilder.build(IncrementalImageBuilder.java:136)
	at org.eclipse.jdt.internal.core.builder.JavaBuilder.buildDeltas(JavaBuilder.java:267)
	at org.eclipse.jdt.internal.core.builder.JavaBuilder.build(JavaBuilder.java:195)
	at org.eclipse.core.internal.events.BuildManager$2.run(BuildManager.java:735)
	at org.eclipse.core.runtime.SafeRunner.run(SafeRunner.java:42)
	at org.eclipse.core.internal.events.BuildManager.basicBuild(BuildManager.java:206)
	at org.eclipse.core.internal.events.BuildManager.basicBuild(BuildManager.java:246)
	at org.eclipse.core.internal.events.BuildManager$1.run(BuildManager.java:301)
	at org.eclipse.core.runtime.SafeRunner.run(SafeRunner.java:42)
	at org.eclipse.core.internal.events.BuildManager.basicBuild(BuildManager.java:304)
	at org.eclipse.core.internal.events.BuildManager.basicBuildLoop(BuildManager.java:360)
	at org.eclipse.core.internal.events.BuildManager.build(BuildManager.java:383)
	at org.eclipse.core.internal.events.AutoBuildJob.doBuild(AutoBuildJob.java:142)
	at org.eclipse.core.internal.events.AutoBuildJob.run(AutoBuildJob.java:232)
	at org.eclipse.core.internal.jobs.Worker.run(Worker.java:56)
!SUBENTRY 1 org.eclipse.core.resources 4 368 2018-03-16 12:43:59.643
!MESSAGE File not found: /Users/dijin/Library/Mobile Documents/com~apple~CloudDocs/GitHub/CS6367/pitest/pitest/target/classes/org/pitest/mutationtest/engine/gregor/Mymutators/MathMethodVisitor.class.

!ENTRY org.eclipse.jdt.core 4 4 2018-03-16 12:43:59.683
!MESSAGE JavaBuilder handling CoreException
!STACK 1
org.eclipse.core.internal.resources.ResourceException: File not found: /Users/dijin/Library/Mobile Documents/com~apple~CloudDocs/GitHub/CS6367/pitest/pitest/target/classes/org/pitest/mutationtest/engine/gregor/config/Mutator.class.
	at org.eclipse.core.internal.localstore.FileSystemResourceManager.read(FileSystemResourceManager.java:836)
	at org.eclipse.core.internal.resources.File.getContents(File.java:277)
	at org.eclipse.jdt.internal.core.util.Util.getResourceContentsAsByteArray(Util.java:1140)
	at org.eclipse.jdt.internal.core.builder.IncrementalImageBuilder.writeClassFileCheck(IncrementalImageBuilder.java:892)
	at org.eclipse.jdt.internal.core.builder.IncrementalImageBuilder.writeClassFileContents(IncrementalImageBuilder.java:834)
	at org.eclipse.jdt.internal.core.builder.AbstractImageBuilder.writeClassFile(AbstractImageBuilder.java:864)
	at org.eclipse.jdt.internal.core.builder.AbstractImageBuilder.acceptResult(AbstractImageBuilder.java:191)
	at org.eclipse.jdt.internal.compiler.Compiler.processCompiledUnits(Compiler.java:611)
	at org.eclipse.jdt.internal.compiler.Compiler.compile(Compiler.java:468)
	at org.eclipse.jdt.internal.compiler.Compiler.compile(Compiler.java:419)
	at org.eclipse.jdt.internal.core.builder.AbstractImageBuilder.compile(AbstractImageBuilder.java:372)
	at org.eclipse.jdt.internal.core.builder.IncrementalImageBuilder.compile(IncrementalImageBuilder.java:331)
	at org.eclipse.jdt.internal.core.builder.AbstractImageBuilder.compile(AbstractImageBuilder.java:305)
	at org.eclipse.jdt.internal.core.builder.IncrementalImageBuilder.build(IncrementalImageBuilder.java:136)
	at org.eclipse.jdt.internal.core.builder.JavaBuilder.buildDeltas(JavaBuilder.java:267)
	at org.eclipse.jdt.internal.core.builder.JavaBuilder.build(JavaBuilder.java:195)
	at org.eclipse.core.internal.events.BuildManager$2.run(BuildManager.java:735)
	at org.eclipse.core.runtime.SafeRunner.run(SafeRunner.java:42)
	at org.eclipse.core.internal.events.BuildManager.basicBuild(BuildManager.java:206)
	at org.eclipse.core.internal.events.BuildManager.basicBuild(BuildManager.java:246)
	at org.eclipse.core.internal.events.BuildManager$1.run(BuildManager.java:301)
	at org.eclipse.core.runtime.SafeRunner.run(SafeRunner.java:42)
	at org.eclipse.core.internal.events.BuildManager.basicBuild(BuildManager.java:304)
	at org.eclipse.core.internal.events.BuildManager.basicBuildLoop(BuildManager.java:360)
	at org.eclipse.core.internal.events.BuildManager.build(BuildManager.java:383)
	at org.eclipse.core.internal.events.AutoBuildJob.doBuild(AutoBuildJob.java:142)
	at org.eclipse.core.internal.events.AutoBuildJob.run(AutoBuildJob.java:232)
	at org.eclipse.core.internal.jobs.Worker.run(Worker.java:56)
!SUBENTRY 1 org.eclipse.core.resources 4 368 2018-03-16 12:43:59.683
!MESSAGE File not found: /Users/dijin/Library/Mobile Documents/com~apple~CloudDocs/GitHub/CS6367/pitest/pitest/target/classes/org/pitest/mutationtest/engine/gregor/config/Mutator.class.

!ENTRY org.eclipse.jdt.core 4 4 2018-03-16 12:43:59.703
!MESSAGE JavaBuilder handling CoreException
!STACK 1
org.eclipse.core.internal.resources.ResourceException: File not found: /Users/dijin/Library/Mobile Documents/com~apple~CloudDocs/GitHub/CS6367/pitest/pitest/target/classes/org/pitest/mutationtest/engine/gregor/config/GregorEngineFactory.class.
	at org.eclipse.core.internal.localstore.FileSystemResourceManager.read(FileSystemResourceManager.java:836)
	at org.eclipse.core.internal.resources.File.getContents(File.java:277)
	at org.eclipse.jdt.internal.core.util.Util.getResourceContentsAsByteArray(Util.java:1140)
	at org.eclipse.jdt.internal.core.builder.IncrementalImageBuilder.writeClassFileCheck(IncrementalImageBuilder.java:892)
	at org.eclipse.jdt.internal.core.builder.IncrementalImageBuilder.writeClassFileContents(IncrementalImageBuilder.java:834)
	at org.eclipse.jdt.internal.core.builder.AbstractImageBuilder.writeClassFile(AbstractImageBuilder.java:864)
	at org.eclipse.jdt.internal.core.builder.AbstractImageBuilder.acceptResult(AbstractImageBuilder.java:191)
	at org.eclipse.jdt.internal.compiler.Compiler.processCompiledUnits(Compiler.java:611)
	at org.eclipse.jdt.internal.compiler.Compiler.compile(Compiler.java:468)
	at org.eclipse.jdt.internal.compiler.Compiler.compile(Compiler.java:419)
	at org.eclipse.jdt.internal.core.builder.AbstractImageBuilder.compile(AbstractImageBuilder.java:372)
	at org.eclipse.jdt.internal.core.builder.IncrementalImageBuilder.compile(IncrementalImageBuilder.java:331)
	at org.eclipse.jdt.internal.core.builder.AbstractImageBuilder.compile(AbstractImageBuilder.java:305)
	at org.eclipse.jdt.internal.core.builder.IncrementalImageBuilder.build(IncrementalImageBuilder.java:136)
	at org.eclipse.jdt.internal.core.builder.JavaBuilder.buildDeltas(JavaBuilder.java:267)
	at org.eclipse.jdt.internal.core.builder.JavaBuilder.build(JavaBuilder.java:195)
	at org.eclipse.core.internal.events.BuildManager$2.run(BuildManager.java:735)
	at org.eclipse.core.runtime.SafeRunner.run(SafeRunner.java:42)
	at org.eclipse.core.internal.events.BuildManager.basicBuild(BuildManager.java:206)
	at org.eclipse.core.internal.events.BuildManager.basicBuild(BuildManager.java:246)
	at org.eclipse.core.internal.events.BuildManager$1.run(BuildManager.java:301)
	at org.eclipse.core.runtime.SafeRunner.run(SafeRunner.java:42)
	at org.eclipse.core.internal.events.BuildManager.basicBuild(BuildManager.java:304)
	at org.eclipse.core.internal.events.BuildManager.basicBuildLoop(BuildManager.java:360)
	at org.eclipse.core.internal.events.BuildManager.build(BuildManager.java:383)
	at org.eclipse.core.internal.events.AutoBuildJob.doBuild(AutoBuildJob.java:142)
	at org.eclipse.core.internal.events.AutoBuildJob.run(AutoBuildJob.java:232)
	at org.eclipse.core.internal.jobs.Worker.run(Worker.java:56)
!SUBENTRY 1 org.eclipse.core.resources 4 368 2018-03-16 12:43:59.703
!MESSAGE File not found: /Users/dijin/Library/Mobile Documents/com~apple~CloudDocs/GitHub/CS6367/pitest/pitest/target/classes/org/pitest/mutationtest/engine/gregor/config/GregorEngineFactory.class.

!ENTRY org.eclipse.jdt.core 4 4 2018-03-16 12:43:59.748
!MESSAGE JavaBuilder handling CoreException
!STACK 1
org.eclipse.core.internal.resources.ResourceException: File not found: /Users/dijin/Library/Mobile Documents/com~apple~CloudDocs/GitHub/CS6367/pitest/pitest/target/test-classes/org/pitest/mutationtest/engine/gregor/config/MutatorTest.class.
	at org.eclipse.core.internal.localstore.FileSystemResourceManager.read(FileSystemResourceManager.java:836)
	at org.eclipse.core.internal.resources.File.getContents(File.java:277)
	at org.eclipse.jdt.internal.core.util.Util.getResourceContentsAsByteArray(Util.java:1140)
	at org.eclipse.jdt.internal.core.builder.IncrementalImageBuilder.writeClassFileCheck(IncrementalImageBuilder.java:892)
	at org.eclipse.jdt.internal.core.builder.IncrementalImageBuilder.writeClassFileContents(IncrementalImageBuilder.java:834)
	at org.eclipse.jdt.internal.core.builder.AbstractImageBuilder.writeClassFile(AbstractImageBuilder.java:864)
	at org.eclipse.jdt.internal.core.builder.AbstractImageBuilder.acceptResult(AbstractImageBuilder.java:191)
	at org.eclipse.jdt.internal.compiler.Compiler.processCompiledUnits(Compiler.java:611)
	at org.eclipse.jdt.internal.compiler.Compiler.compile(Compiler.java:468)
	at org.eclipse.jdt.internal.compiler.Compiler.compile(Compiler.java:419)
	at org.eclipse.jdt.internal.core.builder.AbstractImageBuilder.compile(AbstractImageBuilder.java:372)
	at org.eclipse.jdt.internal.core.builder.IncrementalImageBuilder.compile(IncrementalImageBuilder.java:331)
	at org.eclipse.jdt.internal.core.builder.AbstractImageBuilder.compile(AbstractImageBuilder.java:305)
	at org.eclipse.jdt.internal.core.builder.IncrementalImageBuilder.build(IncrementalImageBuilder.java:136)
	at org.eclipse.jdt.internal.core.builder.JavaBuilder.buildDeltas(JavaBuilder.java:267)
	at org.eclipse.jdt.internal.core.builder.JavaBuilder.build(JavaBuilder.java:195)
	at org.eclipse.core.internal.events.BuildManager$2.run(BuildManager.java:735)
	at org.eclipse.core.runtime.SafeRunner.run(SafeRunner.java:42)
	at org.eclipse.core.internal.events.BuildManager.basicBuild(BuildManager.java:206)
	at org.eclipse.core.internal.events.BuildManager.basicBuild(BuildManager.java:246)
	at org.eclipse.core.internal.events.BuildManager$1.run(BuildManager.java:301)
	at org.eclipse.core.runtime.SafeRunner.run(SafeRunner.java:42)
	at org.eclipse.core.internal.events.BuildManager.basicBuild(BuildManager.java:304)
	at org.eclipse.core.internal.events.BuildManager.basicBuildLoop(BuildManager.java:360)
	at org.eclipse.core.internal.events.BuildManager.build(BuildManager.java:383)
	at org.eclipse.core.internal.events.AutoBuildJob.doBuild(AutoBuildJob.java:142)
	at org.eclipse.core.internal.events.AutoBuildJob.run(AutoBuildJob.java:232)
	at org.eclipse.core.internal.jobs.Worker.run(Worker.java:56)
!SUBENTRY 1 org.eclipse.core.resources 4 368 2018-03-16 12:43:59.749
!MESSAGE File not found: /Users/dijin/Library/Mobile Documents/com~apple~CloudDocs/GitHub/CS6367/pitest/pitest/target/test-classes/org/pitest/mutationtest/engine/gregor/config/MutatorTest.class.

!ENTRY org.eclipse.jdt.core 4 4 2018-03-16 12:43:59.763
!MESSAGE JavaBuilder handling CoreException
!STACK 1
org.eclipse.core.internal.resources.ResourceException: File not found: /Users/dijin/Library/Mobile Documents/com~apple~CloudDocs/GitHub/CS6367/pitest/pitest/target/test-classes/org/pitest/mutationtest/engine/gregor/TestGregorMutater.class.
	at org.eclipse.core.internal.localstore.FileSystemResourceManager.read(FileSystemResourceManager.java:836)
	at org.eclipse.core.internal.resources.File.getContents(File.java:277)
	at org.eclipse.jdt.internal.core.util.Util.getResourceContentsAsByteArray(Util.java:1140)
	at org.eclipse.jdt.internal.core.builder.IncrementalImageBuilder.writeClassFileCheck(IncrementalImageBuilder.java:892)
	at org.eclipse.jdt.internal.core.builder.IncrementalImageBuilder.writeClassFileContents(IncrementalImageBuilder.java:834)
	at org.eclipse.jdt.internal.core.builder.AbstractImageBuilder.writeClassFile(AbstractImageBuilder.java:864)
	at org.eclipse.jdt.internal.core.builder.AbstractImageBuilder.acceptResult(AbstractImageBuilder.java:191)
	at org.eclipse.jdt.internal.compiler.Compiler.processCompiledUnits(Compiler.java:611)
	at org.eclipse.jdt.internal.compiler.Compiler.compile(Compiler.java:468)
	at org.eclipse.jdt.internal.compiler.Compiler.compile(Compiler.java:419)
	at org.eclipse.jdt.internal.core.builder.AbstractImageBuilder.compile(AbstractImageBuilder.java:372)
	at org.eclipse.jdt.internal.core.builder.IncrementalImageBuilder.compile(IncrementalImageBuilder.java:331)
	at org.eclipse.jdt.internal.core.builder.AbstractImageBuilder.compile(AbstractImageBuilder.java:305)
	at org.eclipse.jdt.internal.core.builder.IncrementalImageBuilder.build(IncrementalImageBuilder.java:136)
	at org.eclipse.jdt.internal.core.builder.JavaBuilder.buildDeltas(JavaBuilder.java:267)
	at org.eclipse.jdt.internal.core.builder.JavaBuilder.build(JavaBuilder.java:195)
	at org.eclipse.core.internal.events.BuildManager$2.run(BuildManager.java:735)
	at org.eclipse.core.runtime.SafeRunner.run(SafeRunner.java:42)
	at org.eclipse.core.internal.events.BuildManager.basicBuild(BuildManager.java:206)
	at org.eclipse.core.internal.events.BuildManager.basicBuild(BuildManager.java:246)
	at org.eclipse.core.internal.events.BuildManager$1.run(BuildManager.java:301)
	at org.eclipse.core.runtime.SafeRunner.run(SafeRunner.java:42)
	at org.eclipse.core.internal.events.BuildManager.basicBuild(BuildManager.java:304)
	at org.eclipse.core.internal.events.BuildManager.basicBuildLoop(BuildManager.java:360)
	at org.eclipse.core.internal.events.BuildManager.build(BuildManager.java:383)
	at org.eclipse.core.internal.events.AutoBuildJob.doBuild(AutoBuildJob.java:142)
	at org.eclipse.core.internal.events.AutoBuildJob.run(AutoBuildJob.java:232)
	at org.eclipse.core.internal.jobs.Worker.run(Worker.java:56)
!SUBENTRY 1 org.eclipse.core.resources 4 368 2018-03-16 12:43:59.763
!MESSAGE File not found: /Users/dijin/Library/Mobile Documents/com~apple~CloudDocs/GitHub/CS6367/pitest/pitest/target/test-classes/org/pitest/mutationtest/engine/gregor/TestGregorMutater.class.

!ENTRY org.eclipse.jdt.core 4 4 2018-03-16 12:43:59.764
!MESSAGE JavaBuilder handling CoreException
!STACK 1
org.eclipse.core.internal.resources.ResourceException: File not found: /Users/dijin/Library/Mobile Documents/com~apple~CloudDocs/GitHub/CS6367/pitest/pitest/target/test-classes/org/pitest/mutationtest/engine/gregor/TestGregorMutater$HasFinallyBlock.class.
	at org.eclipse.core.internal.localstore.FileSystemResourceManager.read(FileSystemResourceManager.java:836)
	at org.eclipse.core.internal.resources.File.getContents(File.java:277)
	at org.eclipse.jdt.internal.core.util.Util.getResourceContentsAsByteArray(Util.java:1140)
	at org.eclipse.jdt.internal.core.builder.IncrementalImageBuilder.writeClassFileCheck(IncrementalImageBuilder.java:892)
	at org.eclipse.jdt.internal.core.builder.IncrementalImageBuilder.writeClassFileContents(IncrementalImageBuilder.java:834)
	at org.eclipse.jdt.internal.core.builder.AbstractImageBuilder.writeClassFile(AbstractImageBuilder.java:864)
	at org.eclipse.jdt.internal.core.builder.AbstractImageBuilder.acceptResult(AbstractImageBuilder.java:191)
	at org.eclipse.jdt.internal.compiler.Compiler.processCompiledUnits(Compiler.java:611)
	at org.eclipse.jdt.internal.compiler.Compiler.compile(Compiler.java:468)
	at org.eclipse.jdt.internal.compiler.Compiler.compile(Compiler.java:419)
	at org.eclipse.jdt.internal.core.builder.AbstractImageBuilder.compile(AbstractImageBuilder.java:372)
	at org.eclipse.jdt.internal.core.builder.IncrementalImageBuilder.compile(IncrementalImageBuilder.java:331)
	at org.eclipse.jdt.internal.core.builder.AbstractImageBuilder.compile(AbstractImageBuilder.java:305)
	at org.eclipse.jdt.internal.core.builder.IncrementalImageBuilder.build(IncrementalImageBuilder.java:136)
	at org.eclipse.jdt.internal.core.builder.JavaBuilder.buildDeltas(JavaBuilder.java:267)
	at org.eclipse.jdt.internal.core.builder.JavaBuilder.build(JavaBuilder.java:195)
	at org.eclipse.core.internal.events.BuildManager$2.run(BuildManager.java:735)
	at org.eclipse.core.runtime.SafeRunner.run(SafeRunner.java:42)
	at org.eclipse.core.internal.events.BuildManager.basicBuild(BuildManager.java:206)
	at org.eclipse.core.internal.events.BuildManager.basicBuild(BuildManager.java:246)
	at org.eclipse.core.internal.events.BuildManager$1.run(BuildManager.java:301)
	at org.eclipse.core.runtime.SafeRunner.run(SafeRunner.java:42)
	at org.eclipse.core.internal.events.BuildManager.basicBuild(BuildManager.java:304)
	at org.eclipse.core.internal.events.BuildManager.basicBuildLoop(BuildManager.java:360)
	at org.eclipse.core.internal.events.BuildManager.build(BuildManager.java:383)
	at org.eclipse.core.internal.events.AutoBuildJob.doBuild(AutoBuildJob.java:142)
	at org.eclipse.core.internal.events.AutoBuildJob.run(AutoBuildJob.java:232)
	at org.eclipse.core.internal.jobs.Worker.run(Worker.java:56)
!SUBENTRY 1 org.eclipse.core.resources 4 368 2018-03-16 12:43:59.764
!MESSAGE File not found: /Users/dijin/Library/Mobile Documents/com~apple~CloudDocs/GitHub/CS6367/pitest/pitest/target/test-classes/org/pitest/mutationtest/engine/gregor/TestGregorMutater$HasFinallyBlock.class.

!ENTRY org.eclipse.jdt.core 4 4 2018-03-16 12:43:59.765
!MESSAGE JavaBuilder handling CoreException
!STACK 1
org.eclipse.core.internal.resources.ResourceException: File not found: /Users/dijin/Library/Mobile Documents/com~apple~CloudDocs/GitHub/CS6367/pitest/pitest/target/test-classes/org/pitest/mutationtest/engine/gregor/TestGregorMutater$AnEnum.class.
	at org.eclipse.core.internal.localstore.FileSystemResourceManager.read(FileSystemResourceManager.java:836)
	at org.eclipse.core.internal.resources.File.getContents(File.java:277)
	at org.eclipse.jdt.internal.core.util.Util.getResourceContentsAsByteArray(Util.java:1140)
	at org.eclipse.jdt.internal.core.builder.IncrementalImageBuilder.writeClassFileCheck(IncrementalImageBuilder.java:892)
	at org.eclipse.jdt.internal.core.builder.IncrementalImageBuilder.writeClassFileContents(IncrementalImageBuilder.java:834)
	at org.eclipse.jdt.internal.core.builder.AbstractImageBuilder.writeClassFile(AbstractImageBuilder.java:864)
	at org.eclipse.jdt.internal.core.builder.AbstractImageBuilder.acceptResult(AbstractImageBuilder.java:191)
	at org.eclipse.jdt.internal.compiler.Compiler.processCompiledUnits(Compiler.java:611)
	at org.eclipse.jdt.internal.compiler.Compiler.compile(Compiler.java:468)
	at org.eclipse.jdt.internal.compiler.Compiler.compile(Compiler.java:419)
	at org.eclipse.jdt.internal.core.builder.AbstractImageBuilder.compile(AbstractImageBuilder.java:372)
	at org.eclipse.jdt.internal.core.builder.IncrementalImageBuilder.compile(IncrementalImageBuilder.java:331)
	at org.eclipse.jdt.internal.core.builder.AbstractImageBuilder.compile(AbstractImageBuilder.java:305)
	at org.eclipse.jdt.internal.core.builder.IncrementalImageBuilder.build(IncrementalImageBuilder.java:136)
	at org.eclipse.jdt.internal.core.builder.JavaBuilder.buildDeltas(JavaBuilder.java:267)
	at org.eclipse.jdt.internal.core.builder.JavaBuilder.build(JavaBuilder.java:195)
	at org.eclipse.core.internal.events.BuildManager$2.run(BuildManager.java:735)
	at org.eclipse.core.runtime.SafeRunner.run(SafeRunner.java:42)
	at org.eclipse.core.internal.events.BuildManager.basicBuild(BuildManager.java:206)
	at org.eclipse.core.internal.events.BuildManager.basicBuild(BuildManager.java:246)
	at org.eclipse.core.internal.events.BuildManager$1.run(BuildManager.java:301)
	at org.eclipse.core.runtime.SafeRunner.run(SafeRunner.java:42)
	at org.eclipse.core.internal.events.BuildManager.basicBuild(BuildManager.java:304)
	at org.eclipse.core.internal.events.BuildManager.basicBuildLoop(BuildManager.java:360)
	at org.eclipse.core.internal.events.BuildManager.build(BuildManager.java:383)
	at org.eclipse.core.internal.events.AutoBuildJob.doBuild(AutoBuildJob.java:142)
	at org.eclipse.core.internal.events.AutoBuildJob.run(AutoBuildJob.java:232)
	at org.eclipse.core.internal.jobs.Worker.run(Worker.java:56)
!SUBENTRY 1 org.eclipse.core.resources 4 368 2018-03-16 12:43:59.766
!MESSAGE File not found: /Users/dijin/Library/Mobile Documents/com~apple~CloudDocs/GitHub/CS6367/pitest/pitest/target/test-classes/org/pitest/mutationtest/engine/gregor/TestGregorMutater$AnEnum.class.

!ENTRY org.eclipse.jdt.core 4 4 2018-03-16 12:43:59.768
!MESSAGE JavaBuilder handling CoreException
!STACK 1
org.eclipse.core.internal.resources.ResourceException: File not found: /Users/dijin/Library/Mobile Documents/com~apple~CloudDocs/GitHub/CS6367/pitest/pitest/target/test-classes/org/pitest/mutationtest/engine/gregor/TestGregorMutater$SimpleBranch.class.
	at org.eclipse.core.internal.localstore.FileSystemResourceManager.read(FileSystemResourceManager.java:836)
	at org.eclipse.core.internal.resources.File.getContents(File.java:277)
	at org.eclipse.jdt.internal.core.util.Util.getResourceContentsAsByteArray(Util.java:1140)
	at org.eclipse.jdt.internal.core.builder.IncrementalImageBuilder.writeClassFileCheck(IncrementalImageBuilder.java:892)
	at org.eclipse.jdt.internal.core.builder.IncrementalImageBuilder.writeClassFileContents(IncrementalImageBuilder.java:834)
	at org.eclipse.jdt.internal.core.builder.AbstractImageBuilder.writeClassFile(AbstractImageBuilder.java:864)
	at org.eclipse.jdt.internal.core.builder.AbstractImageBuilder.acceptResult(AbstractImageBuilder.java:191)
	at org.eclipse.jdt.internal.compiler.Compiler.processCompiledUnits(Compiler.java:611)
	at org.eclipse.jdt.internal.compiler.Compiler.compile(Compiler.java:468)
	at org.eclipse.jdt.internal.compiler.Compiler.compile(Compiler.java:419)
	at org.eclipse.jdt.internal.core.builder.AbstractImageBuilder.compile(AbstractImageBuilder.java:372)
	at org.eclipse.jdt.internal.core.builder.IncrementalImageBuilder.compile(IncrementalImageBuilder.java:331)
	at org.eclipse.jdt.internal.core.builder.AbstractImageBuilder.compile(AbstractImageBuilder.java:305)
	at org.eclipse.jdt.internal.core.builder.IncrementalImageBuilder.build(IncrementalImageBuilder.java:136)
	at org.eclipse.jdt.internal.core.builder.JavaBuilder.buildDeltas(JavaBuilder.java:267)
	at org.eclipse.jdt.internal.core.builder.JavaBuilder.build(JavaBuilder.java:195)
	at org.eclipse.core.internal.events.BuildManager$2.run(BuildManager.java:735)
	at org.eclipse.core.runtime.SafeRunner.run(SafeRunner.java:42)
	at org.eclipse.core.internal.events.BuildManager.basicBuild(BuildManager.java:206)
	at org.eclipse.core.internal.events.BuildManager.basicBuild(BuildManager.java:246)
	at org.eclipse.core.internal.events.BuildManager$1.run(BuildManager.java:301)
	at org.eclipse.core.runtime.SafeRunner.run(SafeRunner.java:42)
	at org.eclipse.core.internal.events.BuildManager.basicBuild(BuildManager.java:304)
	at org.eclipse.core.internal.events.BuildManager.basicBuildLoop(BuildManager.java:360)
	at org.eclipse.core.internal.events.BuildManager.build(BuildManager.java:383)
	at org.eclipse.core.internal.events.AutoBuildJob.doBuild(AutoBuildJob.java:142)
	at org.eclipse.core.internal.events.AutoBuildJob.run(AutoBuildJob.java:232)
	at org.eclipse.core.internal.jobs.Worker.run(Worker.java:56)
!SUBENTRY 1 org.eclipse.core.resources 4 368 2018-03-16 12:43:59.768
!MESSAGE File not found: /Users/dijin/Library/Mobile Documents/com~apple~CloudDocs/GitHub/CS6367/pitest/pitest/target/test-classes/org/pitest/mutationtest/engine/gregor/TestGregorMutater$SimpleBranch.class.

!ENTRY org.eclipse.jdt.core 4 4 2018-03-16 12:43:59.769
!MESSAGE JavaBuilder handling CoreException
!STACK 1
org.eclipse.core.internal.resources.ResourceException: File not found: /Users/dijin/Library/Mobile Documents/com~apple~CloudDocs/GitHub/CS6367/pitest/pitest/target/test-classes/org/pitest/mutationtest/engine/gregor/TestGregorMutater$HasTwoMutableMethods.class.
	at org.eclipse.core.internal.localstore.FileSystemResourceManager.read(FileSystemResourceManager.java:836)
	at org.eclipse.core.internal.resources.File.getContents(File.java:277)
	at org.eclipse.jdt.internal.core.util.Util.getResourceContentsAsByteArray(Util.java:1140)
	at org.eclipse.jdt.internal.core.builder.IncrementalImageBuilder.writeClassFileCheck(IncrementalImageBuilder.java:892)
	at org.eclipse.jdt.internal.core.builder.IncrementalImageBuilder.writeClassFileContents(IncrementalImageBuilder.java:834)
	at org.eclipse.jdt.internal.core.builder.AbstractImageBuilder.writeClassFile(AbstractImageBuilder.java:864)
	at org.eclipse.jdt.internal.core.builder.AbstractImageBuilder.acceptResult(AbstractImageBuilder.java:191)
	at org.eclipse.jdt.internal.compiler.Compiler.processCompiledUnits(Compiler.java:611)
	at org.eclipse.jdt.internal.compiler.Compiler.compile(Compiler.java:468)
	at org.eclipse.jdt.internal.compiler.Compiler.compile(Compiler.java:419)
	at org.eclipse.jdt.internal.core.builder.AbstractImageBuilder.compile(AbstractImageBuilder.java:372)
	at org.eclipse.jdt.internal.core.builder.IncrementalImageBuilder.compile(IncrementalImageBuilder.java:331)
	at org.eclipse.jdt.internal.core.builder.AbstractImageBuilder.compile(AbstractImageBuilder.java:305)
	at org.eclipse.jdt.internal.core.builder.IncrementalImageBuilder.build(IncrementalImageBuilder.java:136)
	at org.eclipse.jdt.internal.core.builder.JavaBuilder.buildDeltas(JavaBuilder.java:267)
	at org.eclipse.jdt.internal.core.builder.JavaBuilder.build(JavaBuilder.java:195)
	at org.eclipse.core.internal.events.BuildManager$2.run(BuildManager.java:735)
	at org.eclipse.core.runtime.SafeRunner.run(SafeRunner.java:42)
	at org.eclipse.core.internal.events.BuildManager.basicBuild(BuildManager.java:206)
	at org.eclipse.core.internal.events.BuildManager.basicBuild(BuildManager.java:246)
	at org.eclipse.core.internal.events.BuildManager$1.run(BuildManager.java:301)
	at org.eclipse.core.runtime.SafeRunner.run(SafeRunner.java:42)
	at org.eclipse.core.internal.events.BuildManager.basicBuild(BuildManager.java:304)
	at org.eclipse.core.internal.events.BuildManager.basicBuildLoop(BuildManager.java:360)
	at org.eclipse.core.internal.events.BuildManager.build(BuildManager.java:383)
	at org.eclipse.core.internal.events.AutoBuildJob.doBuild(AutoBuildJob.java:142)
	at org.eclipse.core.internal.events.AutoBuildJob.run(AutoBuildJob.java:232)
	at org.eclipse.core.internal.jobs.Worker.run(Worker.java:56)
!SUBENTRY 1 org.eclipse.core.resources 4 368 2018-03-16 12:43:59.770
!MESSAGE File not found: /Users/dijin/Library/Mobile Documents/com~apple~CloudDocs/GitHub/CS6367/pitest/pitest/target/test-classes/org/pitest/mutationtest/engine/gregor/TestGregorMutater$HasTwoMutableMethods.class.

!ENTRY org.eclipse.jdt.core 4 4 2018-03-16 12:43:59.770
!MESSAGE JavaBuilder handling CoreException
!STACK 1
org.eclipse.core.internal.resources.ResourceException: File not found: /Users/dijin/Library/Mobile Documents/com~apple~CloudDocs/GitHub/CS6367/pitest/pitest/target/test-classes/org/pitest/mutationtest/engine/gregor/TestGregorMutater$HasAssertStatement.class.
	at org.eclipse.core.internal.localstore.FileSystemResourceManager.read(FileSystemResourceManager.java:836)
	at org.eclipse.core.internal.resources.File.getContents(File.java:277)
	at org.eclipse.jdt.internal.core.util.Util.getResourceContentsAsByteArray(Util.java:1140)
	at org.eclipse.jdt.internal.core.builder.IncrementalImageBuilder.writeClassFileCheck(IncrementalImageBuilder.java:892)
	at org.eclipse.jdt.internal.core.builder.IncrementalImageBuilder.writeClassFileContents(IncrementalImageBuilder.java:834)
	at org.eclipse.jdt.internal.core.builder.AbstractImageBuilder.writeClassFile(AbstractImageBuilder.java:864)
	at org.eclipse.jdt.internal.core.builder.AbstractImageBuilder.acceptResult(AbstractImageBuilder.java:191)
	at org.eclipse.jdt.internal.compiler.Compiler.processCompiledUnits(Compiler.java:611)
	at org.eclipse.jdt.internal.compiler.Compiler.compile(Compiler.java:468)
	at org.eclipse.jdt.internal.compiler.Compiler.compile(Compiler.java:419)
	at org.eclipse.jdt.internal.core.builder.AbstractImageBuilder.compile(AbstractImageBuilder.java:372)
	at org.eclipse.jdt.internal.core.builder.IncrementalImageBuilder.compile(IncrementalImageBuilder.java:331)
	at org.eclipse.jdt.internal.core.builder.AbstractImageBuilder.compile(AbstractImageBuilder.java:305)
	at org.eclipse.jdt.internal.core.builder.IncrementalImageBuilder.build(IncrementalImageBuilder.java:136)
	at org.eclipse.jdt.internal.core.builder.JavaBuilder.buildDeltas(JavaBuilder.java:267)
	at org.eclipse.jdt.internal.core.builder.JavaBuilder.build(JavaBuilder.java:195)
	at org.eclipse.core.internal.events.BuildManager$2.run(BuildManager.java:735)
	at org.eclipse.core.runtime.SafeRunner.run(SafeRunner.java:42)
	at org.eclipse.core.internal.events.BuildManager.basicBuild(BuildManager.java:206)
	at org.eclipse.core.internal.events.BuildManager.basicBuild(BuildManager.java:246)
	at org.eclipse.core.internal.events.BuildManager$1.run(BuildManager.java:301)
	at org.eclipse.core.runtime.SafeRunner.run(SafeRunner.java:42)
	at org.eclipse.core.internal.events.BuildManager.basicBuild(BuildManager.java:304)
	at org.eclipse.core.internal.events.BuildManager.basicBuildLoop(BuildManager.java:360)
	at org.eclipse.core.internal.events.BuildManager.build(BuildManager.java:383)
	at org.eclipse.core.internal.events.AutoBuildJob.doBuild(AutoBuildJob.java:142)
	at org.eclipse.core.internal.events.AutoBuildJob.run(AutoBuildJob.java:232)
	at org.eclipse.core.internal.jobs.Worker.run(Worker.java:56)
!SUBENTRY 1 org.eclipse.core.resources 4 368 2018-03-16 12:43:59.771
!MESSAGE File not found: /Users/dijin/Library/Mobile Documents/com~apple~CloudDocs/GitHub/CS6367/pitest/pitest/target/test-classes/org/pitest/mutationtest/engine/gregor/TestGregorMutater$HasAssertStatement.class.

!ENTRY org.eclipse.jdt.core 4 4 2018-03-16 12:43:59.771
!MESSAGE JavaBuilder handling CoreException
!STACK 1
org.eclipse.core.internal.resources.ResourceException: File not found: /Users/dijin/Library/Mobile Documents/com~apple~CloudDocs/GitHub/CS6367/pitest/pitest/target/test-classes/org/pitest/mutationtest/engine/gregor/TestGregorMutater$FallThroughSwitch.class.
	at org.eclipse.core.internal.localstore.FileSystemResourceManager.read(FileSystemResourceManager.java:836)
	at org.eclipse.core.internal.resources.File.getContents(File.java:277)
	at org.eclipse.jdt.internal.core.util.Util.getResourceContentsAsByteArray(Util.java:1140)
	at org.eclipse.jdt.internal.core.builder.IncrementalImageBuilder.writeClassFileCheck(IncrementalImageBuilder.java:892)
	at org.eclipse.jdt.internal.core.builder.IncrementalImageBuilder.writeClassFileContents(IncrementalImageBuilder.java:834)
	at org.eclipse.jdt.internal.core.builder.AbstractImageBuilder.writeClassFile(AbstractImageBuilder.java:864)
	at org.eclipse.jdt.internal.core.builder.AbstractImageBuilder.acceptResult(AbstractImageBuilder.java:191)
	at org.eclipse.jdt.internal.compiler.Compiler.processCompiledUnits(Compiler.java:611)
	at org.eclipse.jdt.internal.compiler.Compiler.compile(Compiler.java:468)
	at org.eclipse.jdt.internal.compiler.Compiler.compile(Compiler.java:419)
	at org.eclipse.jdt.internal.core.builder.AbstractImageBuilder.compile(AbstractImageBuilder.java:372)
	at org.eclipse.jdt.internal.core.builder.IncrementalImageBuilder.compile(IncrementalImageBuilder.java:331)
	at org.eclipse.jdt.internal.core.builder.AbstractImageBuilder.compile(AbstractImageBuilder.java:305)
	at org.eclipse.jdt.internal.core.builder.IncrementalImageBuilder.build(IncrementalImageBuilder.java:136)
	at org.eclipse.jdt.internal.core.builder.JavaBuilder.buildDeltas(JavaBuilder.java:267)
	at org.eclipse.jdt.internal.core.builder.JavaBuilder.build(JavaBuilder.java:195)
	at org.eclipse.core.internal.events.BuildManager$2.run(BuildManager.java:735)
	at org.eclipse.core.runtime.SafeRunner.run(SafeRunner.java:42)
	at org.eclipse.core.internal.events.BuildManager.basicBuild(BuildManager.java:206)
	at org.eclipse.core.internal.events.BuildManager.basicBuild(BuildManager.java:246)
	at org.eclipse.core.internal.events.BuildManager$1.run(BuildManager.java:301)
	at org.eclipse.core.runtime.SafeRunner.run(SafeRunner.java:42)
	at org.eclipse.core.internal.events.BuildManager.basicBuild(BuildManager.java:304)
	at org.eclipse.core.internal.events.BuildManager.basicBuildLoop(BuildManager.java:360)
	at org.eclipse.core.internal.events.BuildManager.build(BuildManager.java:383)
	at org.eclipse.core.internal.events.AutoBuildJob.doBuild(AutoBuildJob.java:142)
	at org.eclipse.core.internal.events.AutoBuildJob.run(AutoBuildJob.java:232)
	at org.eclipse.core.internal.jobs.Worker.run(Worker.java:56)
!SUBENTRY 1 org.eclipse.core.resources 4 368 2018-03-16 12:43:59.772
!MESSAGE File not found: /Users/dijin/Library/Mobile Documents/com~apple~CloudDocs/GitHub/CS6367/pitest/pitest/target/test-classes/org/pitest/mutationtest/engine/gregor/TestGregorMutater$FallThroughSwitch.class.

!ENTRY org.eclipse.jdt.core 4 4 2018-03-16 12:43:59.772
!MESSAGE JavaBuilder handling CoreException
!STACK 1
org.eclipse.core.internal.resources.ResourceException: File not found: /Users/dijin/Library/Mobile Documents/com~apple~CloudDocs/GitHub/CS6367/pitest/pitest/target/test-classes/org/pitest/mutationtest/engine/gregor/TestGregorMutater$HasMultipleMutations.class.
	at org.eclipse.core.internal.localstore.FileSystemResourceManager.read(FileSystemResourceManager.java:836)
	at org.eclipse.core.internal.resources.File.getContents(File.java:277)
	at org.eclipse.jdt.internal.core.util.Util.getResourceContentsAsByteArray(Util.java:1140)
	at org.eclipse.jdt.internal.core.builder.IncrementalImageBuilder.writeClassFileCheck(IncrementalImageBuilder.java:892)
	at org.eclipse.jdt.internal.core.builder.IncrementalImageBuilder.writeClassFileContents(IncrementalImageBuilder.java:834)
	at org.eclipse.jdt.internal.core.builder.AbstractImageBuilder.writeClassFile(AbstractImageBuilder.java:864)
	at org.eclipse.jdt.internal.core.builder.AbstractImageBuilder.acceptResult(AbstractImageBuilder.java:191)
	at org.eclipse.jdt.internal.compiler.Compiler.processCompiledUnits(Compiler.java:611)
	at org.eclipse.jdt.internal.compiler.Compiler.compile(Compiler.java:468)
	at org.eclipse.jdt.internal.compiler.Compiler.compile(Compiler.java:419)
	at org.eclipse.jdt.internal.core.builder.AbstractImageBuilder.compile(AbstractImageBuilder.java:372)
	at org.eclipse.jdt.internal.core.builder.IncrementalImageBuilder.compile(IncrementalImageBuilder.java:331)
	at org.eclipse.jdt.internal.core.builder.AbstractImageBuilder.compile(AbstractImageBuilder.java:305)
	at org.eclipse.jdt.internal.core.builder.IncrementalImageBuilder.build(IncrementalImageBuilder.java:136)
	at org.eclipse.jdt.internal.core.builder.JavaBuilder.buildDeltas(JavaBuilder.java:267)
	at org.eclipse.jdt.internal.core.builder.JavaBuilder.build(JavaBuilder.java:195)
	at org.eclipse.core.internal.events.BuildManager$2.run(BuildManager.java:735)
	at org.eclipse.core.runtime.SafeRunner.run(SafeRunner.java:42)
	at org.eclipse.core.internal.events.BuildManager.basicBuild(BuildManager.java:206)
	at org.eclipse.core.internal.events.BuildManager.basicBuild(BuildManager.java:246)
	at org.eclipse.core.internal.events.BuildManager$1.run(BuildManager.java:301)
	at org.eclipse.core.runtime.SafeRunner.run(SafeRunner.java:42)
	at org.eclipse.core.internal.events.BuildManager.basicBuild(BuildManager.java:304)
	at org.eclipse.core.internal.events.BuildManager.basicBuildLoop(BuildManager.java:360)
	at org.eclipse.core.internal.events.BuildManager.build(BuildManager.java:383)
	at org.eclipse.core.internal.events.AutoBuildJob.doBuild(AutoBuildJob.java:142)
	at org.eclipse.core.internal.events.AutoBuildJob.run(AutoBuildJob.java:232)
	at org.eclipse.core.internal.jobs.Worker.run(Worker.java:56)
!SUBENTRY 1 org.eclipse.core.resources 4 368 2018-03-16 12:43:59.772
!MESSAGE File not found: /Users/dijin/Library/Mobile Documents/com~apple~CloudDocs/GitHub/CS6367/pitest/pitest/target/test-classes/org/pitest/mutationtest/engine/gregor/TestGregorMutater$HasMultipleMutations.class.

!ENTRY org.eclipse.jdt.core 4 4 2018-03-16 12:43:59.773
!MESSAGE JavaBuilder handling CoreException
!STACK 1
org.eclipse.core.internal.resources.ResourceException: File not found: /Users/dijin/Library/Mobile Documents/com~apple~CloudDocs/GitHub/CS6367/pitest/pitest/target/test-classes/org/pitest/mutationtest/engine/gregor/TestGregorMutater$EnumWithCustomConstructor.class.
	at org.eclipse.core.internal.localstore.FileSystemResourceManager.read(FileSystemResourceManager.java:836)
	at org.eclipse.core.internal.resources.File.getContents(File.java:277)
	at org.eclipse.jdt.internal.core.util.Util.getResourceContentsAsByteArray(Util.java:1140)
	at org.eclipse.jdt.internal.core.builder.IncrementalImageBuilder.writeClassFileCheck(IncrementalImageBuilder.java:892)
	at org.eclipse.jdt.internal.core.builder.IncrementalImageBuilder.writeClassFileContents(IncrementalImageBuilder.java:834)
	at org.eclipse.jdt.internal.core.builder.AbstractImageBuilder.writeClassFile(AbstractImageBuilder.java:864)
	at org.eclipse.jdt.internal.core.builder.AbstractImageBuilder.acceptResult(AbstractImageBuilder.java:191)
	at org.eclipse.jdt.internal.compiler.Compiler.processCompiledUnits(Compiler.java:611)
	at org.eclipse.jdt.internal.compiler.Compiler.compile(Compiler.java:468)
	at org.eclipse.jdt.internal.compiler.Compiler.compile(Compiler.java:419)
	at org.eclipse.jdt.internal.core.builder.AbstractImageBuilder.compile(AbstractImageBuilder.java:372)
	at org.eclipse.jdt.internal.core.builder.IncrementalImageBuilder.compile(IncrementalImageBuilder.java:331)
	at org.eclipse.jdt.internal.core.builder.AbstractImageBuilder.compile(AbstractImageBuilder.java:305)
	at org.eclipse.jdt.internal.core.builder.IncrementalImageBuilder.build(IncrementalImageBuilder.java:136)
	at org.eclipse.jdt.internal.core.builder.JavaBuilder.buildDeltas(JavaBuilder.java:267)
	at org.eclipse.jdt.internal.core.builder.JavaBuilder.build(JavaBuilder.java:195)
	at org.eclipse.core.internal.events.BuildManager$2.run(BuildManager.java:735)
	at org.eclipse.core.runtime.SafeRunner.run(SafeRunner.java:42)
	at org.eclipse.core.internal.events.BuildManager.basicBuild(BuildManager.java:206)
	at org.eclipse.core.internal.events.BuildManager.basicBuild(BuildManager.java:246)
	at org.eclipse.core.internal.events.BuildManager$1.run(BuildManager.java:301)
	at org.eclipse.core.runtime.SafeRunner.run(SafeRunner.java:42)
	at org.eclipse.core.internal.events.BuildManager.basicBuild(BuildManager.java:304)
	at org.eclipse.core.internal.events.BuildManager.basicBuildLoop(BuildManager.java:360)
	at org.eclipse.core.internal.events.BuildManager.build(BuildManager.java:383)
	at org.eclipse.core.internal.events.AutoBuildJob.doBuild(AutoBuildJob.java:142)
	at org.eclipse.core.internal.events.AutoBuildJob.run(AutoBuildJob.java:232)
	at org.eclipse.core.internal.jobs.Worker.run(Worker.java:56)
!SUBENTRY 1 org.eclipse.core.resources 4 368 2018-03-16 12:43:59.773
!MESSAGE File not found: /Users/dijin/Library/Mobile Documents/com~apple~CloudDocs/GitHub/CS6367/pitest/pitest/target/test-classes/org/pitest/mutationtest/engine/gregor/TestGregorMutater$EnumWithCustomConstructor.class.

!ENTRY org.eclipse.jdt.core 4 4 2018-03-16 12:43:59.774
!MESSAGE JavaBuilder handling CoreException
!STACK 1
org.eclipse.core.internal.resources.ResourceException: File not found: /Users/dijin/Library/Mobile Documents/com~apple~CloudDocs/GitHub/CS6367/pitest/pitest/target/test-classes/org/pitest/mutationtest/engine/gregor/TestGregorMutater$OneStraightThroughMethod.class.
	at org.eclipse.core.internal.localstore.FileSystemResourceManager.read(FileSystemResourceManager.java:836)
	at org.eclipse.core.internal.resources.File.getContents(File.java:277)
	at org.eclipse.jdt.internal.core.util.Util.getResourceContentsAsByteArray(Util.java:1140)
	at org.eclipse.jdt.internal.core.builder.IncrementalImageBuilder.writeClassFileCheck(IncrementalImageBuilder.java:892)
	at org.eclipse.jdt.internal.core.builder.IncrementalImageBuilder.writeClassFileContents(IncrementalImageBuilder.java:834)
	at org.eclipse.jdt.internal.core.builder.AbstractImageBuilder.writeClassFile(AbstractImageBuilder.java:864)
	at org.eclipse.jdt.internal.core.builder.AbstractImageBuilder.acceptResult(AbstractImageBuilder.java:191)
	at org.eclipse.jdt.internal.compiler.Compiler.processCompiledUnits(Compiler.java:611)
	at org.eclipse.jdt.internal.compiler.Compiler.compile(Compiler.java:468)
	at org.eclipse.jdt.internal.compiler.Compiler.compile(Compiler.java:419)
	at org.eclipse.jdt.internal.core.builder.AbstractImageBuilder.compile(AbstractImageBuilder.java:372)
	at org.eclipse.jdt.internal.core.builder.IncrementalImageBuilder.compile(IncrementalImageBuilder.java:331)
	at org.eclipse.jdt.internal.core.builder.AbstractImageBuilder.compile(AbstractImageBuilder.java:305)
	at org.eclipse.jdt.internal.core.builder.IncrementalImageBuilder.build(IncrementalImageBuilder.java:136)
	at org.eclipse.jdt.internal.core.builder.JavaBuilder.buildDeltas(JavaBuilder.java:267)
	at org.eclipse.jdt.internal.core.builder.JavaBuilder.build(JavaBuilder.java:195)
	at org.eclipse.core.internal.events.BuildManager$2.run(BuildManager.java:735)
	at org.eclipse.core.runtime.SafeRunner.run(SafeRunner.java:42)
	at org.eclipse.core.internal.events.BuildManager.basicBuild(BuildManager.java:206)
	at org.eclipse.core.internal.events.BuildManager.basicBuild(BuildManager.java:246)
	at org.eclipse.core.internal.events.BuildManager$1.run(BuildManager.java:301)
	at org.eclipse.core.runtime.SafeRunner.run(SafeRunner.java:42)
	at org.eclipse.core.internal.events.BuildManager.basicBuild(BuildManager.java:304)
	at org.eclipse.core.internal.events.BuildManager.basicBuildLoop(BuildManager.java:360)
	at org.eclipse.core.internal.events.BuildManager.build(BuildManager.java:383)
	at org.eclipse.core.internal.events.AutoBuildJob.doBuild(AutoBuildJob.java:142)
	at org.eclipse.core.internal.events.AutoBuildJob.run(AutoBuildJob.java:232)
	at org.eclipse.core.internal.jobs.Worker.run(Worker.java:56)
!SUBENTRY 1 org.eclipse.core.resources 4 368 2018-03-16 12:43:59.774
!MESSAGE File not found: /Users/dijin/Library/Mobile Documents/com~apple~CloudDocs/GitHub/CS6367/pitest/pitest/target/test-classes/org/pitest/mutationtest/engine/gregor/TestGregorMutater$OneStraightThroughMethod.class.

!ENTRY org.eclipse.jdt.core 4 4 2018-03-16 12:43:59.775
!MESSAGE JavaBuilder handling CoreException
!STACK 1
org.eclipse.core.internal.resources.ResourceException: File not found: /Users/dijin/Library/Mobile Documents/com~apple~CloudDocs/GitHub/CS6367/pitest/pitest/target/test-classes/org/pitest/mutationtest/engine/gregor/TestGregorMutater$SwitchStatement.class.
	at org.eclipse.core.internal.localstore.FileSystemResourceManager.read(FileSystemResourceManager.java:836)
	at org.eclipse.core.internal.resources.File.getContents(File.java:277)
	at org.eclipse.jdt.internal.core.util.Util.getResourceContentsAsByteArray(Util.java:1140)
	at org.eclipse.jdt.internal.core.builder.IncrementalImageBuilder.writeClassFileCheck(IncrementalImageBuilder.java:892)
	at org.eclipse.jdt.internal.core.builder.IncrementalImageBuilder.writeClassFileContents(IncrementalImageBuilder.java:834)
	at org.eclipse.jdt.internal.core.builder.AbstractImageBuilder.writeClassFile(AbstractImageBuilder.java:864)
	at org.eclipse.jdt.internal.core.builder.AbstractImageBuilder.acceptResult(AbstractImageBuilder.java:191)
	at org.eclipse.jdt.internal.compiler.Compiler.processCompiledUnits(Compiler.java:611)
	at org.eclipse.jdt.internal.compiler.Compiler.compile(Compiler.java:468)
	at org.eclipse.jdt.internal.compiler.Compiler.compile(Compiler.java:419)
	at org.eclipse.jdt.internal.core.builder.AbstractImageBuilder.compile(AbstractImageBuilder.java:372)
	at org.eclipse.jdt.internal.core.builder.IncrementalImageBuilder.compile(IncrementalImageBuilder.java:331)
	at org.eclipse.jdt.internal.core.builder.AbstractImageBuilder.compile(AbstractImageBuilder.java:305)
	at org.eclipse.jdt.internal.core.builder.IncrementalImageBuilder.build(IncrementalImageBuilder.java:136)
	at org.eclipse.jdt.internal.core.builder.JavaBuilder.buildDeltas(JavaBuilder.java:267)
	at org.eclipse.jdt.internal.core.builder.JavaBuilder.build(JavaBuilder.java:195)
	at org.eclipse.core.internal.events.BuildManager$2.run(BuildManager.java:735)
	at org.eclipse.core.runtime.SafeRunner.run(SafeRunner.java:42)
	at org.eclipse.core.internal.events.BuildManager.basicBuild(BuildManager.java:206)
	at org.eclipse.core.internal.events.BuildManager.basicBuild(BuildManager.java:246)
	at org.eclipse.core.internal.events.BuildManager$1.run(BuildManager.java:301)
	at org.eclipse.core.runtime.SafeRunner.run(SafeRunner.java:42)
	at org.eclipse.core.internal.events.BuildManager.basicBuild(BuildManager.java:304)
	at org.eclipse.core.internal.events.BuildManager.basicBuildLoop(BuildManager.java:360)
	at org.eclipse.core.internal.events.BuildManager.build(BuildManager.java:383)
	at org.eclipse.core.internal.events.AutoBuildJob.doBuild(AutoBuildJob.java:142)
	at org.eclipse.core.internal.events.AutoBuildJob.run(AutoBuildJob.java:232)
	at org.eclipse.core.internal.jobs.Worker.run(Worker.java:56)
!SUBENTRY 1 org.eclipse.core.resources 4 368 2018-03-16 12:43:59.775
!MESSAGE File not found: /Users/dijin/Library/Mobile Documents/com~apple~CloudDocs/GitHub/CS6367/pitest/pitest/target/test-classes/org/pitest/mutationtest/engine/gregor/TestGregorMutater$SwitchStatement.class.

!ENTRY org.eclipse.jdt.core 4 4 2018-03-16 12:43:59.776
!MESSAGE JavaBuilder handling CoreException
!STACK 1
org.eclipse.core.internal.resources.ResourceException: File not found: /Users/dijin/Library/Mobile Documents/com~apple~CloudDocs/GitHub/CS6367/pitest/pitest/target/test-classes/org/pitest/mutationtest/engine/gregor/TestGregorMutater$HasAssertStatementAndOtherStatements.class.
	at org.eclipse.core.internal.localstore.FileSystemResourceManager.read(FileSystemResourceManager.java:836)
	at org.eclipse.core.internal.resources.File.getContents(File.java:277)
	at org.eclipse.jdt.internal.core.util.Util.getResourceContentsAsByteArray(Util.java:1140)
	at org.eclipse.jdt.internal.core.builder.IncrementalImageBuilder.writeClassFileCheck(IncrementalImageBuilder.java:892)
	at org.eclipse.jdt.internal.core.builder.IncrementalImageBuilder.writeClassFileContents(IncrementalImageBuilder.java:834)
	at org.eclipse.jdt.internal.core.builder.AbstractImageBuilder.writeClassFile(AbstractImageBuilder.java:864)
	at org.eclipse.jdt.internal.core.builder.AbstractImageBuilder.acceptResult(AbstractImageBuilder.java:191)
	at org.eclipse.jdt.internal.compiler.Compiler.processCompiledUnits(Compiler.java:611)
	at org.eclipse.jdt.internal.compiler.Compiler.compile(Compiler.java:468)
	at org.eclipse.jdt.internal.compiler.Compiler.compile(Compiler.java:419)
	at org.eclipse.jdt.internal.core.builder.AbstractImageBuilder.compile(AbstractImageBuilder.java:372)
	at org.eclipse.jdt.internal.core.builder.IncrementalImageBuilder.compile(IncrementalImageBuilder.java:331)
	at org.eclipse.jdt.internal.core.builder.AbstractImageBuilder.compile(AbstractImageBuilder.java:305)
	at org.eclipse.jdt.internal.core.builder.IncrementalImageBuilder.build(IncrementalImageBuilder.java:136)
	at org.eclipse.jdt.internal.core.builder.JavaBuilder.buildDeltas(JavaBuilder.java:267)
	at org.eclipse.jdt.internal.core.builder.JavaBuilder.build(JavaBuilder.java:195)
	at org.eclipse.core.internal.events.BuildManager$2.run(BuildManager.java:735)
	at org.eclipse.core.runtime.SafeRunner.run(SafeRunner.java:42)
	at org.eclipse.core.internal.events.BuildManager.basicBuild(BuildManager.java:206)
	at org.eclipse.core.internal.events.BuildManager.basicBuild(BuildManager.java:246)
	at org.eclipse.core.internal.events.BuildManager$1.run(BuildManager.java:301)
	at org.eclipse.core.runtime.SafeRunner.run(SafeRunner.java:42)
	at org.eclipse.core.internal.events.BuildManager.basicBuild(BuildManager.java:304)
	at org.eclipse.core.internal.events.BuildManager.basicBuildLoop(BuildManager.java:360)
	at org.eclipse.core.internal.events.BuildManager.build(BuildManager.java:383)
	at org.eclipse.core.internal.events.AutoBuildJob.doBuild(AutoBuildJob.java:142)
	at org.eclipse.core.internal.events.AutoBuildJob.run(AutoBuildJob.java:232)
	at org.eclipse.core.internal.jobs.Worker.run(Worker.java:56)
!SUBENTRY 1 org.eclipse.core.resources 4 368 2018-03-16 12:43:59.776
!MESSAGE File not found: /Users/dijin/Library/Mobile Documents/com~apple~CloudDocs/GitHub/CS6367/pitest/pitest/target/test-classes/org/pitest/mutationtest/engine/gregor/TestGregorMutater$HasAssertStatementAndOtherStatements.class.

!ENTRY org.eclipse.jdt.core 4 4 2018-03-16 12:43:59.777
!MESSAGE JavaBuilder handling CoreException
!STACK 1
org.eclipse.core.internal.resources.ResourceException: File not found: /Users/dijin/Library/Mobile Documents/com~apple~CloudDocs/GitHub/CS6367/pitest/pitest/target/test-classes/org/pitest/mutationtest/engine/gregor/TestGregorMutater$HasFinallyBlockAndExceptionHandler.class.
	at org.eclipse.core.internal.localstore.FileSystemResourceManager.read(FileSystemResourceManager.java:836)
	at org.eclipse.core.internal.resources.File.getContents(File.java:277)
	at org.eclipse.jdt.internal.core.util.Util.getResourceContentsAsByteArray(Util.java:1140)
	at org.eclipse.jdt.internal.core.builder.IncrementalImageBuilder.writeClassFileCheck(IncrementalImageBuilder.java:892)
	at org.eclipse.jdt.internal.core.builder.IncrementalImageBuilder.writeClassFileContents(IncrementalImageBuilder.java:834)
	at org.eclipse.jdt.internal.core.builder.AbstractImageBuilder.writeClassFile(AbstractImageBuilder.java:864)
	at org.eclipse.jdt.internal.core.builder.AbstractImageBuilder.acceptResult(AbstractImageBuilder.java:191)
	at org.eclipse.jdt.internal.compiler.Compiler.processCompiledUnits(Compiler.java:611)
	at org.eclipse.jdt.internal.compiler.Compiler.compile(Compiler.java:468)
	at org.eclipse.jdt.internal.compiler.Compiler.compile(Compiler.java:419)
	at org.eclipse.jdt.internal.core.builder.AbstractImageBuilder.compile(AbstractImageBuilder.java:372)
	at org.eclipse.jdt.internal.core.builder.IncrementalImageBuilder.compile(IncrementalImageBuilder.java:331)
	at org.eclipse.jdt.internal.core.builder.AbstractImageBuilder.compile(AbstractImageBuilder.java:305)
	at org.eclipse.jdt.internal.core.builder.IncrementalImageBuilder.build(IncrementalImageBuilder.java:136)
	at org.eclipse.jdt.internal.core.builder.JavaBuilder.buildDeltas(JavaBuilder.java:267)
	at org.eclipse.jdt.internal.core.builder.JavaBuilder.build(JavaBuilder.java:195)
	at org.eclipse.core.internal.events.BuildManager$2.run(BuildManager.java:735)
	at org.eclipse.core.runtime.SafeRunner.run(SafeRunner.java:42)
	at org.eclipse.core.internal.events.BuildManager.basicBuild(BuildManager.java:206)
	at org.eclipse.core.internal.events.BuildManager.basicBuild(BuildManager.java:246)
	at org.eclipse.core.internal.events.BuildManager$1.run(BuildManager.java:301)
	at org.eclipse.core.runtime.SafeRunner.run(SafeRunner.java:42)
	at org.eclipse.core.internal.events.BuildManager.basicBuild(BuildManager.java:304)
	at org.eclipse.core.internal.events.BuildManager.basicBuildLoop(BuildManager.java:360)
	at org.eclipse.core.internal.events.BuildManager.build(BuildManager.java:383)
	at org.eclipse.core.internal.events.AutoBuildJob.doBuild(AutoBuildJob.java:142)
	at org.eclipse.core.internal.events.AutoBuildJob.run(AutoBuildJob.java:232)
	at org.eclipse.core.internal.jobs.Worker.run(Worker.java:56)
!SUBENTRY 1 org.eclipse.core.resources 4 368 2018-03-16 12:43:59.777
!MESSAGE File not found: /Users/dijin/Library/Mobile Documents/com~apple~CloudDocs/GitHub/CS6367/pitest/pitest/target/test-classes/org/pitest/mutationtest/engine/gregor/TestGregorMutater$HasFinallyBlockAndExceptionHandler.class.

!ENTRY org.eclipse.jdt.core 4 4 2018-03-16 12:43:59.778
!MESSAGE JavaBuilder handling CoreException
!STACK 1
org.eclipse.core.internal.resources.ResourceException: File not found: /Users/dijin/Library/Mobile Documents/com~apple~CloudDocs/GitHub/CS6367/pitest/pitest/target/test-classes/org/pitest/mutationtest/engine/gregor/TestGregorMutater$HasExceptionBlock.class.
	at org.eclipse.core.internal.localstore.FileSystemResourceManager.read(FileSystemResourceManager.java:836)
	at org.eclipse.core.internal.resources.File.getContents(File.java:277)
	at org.eclipse.jdt.internal.core.util.Util.getResourceContentsAsByteArray(Util.java:1140)
	at org.eclipse.jdt.internal.core.builder.IncrementalImageBuilder.writeClassFileCheck(IncrementalImageBuilder.java:892)
	at org.eclipse.jdt.internal.core.builder.IncrementalImageBuilder.writeClassFileContents(IncrementalImageBuilder.java:834)
	at org.eclipse.jdt.internal.core.builder.AbstractImageBuilder.writeClassFile(AbstractImageBuilder.java:864)
	at org.eclipse.jdt.internal.core.builder.AbstractImageBuilder.acceptResult(AbstractImageBuilder.java:191)
	at org.eclipse.jdt.internal.compiler.Compiler.processCompiledUnits(Compiler.java:611)
	at org.eclipse.jdt.internal.compiler.Compiler.compile(Compiler.java:468)
	at org.eclipse.jdt.internal.compiler.Compiler.compile(Compiler.java:419)
	at org.eclipse.jdt.internal.core.builder.AbstractImageBuilder.compile(AbstractImageBuilder.java:372)
	at org.eclipse.jdt.internal.core.builder.IncrementalImageBuilder.compile(IncrementalImageBuilder.java:331)
	at org.eclipse.jdt.internal.core.builder.AbstractImageBuilder.compile(AbstractImageBuilder.java:305)
	at org.eclipse.jdt.internal.core.builder.IncrementalImageBuilder.build(IncrementalImageBuilder.java:136)
	at org.eclipse.jdt.internal.core.builder.JavaBuilder.buildDeltas(JavaBuilder.java:267)
	at org.eclipse.jdt.internal.core.builder.JavaBuilder.build(JavaBuilder.java:195)
	at org.eclipse.core.internal.events.BuildManager$2.run(BuildManager.java:735)
	at org.eclipse.core.runtime.SafeRunner.run(SafeRunner.java:42)
	at org.eclipse.core.internal.events.BuildManager.basicBuild(BuildManager.java:206)
	at org.eclipse.core.internal.events.BuildManager.basicBuild(BuildManager.java:246)
	at org.eclipse.core.internal.events.BuildManager$1.run(BuildManager.java:301)
	at org.eclipse.core.runtime.SafeRunner.run(SafeRunner.java:42)
	at org.eclipse.core.internal.events.BuildManager.basicBuild(BuildManager.java:304)
	at org.eclipse.core.internal.events.BuildManager.basicBuildLoop(BuildManager.java:360)
	at org.eclipse.core.internal.events.BuildManager.build(BuildManager.java:383)
	at org.eclipse.core.internal.events.AutoBuildJob.doBuild(AutoBuildJob.java:142)
	at org.eclipse.core.internal.events.AutoBuildJob.run(AutoBuildJob.java:232)
	at org.eclipse.core.internal.jobs.Worker.run(Worker.java:56)
!SUBENTRY 1 org.eclipse.core.resources 4 368 2018-03-16 12:43:59.780
!MESSAGE File not found: /Users/dijin/Library/Mobile Documents/com~apple~CloudDocs/GitHub/CS6367/pitest/pitest/target/test-classes/org/pitest/mutationtest/engine/gregor/TestGregorMutater$HasExceptionBlock.class.

!ENTRY org.eclipse.jdt.core 4 4 2018-03-16 12:43:59.781
!MESSAGE JavaBuilder handling CoreException
!STACK 1
org.eclipse.core.internal.resources.ResourceException: File not found: /Users/dijin/Library/Mobile Documents/com~apple~CloudDocs/GitHub/CS6367/pitest/pitest/target/test-classes/org/pitest/mutationtest/engine/gregor/TestGregorMutater$TwoMethods.class.
	at org.eclipse.core.internal.localstore.FileSystemResourceManager.read(FileSystemResourceManager.java:836)
	at org.eclipse.core.internal.resources.File.getContents(File.java:277)
	at org.eclipse.jdt.internal.core.util.Util.getResourceContentsAsByteArray(Util.java:1140)
	at org.eclipse.jdt.internal.core.builder.IncrementalImageBuilder.writeClassFileCheck(IncrementalImageBuilder.java:892)
	at org.eclipse.jdt.internal.core.builder.IncrementalImageBuilder.writeClassFileContents(IncrementalImageBuilder.java:834)
	at org.eclipse.jdt.internal.core.builder.AbstractImageBuilder.writeClassFile(AbstractImageBuilder.java:864)
	at org.eclipse.jdt.internal.core.builder.AbstractImageBuilder.acceptResult(AbstractImageBuilder.java:191)
	at org.eclipse.jdt.internal.compiler.Compiler.processCompiledUnits(Compiler.java:611)
	at org.eclipse.jdt.internal.compiler.Compiler.compile(Compiler.java:468)
	at org.eclipse.jdt.internal.compiler.Compiler.compile(Compiler.java:419)
	at org.eclipse.jdt.internal.core.builder.AbstractImageBuilder.compile(AbstractImageBuilder.java:372)
	at org.eclipse.jdt.internal.core.builder.IncrementalImageBuilder.compile(IncrementalImageBuilder.java:331)
	at org.eclipse.jdt.internal.core.builder.AbstractImageBuilder.compile(AbstractImageBuilder.java:305)
	at org.eclipse.jdt.internal.core.builder.IncrementalImageBuilder.build(IncrementalImageBuilder.java:136)
	at org.eclipse.jdt.internal.core.builder.JavaBuilder.buildDeltas(JavaBuilder.java:267)
	at org.eclipse.jdt.internal.core.builder.JavaBuilder.build(JavaBuilder.java:195)
	at org.eclipse.core.internal.events.BuildManager$2.run(BuildManager.java:735)
	at org.eclipse.core.runtime.SafeRunner.run(SafeRunner.java:42)
	at org.eclipse.core.internal.events.BuildManager.basicBuild(BuildManager.java:206)
	at org.eclipse.core.internal.events.BuildManager.basicBuild(BuildManager.java:246)
	at org.eclipse.core.internal.events.BuildManager$1.run(BuildManager.java:301)
	at org.eclipse.core.runtime.SafeRunner.run(SafeRunner.java:42)
	at org.eclipse.core.internal.events.BuildManager.basicBuild(BuildManager.java:304)
	at org.eclipse.core.internal.events.BuildManager.basicBuildLoop(BuildManager.java:360)
	at org.eclipse.core.internal.events.BuildManager.build(BuildManager.java:383)
	at org.eclipse.core.internal.events.AutoBuildJob.doBuild(AutoBuildJob.java:142)
	at org.eclipse.core.internal.events.AutoBuildJob.run(AutoBuildJob.java:232)
	at org.eclipse.core.internal.jobs.Worker.run(Worker.java:56)
!SUBENTRY 1 org.eclipse.core.resources 4 368 2018-03-16 12:43:59.782
!MESSAGE File not found: /Users/dijin/Library/Mobile Documents/com~apple~CloudDocs/GitHub/CS6367/pitest/pitest/target/test-classes/org/pitest/mutationtest/engine/gregor/TestGregorMutater$TwoMethods.class.

!ENTRY org.eclipse.jdt.core 4 4 2018-03-16 12:43:59.790
!MESSAGE JavaBuilder handling CoreException
!STACK 1
org.eclipse.core.internal.resources.ResourceException: File not found: /Users/dijin/Library/Mobile Documents/com~apple~CloudDocs/GitHub/CS6367/pitest/pitest/target/test-classes/org/pitest/mutationtest/engine/gregor/GregorMutationEngineTest.class.
	at org.eclipse.core.internal.localstore.FileSystemResourceManager.read(FileSystemResourceManager.java:836)
	at org.eclipse.core.internal.resources.File.getContents(File.java:277)
	at org.eclipse.jdt.internal.core.util.Util.getResourceContentsAsByteArray(Util.java:1140)
	at org.eclipse.jdt.internal.core.builder.IncrementalImageBuilder.writeClassFileCheck(IncrementalImageBuilder.java:892)
	at org.eclipse.jdt.internal.core.builder.IncrementalImageBuilder.writeClassFileContents(IncrementalImageBuilder.java:834)
	at org.eclipse.jdt.internal.core.builder.AbstractImageBuilder.writeClassFile(AbstractImageBuilder.java:864)
	at org.eclipse.jdt.internal.core.builder.AbstractImageBuilder.acceptResult(AbstractImageBuilder.java:191)
	at org.eclipse.jdt.internal.compiler.Compiler.processCompiledUnits(Compiler.java:611)
	at org.eclipse.jdt.internal.compiler.Compiler.compile(Compiler.java:468)
	at org.eclipse.jdt.internal.compiler.Compiler.compile(Compiler.java:419)
	at org.eclipse.jdt.internal.core.builder.AbstractImageBuilder.compile(AbstractImageBuilder.java:372)
	at org.eclipse.jdt.internal.core.builder.IncrementalImageBuilder.compile(IncrementalImageBuilder.java:331)
	at org.eclipse.jdt.internal.core.builder.AbstractImageBuilder.compile(AbstractImageBuilder.java:305)
	at org.eclipse.jdt.internal.core.builder.IncrementalImageBuilder.build(IncrementalImageBuilder.java:136)
	at org.eclipse.jdt.internal.core.builder.JavaBuilder.buildDeltas(JavaBuilder.java:267)
	at org.eclipse.jdt.internal.core.builder.JavaBuilder.build(JavaBuilder.java:195)
	at org.eclipse.core.internal.events.BuildManager$2.run(BuildManager.java:735)
	at org.eclipse.core.runtime.SafeRunner.run(SafeRunner.java:42)
	at org.eclipse.core.internal.events.BuildManager.basicBuild(BuildManager.java:206)
	at org.eclipse.core.internal.events.BuildManager.basicBuild(BuildManager.java:246)
	at org.eclipse.core.internal.events.BuildManager$1.run(BuildManager.java:301)
	at org.eclipse.core.runtime.SafeRunner.run(SafeRunner.java:42)
	at org.eclipse.core.internal.events.BuildManager.basicBuild(BuildManager.java:304)
	at org.eclipse.core.internal.events.BuildManager.basicBuildLoop(BuildManager.java:360)
	at org.eclipse.core.internal.events.BuildManager.build(BuildManager.java:383)
	at org.eclipse.core.internal.events.AutoBuildJob.doBuild(AutoBuildJob.java:142)
	at org.eclipse.core.internal.events.AutoBuildJob.run(AutoBuildJob.java:232)
	at org.eclipse.core.internal.jobs.Worker.run(Worker.java:56)
!SUBENTRY 1 org.eclipse.core.resources 4 368 2018-03-16 12:43:59.790
!MESSAGE File not found: /Users/dijin/Library/Mobile Documents/com~apple~CloudDocs/GitHub/CS6367/pitest/pitest/target/test-classes/org/pitest/mutationtest/engine/gregor/GregorMutationEngineTest.class.
!SESSION 2018-03-16 12:52:21.980 -----------------------------------------------
eclipse.buildId=4.7.1.M20171009-0410
java.version=1.8.0_144
java.vendor=Oracle Corporation
BootLoader constants: OS=macosx, ARCH=x86_64, WS=cocoa, NL=zh_CN
Framework arguments:  -product org.eclipse.epp.package.java.product -keyring /Users/dijin/.eclipse_keyring
Command-line arguments:  -os macosx -ws cocoa -arch x86_64 -product org.eclipse.epp.package.java.product -keyring /Users/dijin/.eclipse_keyring

!ENTRY org.eclipse.core.net 1 0 2018-03-16 12:52:28.292
!MESSAGE System property http.nonProxyHosts has been set to local|*.local|169.254/16|*.169.254/16 by an external source. This value will be overwritten using the values from the preferences

!ENTRY org.eclipse.m2e.logback.appender 4 0 2018-03-16 14:29:08.033
!MESSAGE Could not read pom.xml
!STACK 1
org.eclipse.core.runtime.CoreException: Could not read pom.xml
	at org.eclipse.m2e.core.internal.embedder.MavenImpl.readModel(MavenImpl.java:565)
	at org.eclipse.m2e.core.internal.embedder.MavenImpl.readModel(MavenImpl.java:574)
	at org.eclipse.m2e.core.internal.project.registry.ProjectRegistryManager.refreshPhase2(ProjectRegistryManager.java:542)
	at org.eclipse.m2e.core.internal.project.registry.ProjectRegistryManager.refresh(ProjectRegistryManager.java:498)
	at org.eclipse.m2e.core.internal.project.registry.ProjectRegistryManager.refresh(ProjectRegistryManager.java:351)
	at org.eclipse.m2e.core.internal.project.registry.ProjectRegistryManager.refresh(ProjectRegistryManager.java:298)
	at org.eclipse.m2e.core.internal.builder.MavenBuilder$BuildMethod.getProjectFacade(MavenBuilder.java:154)
	at org.eclipse.m2e.core.internal.builder.MavenBuilder$BuildMethod$1.call(MavenBuilder.java:89)
	at org.eclipse.m2e.core.internal.embedder.MavenExecutionContext.executeBare(MavenExecutionContext.java:177)
	at org.eclipse.m2e.core.internal.embedder.MavenExecutionContext.execute(MavenExecutionContext.java:151)
	at org.eclipse.m2e.core.internal.embedder.MavenExecutionContext.execute(MavenExecutionContext.java:99)
	at org.eclipse.m2e.core.internal.builder.MavenBuilder$BuildMethod.execute(MavenBuilder.java:86)
	at org.eclipse.m2e.core.internal.builder.MavenBuilder.build(MavenBuilder.java:200)
	at org.eclipse.core.internal.events.BuildManager$2.run(BuildManager.java:735)
	at org.eclipse.core.runtime.SafeRunner.run(SafeRunner.java:42)
	at org.eclipse.core.internal.events.BuildManager.basicBuild(BuildManager.java:206)
	at org.eclipse.core.internal.events.BuildManager.basicBuild(BuildManager.java:246)
	at org.eclipse.core.internal.events.BuildManager$1.run(BuildManager.java:301)
	at org.eclipse.core.runtime.SafeRunner.run(SafeRunner.java:42)
	at org.eclipse.core.internal.events.BuildManager.basicBuild(BuildManager.java:304)
	at org.eclipse.core.internal.events.BuildManager.basicBuildLoop(BuildManager.java:360)
	at org.eclipse.core.internal.events.BuildManager.build(BuildManager.java:383)
	at org.eclipse.core.internal.events.AutoBuildJob.doBuild(AutoBuildJob.java:142)
	at org.eclipse.core.internal.events.AutoBuildJob.run(AutoBuildJob.java:232)
	at org.eclipse.core.internal.jobs.Worker.run(Worker.java:56)
Caused by: org.apache.maven.model.io.ModelParseException: Duplicated tag: 'groupId' (position: START_TAG seen ...</scope>\n     \n            <groupId>... @24:22) 
	at org.apache.maven.model.io.DefaultModelReader.read(DefaultModelReader.java:122)
	at org.apache.maven.model.io.DefaultModelReader.read(DefaultModelReader.java:86)
	at org.eclipse.m2e.core.internal.embedder.MavenImpl.readModel(MavenImpl.java:563)
	... 24 more
Caused by: org.codehaus.plexus.util.xml.pull.XmlPullParserException: Duplicated tag: 'groupId' (position: START_TAG seen ...</scope>\n     \n            <groupId>... @24:22) 
	at org.apache.maven.model.io.xpp3.MavenXpp3Reader.checkFieldWithDuplicate(MavenXpp3Reader.java:140)
	at org.apache.maven.model.io.xpp3.MavenXpp3Reader.parseDependency(MavenXpp3Reader.java:1352)
	at org.apache.maven.model.io.xpp3.MavenXpp3Reader.parseModel(MavenXpp3Reader.java:2235)
	at org.apache.maven.model.io.xpp3.MavenXpp3Reader.read(MavenXpp3Reader.java:3845)
	at org.apache.maven.model.io.xpp3.MavenXpp3Reader.read(MavenXpp3Reader.java:595)
	at org.apache.maven.model.io.DefaultModelReader.read(DefaultModelReader.java:117)
	... 26 more
!SUBENTRY 1 org.eclipse.m2e.core 4 -1 2018-03-16 14:29:08.034
!MESSAGE Could not read pom.xml
!STACK 0
org.apache.maven.model.io.ModelParseException: Duplicated tag: 'groupId' (position: START_TAG seen ...</scope>\n     \n            <groupId>... @24:22) 
	at org.apache.maven.model.io.DefaultModelReader.read(DefaultModelReader.java:122)
	at org.apache.maven.model.io.DefaultModelReader.read(DefaultModelReader.java:86)
	at org.eclipse.m2e.core.internal.embedder.MavenImpl.readModel(MavenImpl.java:563)
	at org.eclipse.m2e.core.internal.embedder.MavenImpl.readModel(MavenImpl.java:574)
	at org.eclipse.m2e.core.internal.project.registry.ProjectRegistryManager.refreshPhase2(ProjectRegistryManager.java:542)
	at org.eclipse.m2e.core.internal.project.registry.ProjectRegistryManager.refresh(ProjectRegistryManager.java:498)
	at org.eclipse.m2e.core.internal.project.registry.ProjectRegistryManager.refresh(ProjectRegistryManager.java:351)
	at org.eclipse.m2e.core.internal.project.registry.ProjectRegistryManager.refresh(ProjectRegistryManager.java:298)
	at org.eclipse.m2e.core.internal.builder.MavenBuilder$BuildMethod.getProjectFacade(MavenBuilder.java:154)
	at org.eclipse.m2e.core.internal.builder.MavenBuilder$BuildMethod$1.call(MavenBuilder.java:89)
	at org.eclipse.m2e.core.internal.embedder.MavenExecutionContext.executeBare(MavenExecutionContext.java:177)
	at org.eclipse.m2e.core.internal.embedder.MavenExecutionContext.execute(MavenExecutionContext.java:151)
	at org.eclipse.m2e.core.internal.embedder.MavenExecutionContext.execute(MavenExecutionContext.java:99)
	at org.eclipse.m2e.core.internal.builder.MavenBuilder$BuildMethod.execute(MavenBuilder.java:86)
	at org.eclipse.m2e.core.internal.builder.MavenBuilder.build(MavenBuilder.java:200)
	at org.eclipse.core.internal.events.BuildManager$2.run(BuildManager.java:735)
	at org.eclipse.core.runtime.SafeRunner.run(SafeRunner.java:42)
	at org.eclipse.core.internal.events.BuildManager.basicBuild(BuildManager.java:206)
	at org.eclipse.core.internal.events.BuildManager.basicBuild(BuildManager.java:246)
	at org.eclipse.core.internal.events.BuildManager$1.run(BuildManager.java:301)
	at org.eclipse.core.runtime.SafeRunner.run(SafeRunner.java:42)
	at org.eclipse.core.internal.events.BuildManager.basicBuild(BuildManager.java:304)
	at org.eclipse.core.internal.events.BuildManager.basicBuildLoop(BuildManager.java:360)
	at org.eclipse.core.internal.events.BuildManager.build(BuildManager.java:383)
	at org.eclipse.core.internal.events.AutoBuildJob.doBuild(AutoBuildJob.java:142)
	at org.eclipse.core.internal.events.AutoBuildJob.run(AutoBuildJob.java:232)
	at org.eclipse.core.internal.jobs.Worker.run(Worker.java:56)
Caused by: org.codehaus.plexus.util.xml.pull.XmlPullParserException: Duplicated tag: 'groupId' (position: START_TAG seen ...</scope>\n     \n            <groupId>... @24:22) 
	at org.apache.maven.model.io.xpp3.MavenXpp3Reader.checkFieldWithDuplicate(MavenXpp3Reader.java:140)
	at org.apache.maven.model.io.xpp3.MavenXpp3Reader.parseDependency(MavenXpp3Reader.java:1352)
	at org.apache.maven.model.io.xpp3.MavenXpp3Reader.parseModel(MavenXpp3Reader.java:2235)
	at org.apache.maven.model.io.xpp3.MavenXpp3Reader.read(MavenXpp3Reader.java:3845)
	at org.apache.maven.model.io.xpp3.MavenXpp3Reader.read(MavenXpp3Reader.java:595)
	at org.apache.maven.model.io.DefaultModelReader.read(DefaultModelReader.java:117)
	... 26 more

!ENTRY org.eclipse.m2e.logback.appender 4 0 2018-03-16 14:29:09.337
!MESSAGE Could not read pom.xml
!STACK 1
org.eclipse.core.runtime.CoreException: Could not read pom.xml
	at org.eclipse.m2e.core.internal.embedder.MavenImpl.readModel(MavenImpl.java:565)
	at org.eclipse.m2e.core.internal.embedder.MavenImpl.readModel(MavenImpl.java:574)
	at org.eclipse.m2e.core.internal.project.registry.ProjectRegistryManager.refreshPhase2(ProjectRegistryManager.java:542)
	at org.eclipse.m2e.core.internal.project.registry.ProjectRegistryManager.refresh(ProjectRegistryManager.java:498)
	at org.eclipse.m2e.core.internal.project.registry.ProjectRegistryManager.refresh(ProjectRegistryManager.java:351)
	at org.eclipse.m2e.core.internal.project.registry.ProjectRegistryManager.refresh(ProjectRegistryManager.java:298)
	at org.eclipse.m2e.core.internal.builder.MavenBuilder$BuildMethod.getProjectFacade(MavenBuilder.java:154)
	at org.eclipse.m2e.core.internal.builder.MavenBuilder$BuildMethod$1.call(MavenBuilder.java:89)
	at org.eclipse.m2e.core.internal.embedder.MavenExecutionContext.executeBare(MavenExecutionContext.java:177)
	at org.eclipse.m2e.core.internal.embedder.MavenExecutionContext.execute(MavenExecutionContext.java:151)
	at org.eclipse.m2e.core.internal.embedder.MavenExecutionContext.execute(MavenExecutionContext.java:99)
	at org.eclipse.m2e.core.internal.builder.MavenBuilder$BuildMethod.execute(MavenBuilder.java:86)
	at org.eclipse.m2e.core.internal.builder.MavenBuilder.build(MavenBuilder.java:200)
	at org.eclipse.core.internal.events.BuildManager$2.run(BuildManager.java:735)
	at org.eclipse.core.runtime.SafeRunner.run(SafeRunner.java:42)
	at org.eclipse.core.internal.events.BuildManager.basicBuild(BuildManager.java:206)
	at org.eclipse.core.internal.events.BuildManager.basicBuild(BuildManager.java:246)
	at org.eclipse.core.internal.events.BuildManager$1.run(BuildManager.java:301)
	at org.eclipse.core.runtime.SafeRunner.run(SafeRunner.java:42)
	at org.eclipse.core.internal.events.BuildManager.basicBuild(BuildManager.java:304)
	at org.eclipse.core.internal.events.BuildManager.basicBuildLoop(BuildManager.java:360)
	at org.eclipse.core.internal.events.BuildManager.build(BuildManager.java:383)
	at org.eclipse.core.internal.events.AutoBuildJob.doBuild(AutoBuildJob.java:142)
	at org.eclipse.core.internal.events.AutoBuildJob.run(AutoBuildJob.java:232)
	at org.eclipse.core.internal.jobs.Worker.run(Worker.java:56)
Caused by: org.apache.maven.model.io.ModelParseException: Duplicated tag: 'groupId' (position: START_TAG seen ...</scope>\n     \n            <groupId>... @24:22) 
	at org.apache.maven.model.io.DefaultModelReader.read(DefaultModelReader.java:122)
	at org.apache.maven.model.io.DefaultModelReader.read(DefaultModelReader.java:86)
	at org.eclipse.m2e.core.internal.embedder.MavenImpl.readModel(MavenImpl.java:563)
	... 24 more
Caused by: org.codehaus.plexus.util.xml.pull.XmlPullParserException: Duplicated tag: 'groupId' (position: START_TAG seen ...</scope>\n     \n            <groupId>... @24:22) 
	at org.apache.maven.model.io.xpp3.MavenXpp3Reader.checkFieldWithDuplicate(MavenXpp3Reader.java:140)
	at org.apache.maven.model.io.xpp3.MavenXpp3Reader.parseDependency(MavenXpp3Reader.java:1352)
	at org.apache.maven.model.io.xpp3.MavenXpp3Reader.parseModel(MavenXpp3Reader.java:2235)
	at org.apache.maven.model.io.xpp3.MavenXpp3Reader.read(MavenXpp3Reader.java:3845)
	at org.apache.maven.model.io.xpp3.MavenXpp3Reader.read(MavenXpp3Reader.java:595)
	at org.apache.maven.model.io.DefaultModelReader.read(DefaultModelReader.java:117)
	... 26 more
!SUBENTRY 1 org.eclipse.m2e.core 4 -1 2018-03-16 14:29:09.337
!MESSAGE Could not read pom.xml
!STACK 0
org.apache.maven.model.io.ModelParseException: Duplicated tag: 'groupId' (position: START_TAG seen ...</scope>\n     \n            <groupId>... @24:22) 
	at org.apache.maven.model.io.DefaultModelReader.read(DefaultModelReader.java:122)
	at org.apache.maven.model.io.DefaultModelReader.read(DefaultModelReader.java:86)
	at org.eclipse.m2e.core.internal.embedder.MavenImpl.readModel(MavenImpl.java:563)
	at org.eclipse.m2e.core.internal.embedder.MavenImpl.readModel(MavenImpl.java:574)
	at org.eclipse.m2e.core.internal.project.registry.ProjectRegistryManager.refreshPhase2(ProjectRegistryManager.java:542)
	at org.eclipse.m2e.core.internal.project.registry.ProjectRegistryManager.refresh(ProjectRegistryManager.java:498)
	at org.eclipse.m2e.core.internal.project.registry.ProjectRegistryManager.refresh(ProjectRegistryManager.java:351)
	at org.eclipse.m2e.core.internal.project.registry.ProjectRegistryManager.refresh(ProjectRegistryManager.java:298)
	at org.eclipse.m2e.core.internal.builder.MavenBuilder$BuildMethod.getProjectFacade(MavenBuilder.java:154)
	at org.eclipse.m2e.core.internal.builder.MavenBuilder$BuildMethod$1.call(MavenBuilder.java:89)
	at org.eclipse.m2e.core.internal.embedder.MavenExecutionContext.executeBare(MavenExecutionContext.java:177)
	at org.eclipse.m2e.core.internal.embedder.MavenExecutionContext.execute(MavenExecutionContext.java:151)
	at org.eclipse.m2e.core.internal.embedder.MavenExecutionContext.execute(MavenExecutionContext.java:99)
	at org.eclipse.m2e.core.internal.builder.MavenBuilder$BuildMethod.execute(MavenBuilder.java:86)
	at org.eclipse.m2e.core.internal.builder.MavenBuilder.build(MavenBuilder.java:200)
	at org.eclipse.core.internal.events.BuildManager$2.run(BuildManager.java:735)
	at org.eclipse.core.runtime.SafeRunner.run(SafeRunner.java:42)
	at org.eclipse.core.internal.events.BuildManager.basicBuild(BuildManager.java:206)
	at org.eclipse.core.internal.events.BuildManager.basicBuild(BuildManager.java:246)
	at org.eclipse.core.internal.events.BuildManager$1.run(BuildManager.java:301)
	at org.eclipse.core.runtime.SafeRunner.run(SafeRunner.java:42)
	at org.eclipse.core.internal.events.BuildManager.basicBuild(BuildManager.java:304)
	at org.eclipse.core.internal.events.BuildManager.basicBuildLoop(BuildManager.java:360)
	at org.eclipse.core.internal.events.BuildManager.build(BuildManager.java:383)
	at org.eclipse.core.internal.events.AutoBuildJob.doBuild(AutoBuildJob.java:142)
	at org.eclipse.core.internal.events.AutoBuildJob.run(AutoBuildJob.java:232)
	at org.eclipse.core.internal.jobs.Worker.run(Worker.java:56)
Caused by: org.codehaus.plexus.util.xml.pull.XmlPullParserException: Duplicated tag: 'groupId' (position: START_TAG seen ...</scope>\n     \n            <groupId>... @24:22) 
	at org.apache.maven.model.io.xpp3.MavenXpp3Reader.checkFieldWithDuplicate(MavenXpp3Reader.java:140)
	at org.apache.maven.model.io.xpp3.MavenXpp3Reader.parseDependency(MavenXpp3Reader.java:1352)
	at org.apache.maven.model.io.xpp3.MavenXpp3Reader.parseModel(MavenXpp3Reader.java:2235)
	at org.apache.maven.model.io.xpp3.MavenXpp3Reader.read(MavenXpp3Reader.java:3845)
	at org.apache.maven.model.io.xpp3.MavenXpp3Reader.read(MavenXpp3Reader.java:595)
	at org.apache.maven.model.io.DefaultModelReader.read(DefaultModelReader.java:117)
	... 26 more

!ENTRY org.eclipse.m2e.logback.appender 2 0 2018-03-16 14:47:00.828
!MESSAGE Resource appears more than once on classpath, this is dangerous because it makes resolving this resource dependant on classpath ordering; location LICENSE.txt found in [jar:file:/Users/dijin/.m2/repository/org/apache/maven/plugins/maven-checkstyle-plugin/2.15/maven-checkstyle-plugin-2.15.jar!/LICENSE.txt, jar:file:/Users/dijin/.m2/repository/org/apache/struts/struts-core/1.3.8/struts-core-1.3.8.jar!/LICENSE.txt, jar:file:/Users/dijin/.m2/repository/org/apache/struts/struts-taglib/1.3.8/struts-taglib-1.3.8.jar!/LICENSE.txt, jar:file:/Users/dijin/.m2/repository/org/apache/struts/struts-tiles/1.3.8/struts-tiles-1.3.8.jar!/LICENSE.txt]

!ENTRY org.eclipse.m2e.logback.appender 4 0 2018-03-16 14:48:33.989
!MESSAGE Unable to find the marked element

!ENTRY org.eclipse.m2e.logback.appender 4 0 2018-03-16 14:50:45.655
!MESSAGE failed to load maven project for org.eclipse.ui.part.FileEditorInput(/smallapp/pom.xml)
!STACK 1
org.eclipse.core.runtime.CoreException: Could not read maven project
	at org.eclipse.m2e.core.internal.project.registry.ProjectRegistryManager.readProjectWithDependencies(ProjectRegistryManager.java:804)
	at org.eclipse.m2e.core.internal.project.registry.ProjectRegistryManager$6.call(ProjectRegistryManager.java:1010)
	at org.eclipse.m2e.core.internal.project.registry.ProjectRegistryManager$6.call(ProjectRegistryManager.java:1)
	at com.google.common.cache.LocalCache$LocalManualCache$1.load(LocalCache.java:5065)
	at com.google.common.cache.LocalCache$LoadingValueReference.loadFuture(LocalCache.java:3716)
	at com.google.common.cache.LocalCache$Segment.loadSync(LocalCache.java:2424)
	at com.google.common.cache.LocalCache$Segment.lockedGetOrLoad(LocalCache.java:2298)
	at com.google.common.cache.LocalCache$Segment.get(LocalCache.java:2211)
	at com.google.common.cache.LocalCache.get(LocalCache.java:4154)
	at com.google.common.cache.LocalCache$LocalManualCache.get(LocalCache.java:5060)
	at org.eclipse.m2e.core.internal.project.registry.ProjectRegistryManager.getMavenProject(ProjectRegistryManager.java:1008)
	at org.eclipse.m2e.core.internal.project.registry.MavenProjectFacade.getMavenProject(MavenProjectFacade.java:242)
	at org.eclipse.m2e.core.ui.internal.actions.SelectionUtil.getMavenProject(SelectionUtil.java:261)
	at org.eclipse.m2e.editor.pom.MavenPomEditor.readMavenProject(MavenPomEditor.java:742)
	at org.eclipse.m2e.editor.pom.MavenPomEditor$5.run(MavenPomEditor.java:1077)
	at org.eclipse.core.internal.jobs.Worker.run(Worker.java:56)
Contains: 1 problem was encountered while building the effective model
[FATAL] Non-parseable POM /Users/dijin/Library/Mobile Documents/com~apple~CloudDocs/GitHub/CS6367/smallapp/pom.xml: end tag name </dependencies> must match start tag name <plugin> from line 28 (position: TEXT seen ...</configuration>\n\n                </dependencies>... @42:32)  @ line 42, column 32
 for project  at /Users/dijin/Library/Mobile Documents/com~apple~CloudDocs/GitHub/CS6367/smallapp/pom.xml
org.apache.maven.project.ProjectBuildingException: 1 problem was encountered while building the effective model
[FATAL] Non-parseable POM /Users/dijin/Library/Mobile Documents/com~apple~CloudDocs/GitHub/CS6367/smallapp/pom.xml: end tag name </dependencies> must match start tag name <plugin> from line 28 (position: TEXT seen ...</configuration>\n\n                </dependencies>... @42:32)  @ line 42, column 32
 for project  at /Users/dijin/Library/Mobile Documents/com~apple~CloudDocs/GitHub/CS6367/smallapp/pom.xml
	at org.apache.maven.project.DefaultProjectBuilder.build(DefaultProjectBuilder.java:168)
	at org.apache.maven.project.DefaultProjectBuilder.build(DefaultProjectBuilder.java:119)
	at org.eclipse.m2e.core.internal.embedder.MavenImpl.readMavenProject(MavenImpl.java:636)
	at org.eclipse.m2e.core.internal.project.registry.ProjectRegistryManager$5.call(ProjectRegistryManager.java:816)
	at org.eclipse.m2e.core.internal.project.registry.ProjectRegistryManager$5.call(ProjectRegistryManager.java:1)
	at org.eclipse.m2e.core.internal.embedder.MavenExecutionContext.executeBare(MavenExecutionContext.java:177)
	at org.eclipse.m2e.core.internal.embedder.MavenExecutionContext.execute(MavenExecutionContext.java:151)
	at org.eclipse.m2e.core.internal.embedder.MavenExecutionContext.execute(MavenExecutionContext.java:99)
	at org.eclipse.m2e.core.internal.project.registry.ProjectRegistryManager.execute(ProjectRegistryManager.java:967)
	at org.eclipse.m2e.core.internal.project.registry.ProjectRegistryManager.readProjectWithDependencies(ProjectRegistryManager.java:811)
	at org.eclipse.m2e.core.internal.project.registry.ProjectRegistryManager.readProjectWithDependencies(ProjectRegistryManager.java:794)
	at org.eclipse.m2e.core.internal.project.registry.ProjectRegistryManager$6.call(ProjectRegistryManager.java:1010)
	at org.eclipse.m2e.core.internal.project.registry.ProjectRegistryManager$6.call(ProjectRegistryManager.java:1)
	at com.google.common.cache.LocalCache$LocalManualCache$1.load(LocalCache.java:5065)
	at com.google.common.cache.LocalCache$LoadingValueReference.loadFuture(LocalCache.java:3716)
	at com.google.common.cache.LocalCache$Segment.loadSync(LocalCache.java:2424)
	at com.google.common.cache.LocalCache$Segment.lockedGetOrLoad(LocalCache.java:2298)
	at com.google.common.cache.LocalCache$Segment.get(LocalCache.java:2211)
	at com.google.common.cache.LocalCache.get(LocalCache.java:4154)
	at com.google.common.cache.LocalCache$LocalManualCache.get(LocalCache.java:5060)
	at org.eclipse.m2e.core.internal.project.registry.ProjectRegistryManager.getMavenProject(ProjectRegistryManager.java:1008)
	at org.eclipse.m2e.core.internal.project.registry.MavenProjectFacade.getMavenProject(MavenProjectFacade.java:242)
	at org.eclipse.m2e.core.ui.internal.actions.SelectionUtil.getMavenProject(SelectionUtil.java:261)
	at org.eclipse.m2e.editor.pom.MavenPomEditor.readMavenProject(MavenPomEditor.java:742)
	at org.eclipse.m2e.editor.pom.MavenPomEditor$5.run(MavenPomEditor.java:1077)
	at org.eclipse.core.internal.jobs.Worker.run(Worker.java:56)
Caused by: org.apache.maven.model.building.ModelBuildingException: 1 problem was encountered while building the effective model
[FATAL] Non-parseable POM /Users/dijin/Library/Mobile Documents/com~apple~CloudDocs/GitHub/CS6367/smallapp/pom.xml: end tag name </dependencies> must match start tag name <plugin> from line 28 (position: TEXT seen ...</configuration>\n\n                </dependencies>... @42:32)  @ line 42, column 32

	at org.apache.maven.model.building.DefaultModelProblemCollector.newModelBuildingException(DefaultModelProblemCollector.java:197)
	at org.apache.maven.model.building.DefaultModelBuilder.readModel(DefaultModelBuilder.java:579)
	at org.apache.maven.model.building.DefaultModelBuilder.build(DefaultModelBuilder.java:273)
	at org.apache.maven.project.DefaultProjectBuilder.build(DefaultProjectBuilder.java:161)
	... 25 more
!SUBENTRY 1 org.eclipse.m2e.core 4 0 2018-03-16 14:50:45.656
!MESSAGE Could not read maven project
!SUBENTRY 2 org.eclipse.m2e.core 4 0 2018-03-16 14:50:45.656
!MESSAGE 1 problem was encountered while building the effective model
[FATAL] Non-parseable POM /Users/dijin/Library/Mobile Documents/com~apple~CloudDocs/GitHub/CS6367/smallapp/pom.xml: end tag name </dependencies> must match start tag name <plugin> from line 28 (position: TEXT seen ...</configuration>\n\n                </dependencies>... @42:32)  @ line 42, column 32
 for project  at /Users/dijin/Library/Mobile Documents/com~apple~CloudDocs/GitHub/CS6367/smallapp/pom.xml
!STACK 0
org.apache.maven.project.ProjectBuildingException: 1 problem was encountered while building the effective model
[FATAL] Non-parseable POM /Users/dijin/Library/Mobile Documents/com~apple~CloudDocs/GitHub/CS6367/smallapp/pom.xml: end tag name </dependencies> must match start tag name <plugin> from line 28 (position: TEXT seen ...</configuration>\n\n                </dependencies>... @42:32)  @ line 42, column 32
 for project  at /Users/dijin/Library/Mobile Documents/com~apple~CloudDocs/GitHub/CS6367/smallapp/pom.xml
	at org.apache.maven.project.DefaultProjectBuilder.build(DefaultProjectBuilder.java:168)
	at org.apache.maven.project.DefaultProjectBuilder.build(DefaultProjectBuilder.java:119)
	at org.eclipse.m2e.core.internal.embedder.MavenImpl.readMavenProject(MavenImpl.java:636)
	at org.eclipse.m2e.core.internal.project.registry.ProjectRegistryManager$5.call(ProjectRegistryManager.java:816)
	at org.eclipse.m2e.core.internal.project.registry.ProjectRegistryManager$5.call(ProjectRegistryManager.java:1)
	at org.eclipse.m2e.core.internal.embedder.MavenExecutionContext.executeBare(MavenExecutionContext.java:177)
	at org.eclipse.m2e.core.internal.embedder.MavenExecutionContext.execute(MavenExecutionContext.java:151)
	at org.eclipse.m2e.core.internal.embedder.MavenExecutionContext.execute(MavenExecutionContext.java:99)
	at org.eclipse.m2e.core.internal.project.registry.ProjectRegistryManager.execute(ProjectRegistryManager.java:967)
	at org.eclipse.m2e.core.internal.project.registry.ProjectRegistryManager.readProjectWithDependencies(ProjectRegistryManager.java:811)
	at org.eclipse.m2e.core.internal.project.registry.ProjectRegistryManager.readProjectWithDependencies(ProjectRegistryManager.java:794)
	at org.eclipse.m2e.core.internal.project.registry.ProjectRegistryManager$6.call(ProjectRegistryManager.java:1010)
	at org.eclipse.m2e.core.internal.project.registry.ProjectRegistryManager$6.call(ProjectRegistryManager.java:1)
	at com.google.common.cache.LocalCache$LocalManualCache$1.load(LocalCache.java:5065)
	at com.google.common.cache.LocalCache$LoadingValueReference.loadFuture(LocalCache.java:3716)
	at com.google.common.cache.LocalCache$Segment.loadSync(LocalCache.java:2424)
	at com.google.common.cache.LocalCache$Segment.lockedGetOrLoad(LocalCache.java:2298)
	at com.google.common.cache.LocalCache$Segment.get(LocalCache.java:2211)
	at com.google.common.cache.LocalCache.get(LocalCache.java:4154)
	at com.google.common.cache.LocalCache$LocalManualCache.get(LocalCache.java:5060)
	at org.eclipse.m2e.core.internal.project.registry.ProjectRegistryManager.getMavenProject(ProjectRegistryManager.java:1008)
	at org.eclipse.m2e.core.internal.project.registry.MavenProjectFacade.getMavenProject(MavenProjectFacade.java:242)
	at org.eclipse.m2e.core.ui.internal.actions.SelectionUtil.getMavenProject(SelectionUtil.java:261)
	at org.eclipse.m2e.editor.pom.MavenPomEditor.readMavenProject(MavenPomEditor.java:742)
	at org.eclipse.m2e.editor.pom.MavenPomEditor$5.run(MavenPomEditor.java:1077)
	at org.eclipse.core.internal.jobs.Worker.run(Worker.java:56)
Caused by: org.apache.maven.model.building.ModelBuildingException: 1 problem was encountered while building the effective model
[FATAL] Non-parseable POM /Users/dijin/Library/Mobile Documents/com~apple~CloudDocs/GitHub/CS6367/smallapp/pom.xml: end tag name </dependencies> must match start tag name <plugin> from line 28 (position: TEXT seen ...</configuration>\n\n                </dependencies>... @42:32)  @ line 42, column 32

	at org.apache.maven.model.building.DefaultModelProblemCollector.newModelBuildingException(DefaultModelProblemCollector.java:197)
	at org.apache.maven.model.building.DefaultModelBuilder.readModel(DefaultModelBuilder.java:579)
	at org.apache.maven.model.building.DefaultModelBuilder.build(DefaultModelBuilder.java:273)
	at org.apache.maven.project.DefaultProjectBuilder.build(DefaultProjectBuilder.java:161)
	... 25 more

!ENTRY org.eclipse.m2e.logback.appender 4 0 2018-03-16 14:50:45.779
!MESSAGE Could not read pom.xml
!STACK 1
org.eclipse.core.runtime.CoreException: Could not read pom.xml
	at org.eclipse.m2e.core.internal.embedder.MavenImpl.readModel(MavenImpl.java:565)
	at org.eclipse.m2e.core.internal.embedder.MavenImpl.readModel(MavenImpl.java:574)
	at org.eclipse.m2e.core.internal.project.registry.ProjectRegistryManager.refreshPhase2(ProjectRegistryManager.java:542)
	at org.eclipse.m2e.core.internal.project.registry.ProjectRegistryManager.refresh(ProjectRegistryManager.java:498)
	at org.eclipse.m2e.core.internal.project.registry.ProjectRegistryManager.refresh(ProjectRegistryManager.java:351)
	at org.eclipse.m2e.core.internal.project.registry.ProjectRegistryManager.refresh(ProjectRegistryManager.java:298)
	at org.eclipse.m2e.core.internal.builder.MavenBuilder$BuildMethod.getProjectFacade(MavenBuilder.java:154)
	at org.eclipse.m2e.core.internal.builder.MavenBuilder$BuildMethod$1.call(MavenBuilder.java:89)
	at org.eclipse.m2e.core.internal.embedder.MavenExecutionContext.executeBare(MavenExecutionContext.java:177)
	at org.eclipse.m2e.core.internal.embedder.MavenExecutionContext.execute(MavenExecutionContext.java:151)
	at org.eclipse.m2e.core.internal.embedder.MavenExecutionContext.execute(MavenExecutionContext.java:99)
	at org.eclipse.m2e.core.internal.builder.MavenBuilder$BuildMethod.execute(MavenBuilder.java:86)
	at org.eclipse.m2e.core.internal.builder.MavenBuilder.build(MavenBuilder.java:200)
	at org.eclipse.core.internal.events.BuildManager$2.run(BuildManager.java:735)
	at org.eclipse.core.runtime.SafeRunner.run(SafeRunner.java:42)
	at org.eclipse.core.internal.events.BuildManager.basicBuild(BuildManager.java:206)
	at org.eclipse.core.internal.events.BuildManager.basicBuild(BuildManager.java:246)
	at org.eclipse.core.internal.events.BuildManager$1.run(BuildManager.java:301)
	at org.eclipse.core.runtime.SafeRunner.run(SafeRunner.java:42)
	at org.eclipse.core.internal.events.BuildManager.basicBuild(BuildManager.java:304)
	at org.eclipse.core.internal.events.BuildManager.basicBuildLoop(BuildManager.java:360)
	at org.eclipse.core.internal.events.BuildManager.build(BuildManager.java:383)
	at org.eclipse.core.internal.events.AutoBuildJob.doBuild(AutoBuildJob.java:142)
	at org.eclipse.core.internal.events.AutoBuildJob.run(AutoBuildJob.java:232)
	at org.eclipse.core.internal.jobs.Worker.run(Worker.java:56)
Caused by: org.apache.maven.model.io.ModelParseException: end tag name </dependencies> must match start tag name <plugin> from line 28 (position: TEXT seen ...</configuration>\n\n                </dependencies>... @42:32) 
	at org.apache.maven.model.io.DefaultModelReader.read(DefaultModelReader.java:122)
	at org.apache.maven.model.io.DefaultModelReader.read(DefaultModelReader.java:86)
	at org.eclipse.m2e.core.internal.embedder.MavenImpl.readModel(MavenImpl.java:563)
	... 24 more
Caused by: org.codehaus.plexus.util.xml.pull.XmlPullParserException: end tag name </dependencies> must match start tag name <plugin> from line 28 (position: TEXT seen ...</configuration>\n\n                </dependencies>... @42:32) 
	at org.codehaus.plexus.util.xml.pull.MXParser.parseEndTag(MXParser.java:1727)
	at org.codehaus.plexus.util.xml.pull.MXParser.nextImpl(MXParser.java:1169)
	at org.codehaus.plexus.util.xml.pull.MXParser.next(MXParser.java:1131)
	at org.codehaus.plexus.util.xml.pull.MXParser.nextTag(MXParser.java:1118)
	at org.apache.maven.model.io.xpp3.MavenXpp3Reader.parsePlugin(MavenXpp3Reader.java:2713)
	at org.apache.maven.model.io.xpp3.MavenXpp3Reader.parseBuild(MavenXpp3Reader.java:988)
	at org.apache.maven.model.io.xpp3.MavenXpp3Reader.parseModel(MavenXpp3Reader.java:2277)
	at org.apache.maven.model.io.xpp3.MavenXpp3Reader.read(MavenXpp3Reader.java:3845)
	at org.apache.maven.model.io.xpp3.MavenXpp3Reader.read(MavenXpp3Reader.java:595)
	at org.apache.maven.model.io.DefaultModelReader.read(DefaultModelReader.java:117)
	... 26 more
!SUBENTRY 1 org.eclipse.m2e.core 4 -1 2018-03-16 14:50:45.779
!MESSAGE Could not read pom.xml
!STACK 0
org.apache.maven.model.io.ModelParseException: end tag name </dependencies> must match start tag name <plugin> from line 28 (position: TEXT seen ...</configuration>\n\n                </dependencies>... @42:32) 
	at org.apache.maven.model.io.DefaultModelReader.read(DefaultModelReader.java:122)
	at org.apache.maven.model.io.DefaultModelReader.read(DefaultModelReader.java:86)
	at org.eclipse.m2e.core.internal.embedder.MavenImpl.readModel(MavenImpl.java:563)
	at org.eclipse.m2e.core.internal.embedder.MavenImpl.readModel(MavenImpl.java:574)
	at org.eclipse.m2e.core.internal.project.registry.ProjectRegistryManager.refreshPhase2(ProjectRegistryManager.java:542)
	at org.eclipse.m2e.core.internal.project.registry.ProjectRegistryManager.refresh(ProjectRegistryManager.java:498)
	at org.eclipse.m2e.core.internal.project.registry.ProjectRegistryManager.refresh(ProjectRegistryManager.java:351)
	at org.eclipse.m2e.core.internal.project.registry.ProjectRegistryManager.refresh(ProjectRegistryManager.java:298)
	at org.eclipse.m2e.core.internal.builder.MavenBuilder$BuildMethod.getProjectFacade(MavenBuilder.java:154)
	at org.eclipse.m2e.core.internal.builder.MavenBuilder$BuildMethod$1.call(MavenBuilder.java:89)
	at org.eclipse.m2e.core.internal.embedder.MavenExecutionContext.executeBare(MavenExecutionContext.java:177)
	at org.eclipse.m2e.core.internal.embedder.MavenExecutionContext.execute(MavenExecutionContext.java:151)
	at org.eclipse.m2e.core.internal.embedder.MavenExecutionContext.execute(MavenExecutionContext.java:99)
	at org.eclipse.m2e.core.internal.builder.MavenBuilder$BuildMethod.execute(MavenBuilder.java:86)
	at org.eclipse.m2e.core.internal.builder.MavenBuilder.build(MavenBuilder.java:200)
	at org.eclipse.core.internal.events.BuildManager$2.run(BuildManager.java:735)
	at org.eclipse.core.runtime.SafeRunner.run(SafeRunner.java:42)
	at org.eclipse.core.internal.events.BuildManager.basicBuild(BuildManager.java:206)
	at org.eclipse.core.internal.events.BuildManager.basicBuild(BuildManager.java:246)
	at org.eclipse.core.internal.events.BuildManager$1.run(BuildManager.java:301)
	at org.eclipse.core.runtime.SafeRunner.run(SafeRunner.java:42)
	at org.eclipse.core.internal.events.BuildManager.basicBuild(BuildManager.java:304)
	at org.eclipse.core.internal.events.BuildManager.basicBuildLoop(BuildManager.java:360)
	at org.eclipse.core.internal.events.BuildManager.build(BuildManager.java:383)
	at org.eclipse.core.internal.events.AutoBuildJob.doBuild(AutoBuildJob.java:142)
	at org.eclipse.core.internal.events.AutoBuildJob.run(AutoBuildJob.java:232)
	at org.eclipse.core.internal.jobs.Worker.run(Worker.java:56)
Caused by: org.codehaus.plexus.util.xml.pull.XmlPullParserException: end tag name </dependencies> must match start tag name <plugin> from line 28 (position: TEXT seen ...</configuration>\n\n                </dependencies>... @42:32) 
	at org.codehaus.plexus.util.xml.pull.MXParser.parseEndTag(MXParser.java:1727)
	at org.codehaus.plexus.util.xml.pull.MXParser.nextImpl(MXParser.java:1169)
	at org.codehaus.plexus.util.xml.pull.MXParser.next(MXParser.java:1131)
	at org.codehaus.plexus.util.xml.pull.MXParser.nextTag(MXParser.java:1118)
	at org.apache.maven.model.io.xpp3.MavenXpp3Reader.parsePlugin(MavenXpp3Reader.java:2713)
	at org.apache.maven.model.io.xpp3.MavenXpp3Reader.parseBuild(MavenXpp3Reader.java:988)
	at org.apache.maven.model.io.xpp3.MavenXpp3Reader.parseModel(MavenXpp3Reader.java:2277)
	at org.apache.maven.model.io.xpp3.MavenXpp3Reader.read(MavenXpp3Reader.java:3845)
	at org.apache.maven.model.io.xpp3.MavenXpp3Reader.read(MavenXpp3Reader.java:595)
	at org.apache.maven.model.io.DefaultModelReader.read(DefaultModelReader.java:117)
	... 26 more

!ENTRY org.eclipse.m2e.logback.appender 4 0 2018-03-16 14:50:47.154
!MESSAGE Could not read pom.xml
!STACK 1
org.eclipse.core.runtime.CoreException: Could not read pom.xml
	at org.eclipse.m2e.core.internal.embedder.MavenImpl.readModel(MavenImpl.java:565)
	at org.eclipse.m2e.core.internal.embedder.MavenImpl.readModel(MavenImpl.java:574)
	at org.eclipse.m2e.core.internal.project.registry.ProjectRegistryManager.refreshPhase2(ProjectRegistryManager.java:542)
	at org.eclipse.m2e.core.internal.project.registry.ProjectRegistryManager.refresh(ProjectRegistryManager.java:498)
	at org.eclipse.m2e.core.internal.project.registry.ProjectRegistryManager.refresh(ProjectRegistryManager.java:351)
	at org.eclipse.m2e.core.internal.project.registry.ProjectRegistryManager.refresh(ProjectRegistryManager.java:298)
	at org.eclipse.m2e.core.internal.builder.MavenBuilder$BuildMethod.getProjectFacade(MavenBuilder.java:154)
	at org.eclipse.m2e.core.internal.builder.MavenBuilder$BuildMethod$1.call(MavenBuilder.java:89)
	at org.eclipse.m2e.core.internal.embedder.MavenExecutionContext.executeBare(MavenExecutionContext.java:177)
	at org.eclipse.m2e.core.internal.embedder.MavenExecutionContext.execute(MavenExecutionContext.java:151)
	at org.eclipse.m2e.core.internal.embedder.MavenExecutionContext.execute(MavenExecutionContext.java:99)
	at org.eclipse.m2e.core.internal.builder.MavenBuilder$BuildMethod.execute(MavenBuilder.java:86)
	at org.eclipse.m2e.core.internal.builder.MavenBuilder.build(MavenBuilder.java:200)
	at org.eclipse.core.internal.events.BuildManager$2.run(BuildManager.java:735)
	at org.eclipse.core.runtime.SafeRunner.run(SafeRunner.java:42)
	at org.eclipse.core.internal.events.BuildManager.basicBuild(BuildManager.java:206)
	at org.eclipse.core.internal.events.BuildManager.basicBuild(BuildManager.java:246)
	at org.eclipse.core.internal.events.BuildManager$1.run(BuildManager.java:301)
	at org.eclipse.core.runtime.SafeRunner.run(SafeRunner.java:42)
	at org.eclipse.core.internal.events.BuildManager.basicBuild(BuildManager.java:304)
	at org.eclipse.core.internal.events.BuildManager.basicBuildLoop(BuildManager.java:360)
	at org.eclipse.core.internal.events.BuildManager.build(BuildManager.java:383)
	at org.eclipse.core.internal.events.AutoBuildJob.doBuild(AutoBuildJob.java:142)
	at org.eclipse.core.internal.events.AutoBuildJob.run(AutoBuildJob.java:232)
	at org.eclipse.core.internal.jobs.Worker.run(Worker.java:56)
Caused by: org.apache.maven.model.io.ModelParseException: end tag name </dependencies> must match start tag name <plugin> from line 28 (position: TEXT seen ...</configuration>\n\n                </dependencies>... @42:32) 
	at org.apache.maven.model.io.DefaultModelReader.read(DefaultModelReader.java:122)
	at org.apache.maven.model.io.DefaultModelReader.read(DefaultModelReader.java:86)
	at org.eclipse.m2e.core.internal.embedder.MavenImpl.readModel(MavenImpl.java:563)
	... 24 more
Caused by: org.codehaus.plexus.util.xml.pull.XmlPullParserException: end tag name </dependencies> must match start tag name <plugin> from line 28 (position: TEXT seen ...</configuration>\n\n                </dependencies>... @42:32) 
	at org.codehaus.plexus.util.xml.pull.MXParser.parseEndTag(MXParser.java:1727)
	at org.codehaus.plexus.util.xml.pull.MXParser.nextImpl(MXParser.java:1169)
	at org.codehaus.plexus.util.xml.pull.MXParser.next(MXParser.java:1131)
	at org.codehaus.plexus.util.xml.pull.MXParser.nextTag(MXParser.java:1118)
	at org.apache.maven.model.io.xpp3.MavenXpp3Reader.parsePlugin(MavenXpp3Reader.java:2713)
	at org.apache.maven.model.io.xpp3.MavenXpp3Reader.parseBuild(MavenXpp3Reader.java:988)
	at org.apache.maven.model.io.xpp3.MavenXpp3Reader.parseModel(MavenXpp3Reader.java:2277)
	at org.apache.maven.model.io.xpp3.MavenXpp3Reader.read(MavenXpp3Reader.java:3845)
	at org.apache.maven.model.io.xpp3.MavenXpp3Reader.read(MavenXpp3Reader.java:595)
	at org.apache.maven.model.io.DefaultModelReader.read(DefaultModelReader.java:117)
	... 26 more
!SUBENTRY 1 org.eclipse.m2e.core 4 -1 2018-03-16 14:50:47.154
!MESSAGE Could not read pom.xml
!STACK 0
org.apache.maven.model.io.ModelParseException: end tag name </dependencies> must match start tag name <plugin> from line 28 (position: TEXT seen ...</configuration>\n\n                </dependencies>... @42:32) 
	at org.apache.maven.model.io.DefaultModelReader.read(DefaultModelReader.java:122)
	at org.apache.maven.model.io.DefaultModelReader.read(DefaultModelReader.java:86)
	at org.eclipse.m2e.core.internal.embedder.MavenImpl.readModel(MavenImpl.java:563)
	at org.eclipse.m2e.core.internal.embedder.MavenImpl.readModel(MavenImpl.java:574)
	at org.eclipse.m2e.core.internal.project.registry.ProjectRegistryManager.refreshPhase2(ProjectRegistryManager.java:542)
	at org.eclipse.m2e.core.internal.project.registry.ProjectRegistryManager.refresh(ProjectRegistryManager.java:498)
	at org.eclipse.m2e.core.internal.project.registry.ProjectRegistryManager.refresh(ProjectRegistryManager.java:351)
	at org.eclipse.m2e.core.internal.project.registry.ProjectRegistryManager.refresh(ProjectRegistryManager.java:298)
	at org.eclipse.m2e.core.internal.builder.MavenBuilder$BuildMethod.getProjectFacade(MavenBuilder.java:154)
	at org.eclipse.m2e.core.internal.builder.MavenBuilder$BuildMethod$1.call(MavenBuilder.java:89)
	at org.eclipse.m2e.core.internal.embedder.MavenExecutionContext.executeBare(MavenExecutionContext.java:177)
	at org.eclipse.m2e.core.internal.embedder.MavenExecutionContext.execute(MavenExecutionContext.java:151)
	at org.eclipse.m2e.core.internal.embedder.MavenExecutionContext.execute(MavenExecutionContext.java:99)
	at org.eclipse.m2e.core.internal.builder.MavenBuilder$BuildMethod.execute(MavenBuilder.java:86)
	at org.eclipse.m2e.core.internal.builder.MavenBuilder.build(MavenBuilder.java:200)
	at org.eclipse.core.internal.events.BuildManager$2.run(BuildManager.java:735)
	at org.eclipse.core.runtime.SafeRunner.run(SafeRunner.java:42)
	at org.eclipse.core.internal.events.BuildManager.basicBuild(BuildManager.java:206)
	at org.eclipse.core.internal.events.BuildManager.basicBuild(BuildManager.java:246)
	at org.eclipse.core.internal.events.BuildManager$1.run(BuildManager.java:301)
	at org.eclipse.core.runtime.SafeRunner.run(SafeRunner.java:42)
	at org.eclipse.core.internal.events.BuildManager.basicBuild(BuildManager.java:304)
	at org.eclipse.core.internal.events.BuildManager.basicBuildLoop(BuildManager.java:360)
	at org.eclipse.core.internal.events.BuildManager.build(BuildManager.java:383)
	at org.eclipse.core.internal.events.AutoBuildJob.doBuild(AutoBuildJob.java:142)
	at org.eclipse.core.internal.events.AutoBuildJob.run(AutoBuildJob.java:232)
	at org.eclipse.core.internal.jobs.Worker.run(Worker.java:56)
Caused by: org.codehaus.plexus.util.xml.pull.XmlPullParserException: end tag name </dependencies> must match start tag name <plugin> from line 28 (position: TEXT seen ...</configuration>\n\n                </dependencies>... @42:32) 
	at org.codehaus.plexus.util.xml.pull.MXParser.parseEndTag(MXParser.java:1727)
	at org.codehaus.plexus.util.xml.pull.MXParser.nextImpl(MXParser.java:1169)
	at org.codehaus.plexus.util.xml.pull.MXParser.next(MXParser.java:1131)
	at org.codehaus.plexus.util.xml.pull.MXParser.nextTag(MXParser.java:1118)
	at org.apache.maven.model.io.xpp3.MavenXpp3Reader.parsePlugin(MavenXpp3Reader.java:2713)
	at org.apache.maven.model.io.xpp3.MavenXpp3Reader.parseBuild(MavenXpp3Reader.java:988)
	at org.apache.maven.model.io.xpp3.MavenXpp3Reader.parseModel(MavenXpp3Reader.java:2277)
	at org.apache.maven.model.io.xpp3.MavenXpp3Reader.read(MavenXpp3Reader.java:3845)
	at org.apache.maven.model.io.xpp3.MavenXpp3Reader.read(MavenXpp3Reader.java:595)
	at org.apache.maven.model.io.DefaultModelReader.read(DefaultModelReader.java:117)
	... 26 more

!ENTRY org.eclipse.m2e.logback.appender 2 0 2018-03-16 14:52:53.349
!MESSAGE Resource appears more than once on classpath, this is dangerous because it makes resolving this resource dependant on classpath ordering; location LICENSE.txt found in [jar:file:/Users/dijin/.m2/repository/org/apache/maven/plugins/maven-checkstyle-plugin/2.15/maven-checkstyle-plugin-2.15.jar!/LICENSE.txt, jar:file:/Users/dijin/.m2/repository/org/apache/struts/struts-core/1.3.8/struts-core-1.3.8.jar!/LICENSE.txt, jar:file:/Users/dijin/.m2/repository/org/apache/struts/struts-taglib/1.3.8/struts-taglib-1.3.8.jar!/LICENSE.txt, jar:file:/Users/dijin/.m2/repository/org/apache/struts/struts-tiles/1.3.8/struts-tiles-1.3.8.jar!/LICENSE.txt]
!SESSION 2018-03-16 15:02:37.525 -----------------------------------------------
eclipse.buildId=4.7.1.M20171009-0410
java.version=1.8.0_144
java.vendor=Oracle Corporation
BootLoader constants: OS=macosx, ARCH=x86_64, WS=cocoa, NL=zh_CN
Framework arguments:  -product org.eclipse.epp.package.java.product -keyring /Users/dijin/.eclipse_keyring
Command-line arguments:  -os macosx -ws cocoa -arch x86_64 -product org.eclipse.epp.package.java.product -keyring /Users/dijin/.eclipse_keyring

!ENTRY org.eclipse.core.net 1 0 2018-03-16 15:02:42.868
!MESSAGE System property http.nonProxyHosts has been set to local|*.local|169.254/16|*.169.254/16 by an external source. This value will be overwritten using the values from the preferences

!ENTRY org.eclipse.m2e.logback.appender 2 0 2018-03-16 15:04:20.787
!MESSAGE Resource appears more than once on classpath, this is dangerous because it makes resolving this resource dependant on classpath ordering; location LICENSE.txt found in [jar:file:/Users/dijin/.m2/repository/org/apache/maven/plugins/maven-checkstyle-plugin/2.15/maven-checkstyle-plugin-2.15.jar!/LICENSE.txt, jar:file:/Users/dijin/.m2/repository/org/apache/struts/struts-core/1.3.8/struts-core-1.3.8.jar!/LICENSE.txt, jar:file:/Users/dijin/.m2/repository/org/apache/struts/struts-taglib/1.3.8/struts-taglib-1.3.8.jar!/LICENSE.txt, jar:file:/Users/dijin/.m2/repository/org/apache/struts/struts-tiles/1.3.8/struts-tiles-1.3.8.jar!/LICENSE.txt]

!ENTRY org.eclipse.m2e.logback.appender 2 0 2018-03-16 15:04:21.034
!MESSAGE Resource appears more than once on classpath, this is dangerous because it makes resolving this resource dependant on classpath ordering; location LICENSE.txt found in [jar:file:/Users/dijin/.m2/repository/org/apache/maven/plugins/maven-checkstyle-plugin/2.15/maven-checkstyle-plugin-2.15.jar!/LICENSE.txt, jar:file:/Users/dijin/.m2/repository/org/apache/struts/struts-core/1.3.8/struts-core-1.3.8.jar!/LICENSE.txt, jar:file:/Users/dijin/.m2/repository/org/apache/struts/struts-taglib/1.3.8/struts-taglib-1.3.8.jar!/LICENSE.txt, jar:file:/Users/dijin/.m2/repository/org/apache/struts/struts-tiles/1.3.8/struts-tiles-1.3.8.jar!/LICENSE.txt]
